<?xml version="1.0" encoding="UTF-8"?>
<coverage generated="1775718568587" clover="3.2.0">
  <project timestamp="1775718568587" name="All files">
    <metrics statements="681" coveredstatements="426" conditionals="732" coveredconditionals="329" methods="100" coveredmethods="80" elements="1513" coveredelements="835" complexity="0" loc="681" ncloc="681" packages="3" files="11" classes="11"/>
    <package name="controllers">
      <metrics statements="644" coveredstatements="399" conditionals="704" coveredconditionals="310" methods="95" coveredmethods="76"/>
      <file name="auth.controller.js" path="C:\Users\mymai\Desktop\alokit\backend\src\controllers\auth.controller.js">
        <metrics statements="75" coveredstatements="63" conditionals="38" coveredconditionals="23" methods="7" coveredmethods="6"/>
        <line num="9" count="6" type="stmt"/>
        <line num="22" count="6" type="stmt"/>
        <line num="23" count="2" type="stmt"/>
        <line num="25" count="2" type="stmt"/>
        <line num="26" count="2" type="stmt"/>
        <line num="27" count="2" type="cond" truecount="2" falsecount="0"/>
        <line num="28" count="1" type="stmt"/>
        <line num="31" count="1" type="stmt"/>
        <line num="39" count="1" type="stmt"/>
        <line num="41" count="1" type="stmt"/>
        <line num="51" count="6" type="stmt"/>
        <line num="52" count="3" type="stmt"/>
        <line num="54" count="3" type="stmt"/>
        <line num="56" count="3" type="cond" truecount="1" falsecount="1"/>
        <line num="57" count="0" type="stmt"/>
        <line num="60" count="3" type="cond" truecount="2" falsecount="0"/>
        <line num="61" count="1" type="stmt"/>
        <line num="64" count="2" type="stmt"/>
        <line num="66" count="2" type="cond" truecount="2" falsecount="0"/>
        <line num="67" count="1" type="stmt"/>
        <line num="70" count="1" type="stmt"/>
        <line num="71" count="1" type="stmt"/>
        <line num="73" count="1" type="stmt"/>
        <line num="75" count="1" type="stmt"/>
        <line num="85" count="6" type="stmt"/>
        <line num="86" count="0" type="stmt"/>
        <line num="93" count="6" type="stmt"/>
        <line num="94" count="2" type="stmt"/>
        <line num="96" count="2" type="stmt"/>
        <line num="98" count="2" type="cond" truecount="1" falsecount="1"/>
        <line num="99" count="0" type="stmt"/>
        <line num="102" count="2" type="cond" truecount="2" falsecount="0"/>
        <line num="103" count="1" type="stmt"/>
        <line num="106" count="1" type="cond" truecount="1" falsecount="1"/>
        <line num="107" count="0" type="stmt"/>
        <line num="110" count="1" type="stmt"/>
        <line num="112" count="1" type="cond" truecount="1" falsecount="1"/>
        <line num="113" count="0" type="stmt"/>
        <line num="116" count="1" type="stmt"/>
        <line num="117" count="1" type="stmt"/>
        <line num="119" count="1" type="stmt"/>
        <line num="121" count="1" type="stmt"/>
        <line num="131" count="6" type="stmt"/>
        <line num="132" count="2" type="stmt"/>
        <line num="133" count="2" type="stmt"/>
        <line num="137" count="2" type="cond" truecount="1" falsecount="1"/>
        <line num="138" count="0" type="stmt"/>
        <line num="145" count="2" type="stmt"/>
        <line num="146" count="2" type="stmt"/>
        <line num="148" count="2" type="stmt"/>
        <line num="149" count="2" type="cond" truecount="1" falsecount="1"/>
        <line num="151" count="2" type="stmt"/>
        <line num="152" count="2" type="stmt"/>
        <line num="153" count="2" type="stmt"/>
        <line num="161" count="2" type="stmt"/>
        <line num="174" count="0" type="stmt"/>
        <line num="175" count="0" type="stmt"/>
        <line num="176" count="0" type="stmt"/>
        <line num="178" count="0" type="stmt"/>
        <line num="182" count="6" type="stmt"/>
        <line num="183" count="1" type="cond" truecount="2" falsecount="0"/>
        <line num="184" count="1" type="stmt"/>
        <line num="186" count="1" type="stmt"/>
        <line num="191" count="1" type="cond" truecount="1" falsecount="1"/>
        <line num="192" count="0" type="stmt"/>
        <line num="195" count="1" type="stmt"/>
        <line num="196" count="1" type="stmt"/>
        <line num="197" count="1" type="stmt"/>
        <line num="198" count="1" type="stmt"/>
        <line num="200" count="1" type="stmt"/>
        <line num="201" count="1" type="stmt"/>
        <line num="202" count="1" type="stmt"/>
        <line num="207" count="0" type="stmt"/>
        <line num="217" count="1" type="stmt"/>
        <line num="219" count="1" type="stmt"/>
      </file>
      <file name="cart.controller.js" path="C:\Users\mymai\Desktop\alokit\backend\src\controllers\cart.controller.js">
        <metrics statements="79" coveredstatements="48" conditionals="78" coveredconditionals="31" methods="13" coveredmethods="9"/>
        <line num="7" count="6" type="cond" truecount="0" falsecount="2"/>
        <line num="8" count="16" type="cond" truecount="1" falsecount="1"/>
        <line num="9" count="0" type="stmt"/>
        <line num="12" count="16" type="cond" truecount="4" falsecount="0"/>
        <line num="13" count="1" type="stmt"/>
        <line num="16" count="15" type="cond" truecount="2" falsecount="0"/>
        <line num="17" count="1" type="stmt"/>
        <line num="20" count="14" type="cond" truecount="2" falsecount="0"/>
        <line num="21" count="2" type="stmt"/>
        <line num="25" count="6" type="stmt"/>
        <line num="26" count="14" type="stmt"/>
        <line num="28" count="14" type="cond" truecount="2" falsecount="0"/>
        <line num="29" count="12" type="stmt"/>
        <line num="35" count="14" type="stmt"/>
        <line num="38" count="6" type="stmt"/>
        <line num="39" count="13" type="cond" truecount="1" falsecount="1"/>
        <line num="40" count="13" type="stmt"/>
        <line num="46" count="13" type="cond" truecount="1" falsecount="1"/>
        <line num="47" count="0" type="stmt"/>
        <line num="50" count="13" type="stmt"/>
        <line num="52" count="13" type="stmt"/>
        <line num="53" count="12" type="stmt"/>
        <line num="54" count="12" type="stmt"/>
        <line num="57" count="12" type="stmt"/>
        <line num="75" count="13" type="stmt"/>
        <line num="85" count="6" type="stmt"/>
        <line num="86" count="15" type="stmt"/>
        <line num="88" count="15" type="stmt"/>
        <line num="90" count="15" type="stmt"/>
        <line num="91" count="15" type="stmt"/>
        <line num="95" count="12" type="stmt"/>
        <line num="96" count="12" type="stmt"/>
        <line num="97" count="0" type="stmt"/>
        <line num="100" count="12" type="cond" truecount="1" falsecount="1"/>
        <line num="101" count="0" type="stmt"/>
        <line num="102" count="0" type="stmt"/>
        <line num="106" count="0" type="stmt"/>
        <line num="107" count="0" type="cond" truecount="0" falsecount="3"/>
        <line num="108" count="0" type="cond" truecount="0" falsecount="2"/>
        <line num="109" count="0" type="stmt"/>
        <line num="110" count="0" type="cond" truecount="0" falsecount="3"/>
        <line num="111" count="0" type="stmt"/>
        <line num="120" count="12" type="stmt"/>
        <line num="139" count="12" type="stmt"/>
        <line num="141" count="12" type="stmt"/>
        <line num="143" count="12" type="stmt"/>
        <line num="150" count="6" type="stmt"/>
        <line num="151" count="1" type="stmt"/>
        <line num="152" count="1" type="stmt"/>
        <line num="154" count="1" type="stmt"/>
        <line num="161" count="6" type="stmt"/>
        <line num="162" count="1" type="stmt"/>
        <line num="163" count="1" type="stmt"/>
        <line num="164" count="1" type="stmt"/>
        <line num="166" count="1" type="cond" truecount="1" falsecount="1"/>
        <line num="167" count="0" type="stmt"/>
        <line num="170" count="1" type="stmt"/>
        <line num="171" count="1" type="stmt"/>
        <line num="175" count="0" type="stmt"/>
        <line num="176" count="0" type="cond" truecount="0" falsecount="2"/>
        <line num="177" count="0" type="stmt"/>
        <line num="179" count="0" type="stmt"/>
        <line num="181" count="0" type="stmt"/>
        <line num="188" count="6" type="stmt"/>
        <line num="189" count="0" type="stmt"/>
        <line num="190" count="0" type="stmt"/>
        <line num="192" count="0" type="stmt"/>
        <line num="193" count="0" type="stmt"/>
        <line num="196" count="0" type="cond" truecount="0" falsecount="2"/>
        <line num="197" count="0" type="stmt"/>
        <line num="200" count="0" type="stmt"/>
        <line num="202" count="0" type="stmt"/>
        <line num="204" count="0" type="stmt"/>
        <line num="211" count="6" type="stmt"/>
        <line num="212" count="0" type="stmt"/>
        <line num="213" count="0" type="stmt"/>
        <line num="214" count="0" type="stmt"/>
        <line num="216" count="0" type="stmt"/>
        <line num="218" count="0" type="stmt"/>
      </file>
      <file name="category.controller.js" path="C:\Users\mymai\Desktop\alokit\backend\src\controllers\category.controller.js">
        <metrics statements="42" coveredstatements="15" conditionals="20" coveredconditionals="3" methods="5" coveredmethods="2"/>
        <line num="7" count="6" type="stmt"/>
        <line num="8" count="3" type="stmt"/>
        <line num="10" count="3" type="stmt"/>
        <line num="12" count="3" type="stmt"/>
        <line num="16" count="3" type="cond" truecount="2" falsecount="0"/>
        <line num="17" count="1" type="stmt"/>
        <line num="20" count="2" type="stmt"/>
        <line num="28" count="2" type="stmt"/>
        <line num="35" count="6" type="stmt"/>
        <line num="36" count="0" type="stmt"/>
        <line num="38" count="0" type="stmt"/>
        <line num="46" count="6" type="stmt"/>
        <line num="47" count="1" type="stmt"/>
        <line num="49" count="1" type="cond" truecount="1" falsecount="1"/>
        <line num="50" count="0" type="stmt"/>
        <line num="53" count="1" type="stmt"/>
        <line num="60" count="6" type="stmt"/>
        <line num="61" count="0" type="stmt"/>
        <line num="62" count="0" type="stmt"/>
        <line num="64" count="0" type="cond" truecount="0" falsecount="2"/>
        <line num="65" count="0" type="stmt"/>
        <line num="68" count="0" type="stmt"/>
        <line num="70" count="0" type="cond" truecount="0" falsecount="2"/>
        <line num="71" count="0" type="stmt"/>
        <line num="72" count="0" type="stmt"/>
        <line num="77" count="0" type="cond" truecount="0" falsecount="2"/>
        <line num="78" count="0" type="stmt"/>
        <line num="81" count="0" type="stmt"/>
        <line num="82" count="0" type="stmt"/>
        <line num="85" count="0" type="cond" truecount="0" falsecount="2"/>
        <line num="86" count="0" type="cond" truecount="0" falsecount="2"/>
        <line num="87" count="0" type="cond" truecount="0" falsecount="2"/>
        <line num="89" count="0" type="stmt"/>
        <line num="94" count="0" type="stmt"/>
        <line num="101" count="6" type="stmt"/>
        <line num="102" count="0" type="stmt"/>
        <line num="104" count="0" type="cond" truecount="0" falsecount="2"/>
        <line num="105" count="0" type="stmt"/>
        <line num="108" count="0" type="stmt"/>
        <line num="110" count="0" type="cond" truecount="0" falsecount="2"/>
        <line num="111" count="0" type="stmt"/>
        <line num="114" count="0" type="stmt"/>
      </file>
      <file name="order.controller.js" path="C:\Users\mymai\Desktop\alokit\backend\src\controllers\order.controller.js">
        <metrics statements="81" coveredstatements="56" conditionals="93" coveredconditionals="46" methods="13" coveredmethods="11"/>
        <line num="11" count="6" type="cond" truecount="1" falsecount="1"/>
        <line num="18" count="6" type="stmt"/>
        <line num="19" count="11" type="cond" truecount="1" falsecount="1"/>
        <line num="21" count="11" type="stmt"/>
        <line num="28" count="6" type="cond" truecount="0" falsecount="1"/>
        <line num="29" count="11" type="cond" truecount="1" falsecount="1"/>
        <line num="30" count="0" type="stmt"/>
        <line num="33" count="11" type="cond" truecount="3" falsecount="1"/>
        <line num="34" count="0" type="cond" truecount="0" falsecount="2"/>
        <line num="37" count="11" type="cond" truecount="1" falsecount="1"/>
        <line num="38" count="0" type="cond" truecount="0" falsecount="2"/>
        <line num="41" count="11" type="cond" truecount="2" falsecount="0"/>
        <line num="42" count="1" type="stmt"/>
        <line num="49" count="6" type="stmt"/>
        <line num="50" count="11" type="stmt"/>
        <line num="52" count="11" type="stmt"/>
        <line num="53" count="11" type="stmt"/>
        <line num="54" count="11" type="stmt"/>
        <line num="57" count="11" type="cond" truecount="1" falsecount="1"/>
        <line num="58" count="0" type="stmt"/>
        <line num="60" count="11" type="cond" truecount="1" falsecount="1"/>
        <line num="62" count="10" type="stmt"/>
        <line num="93" count="10" type="stmt"/>
        <line num="96" count="6" type="stmt"/>
        <line num="97" count="10" type="cond" truecount="1" falsecount="1"/>
        <line num="98" count="10" type="stmt"/>
        <line num="108" count="0" type="cond" truecount="0" falsecount="2"/>
        <line num="109" count="0" type="stmt"/>
        <line num="112" count="0" type="stmt"/>
        <line num="113" count="0" type="stmt"/>
        <line num="123" count="0" type="cond" truecount="0" falsecount="2"/>
        <line num="127" count="6" type="stmt"/>
        <line num="128" count="1" type="stmt"/>
        <line num="132" count="6" type="stmt"/>
        <line num="133" count="12" type="stmt"/>
        <line num="135" count="12" type="cond" truecount="4" falsecount="0"/>
        <line num="136" count="1" type="stmt"/>
        <line num="139" count="11" type="stmt"/>
        <line num="141" count="11" type="cond" truecount="1" falsecount="1"/>
        <line num="142" count="0" type="stmt"/>
        <line num="145" count="11" type="stmt"/>
        <line num="147" count="10" type="stmt"/>
        <line num="161" count="10" type="stmt"/>
        <line num="162" count="10" type="stmt"/>
        <line num="164" count="10" type="stmt"/>
        <line num="165" count="10" type="stmt"/>
        <line num="167" count="10" type="stmt"/>
        <line num="183" count="0" type="stmt"/>
        <line num="184" count="0" type="stmt"/>
        <line num="188" count="6" type="stmt"/>
        <line num="189" count="0" type="stmt"/>
        <line num="193" count="0" type="stmt"/>
        <line num="205" count="6" type="stmt"/>
        <line num="206" count="1" type="stmt"/>
        <line num="208" count="1" type="cond" truecount="1" falsecount="1"/>
        <line num="209" count="0" type="stmt"/>
        <line num="212" count="1" type="stmt"/>
        <line num="213" count="1" type="stmt"/>
        <line num="215" count="1" type="cond" truecount="3" falsecount="1"/>
        <line num="216" count="1" type="stmt"/>
        <line num="219" count="0" type="stmt"/>
        <line num="226" count="6" type="stmt"/>
        <line num="227" count="1" type="cond" truecount="2" falsecount="0"/>
        <line num="228" count="1" type="cond" truecount="2" falsecount="0"/>
        <line num="229" count="1" type="stmt"/>
        <line num="230" count="1" type="stmt"/>
        <line num="232" count="1" type="cond" truecount="1" falsecount="1"/>
        <line num="233" count="0" type="stmt"/>
        <line num="236" count="1" type="cond" truecount="1" falsecount="1"/>
        <line num="237" count="0" type="stmt"/>
        <line num="240" count="1" type="stmt"/>
        <line num="241" count="1" type="stmt"/>
        <line num="247" count="1" type="stmt"/>
        <line num="259" count="6" type="stmt"/>
        <line num="260" count="0" type="stmt"/>
        <line num="262" count="0" type="cond" truecount="0" falsecount="2"/>
        <line num="263" count="0" type="stmt"/>
        <line num="266" count="0" type="stmt"/>
        <line num="267" count="0" type="stmt"/>
        <line num="269" count="0" type="stmt"/>
        <line num="271" count="0" type="stmt"/>
      </file>
      <file name="payment.controller.js" path="C:\Users\mymai\Desktop\alokit\backend\src\controllers\payment.controller.js">
        <metrics statements="73" coveredstatements="59" conditionals="58" coveredconditionals="39" methods="8" coveredmethods="8"/>
        <line num="10" count="6" type="cond" truecount="1" falsecount="2"/>
        <line num="12" count="6" type="stmt"/>
        <line num="13" count="6" type="cond" truecount="1" falsecount="1"/>
        <line num="14" count="0" type="stmt"/>
        <line num="17" count="6" type="cond" truecount="2" falsecount="0"/>
        <line num="18" count="1" type="stmt"/>
        <line num="21" count="5" type="cond" truecount="1" falsecount="1"/>
        <line num="22" count="0" type="stmt"/>
        <line num="26" count="6" type="stmt"/>
        <line num="27" count="2" type="cond" truecount="2" falsecount="0"/>
        <line num="28" count="1" type="stmt"/>
        <line num="31" count="1" type="stmt"/>
        <line num="32" count="1" type="stmt"/>
        <line num="44" count="6" type="stmt"/>
        <line num="45" count="1" type="stmt"/>
        <line num="57" count="6" type="stmt"/>
        <line num="64" count="5" type="cond" truecount="2" falsecount="0"/>
        <line num="65" count="1" type="stmt"/>
        <line num="68" count="4" type="stmt"/>
        <line num="69" count="4" type="stmt"/>
        <line num="74" count="4" type="cond" truecount="1" falsecount="1"/>
        <line num="75" count="0" type="stmt"/>
        <line num="78" count="4" type="stmt"/>
        <line num="79" count="4" type="stmt"/>
        <line num="80" count="4" type="stmt"/>
        <line num="82" count="4" type="stmt"/>
        <line num="83" count="4" type="stmt"/>
        <line num="84" count="4" type="cond" truecount="1" falsecount="1"/>
        <line num="88" count="4" type="cond" truecount="1" falsecount="1"/>
        <line num="89" count="0" type="stmt"/>
        <line num="92" count="4" type="cond" truecount="3" falsecount="1"/>
        <line num="93" count="0" type="stmt"/>
        <line num="96" count="4" type="cond" truecount="2" falsecount="0"/>
        <line num="97" count="1" type="stmt"/>
        <line num="100" count="3" type="cond" truecount="1" falsecount="1"/>
        <line num="101" count="0" type="stmt"/>
        <line num="104" count="3" type="stmt"/>
        <line num="105" count="3" type="cond" truecount="2" falsecount="0"/>
        <line num="106" count="3" type="stmt"/>
        <line num="107" count="3" type="stmt"/>
        <line num="109" count="3" type="stmt"/>
        <line num="115" count="3" type="stmt"/>
        <line num="116" count="3" type="stmt"/>
        <line num="137" count="3" type="cond" truecount="1" falsecount="1"/>
        <line num="138" count="0" type="cond" truecount="0" falsecount="2"/>
        <line num="139" count="0" type="stmt"/>
        <line num="140" count="0" type="stmt"/>
        <line num="143" count="0" type="stmt"/>
        <line num="144" count="0" type="cond" truecount="0" falsecount="2"/>
        <line num="145" count="0" type="stmt"/>
        <line num="148" count="0" type="stmt"/>
        <line num="151" count="3" type="stmt"/>
        <line num="153" count="3" type="stmt"/>
        <line num="159" count="2" type="stmt"/>
        <line num="161" count="2" type="cond" truecount="1" falsecount="1"/>
        <line num="162" count="2" type="cond" truecount="2" falsecount="0"/>
        <line num="163" count="1" type="stmt"/>
        <line num="166" count="2" type="cond" truecount="1" falsecount="1"/>
        <line num="167" count="2" type="stmt"/>
        <line num="171" count="2" type="stmt"/>
        <line num="175" count="6" type="stmt"/>
        <line num="176" count="7" type="stmt"/>
        <line num="178" count="7" type="cond" truecount="3" falsecount="1"/>
        <line num="179" count="0" type="stmt"/>
        <line num="183" count="7" type="cond" truecount="4" falsecount="0"/>
        <line num="188" count="7" type="cond" truecount="2" falsecount="0"/>
        <line num="197" count="7" type="cond" truecount="2" falsecount="0"/>
        <line num="198" count="1" type="stmt"/>
        <line num="201" count="6" type="stmt"/>
        <line num="202" count="6" type="cond" truecount="1" falsecount="1"/>
        <line num="206" count="6" type="stmt"/>
        <line num="212" count="5" type="stmt"/>
        <line num="221" count="3" type="stmt"/>
      </file>
      <file name="product.controller.js" path="C:\Users\mymai\Desktop\alokit\backend\src\controllers\product.controller.js">
        <metrics statements="240" coveredstatements="144" conditionals="385" coveredconditionals="165" methods="44" coveredmethods="39"/>
        <line num="13" count="6" type="stmt"/>
        <line num="18" count="6" type="cond" truecount="0" falsecount="1"/>
        <line num="19" count="20" type="cond" truecount="2" falsecount="0"/>
        <line num="20" count="20" type="cond" truecount="1" falsecount="1"/>
        <line num="21" count="20" type="stmt"/>
        <line num="23" count="20" type="stmt"/>
        <line num="34" count="22" type="cond" truecount="1" falsecount="0"/>
        <line num="46" count="6" type="stmt"/>
        <line num="48" count="6" type="cond" truecount="1" falsecount="0"/>
        <line num="49" count="20" type="cond" truecount="2" falsecount="0"/>
        <line num="50" count="20" type="cond" truecount="1" falsecount="1"/>
        <line num="51" count="20" type="stmt"/>
        <line num="58" count="20" type="cond" truecount="2" falsecount="0"/>
        <line num="60" count="20" type="cond" truecount="1" falsecount="2"/>
        <line num="61" count="20" type="cond" truecount="1" falsecount="3"/>
        <line num="62" count="20" type="cond" truecount="1" falsecount="1"/>
        <line num="70" count="20" type="stmt"/>
        <line num="72" count="20" type="stmt"/>
        <line num="74" count="21" type="stmt"/>
        <line num="80" count="21" type="stmt"/>
        <line num="117" count="6" type="stmt"/>
        <line num="118" count="7" type="cond" truecount="2" falsecount="0"/>
        <line num="119" count="2" type="stmt"/>
        <line num="122" count="5" type="cond" truecount="1" falsecount="1"/>
        <line num="123" count="0" type="stmt"/>
        <line num="125" count="0" type="stmt"/>
        <line num="129" count="5" type="stmt"/>
        <line num="132" count="6" type="stmt"/>
        <line num="140" count="27" type="cond" truecount="4" falsecount="0"/>
        <line num="148" count="27" type="stmt"/>
        <line num="150" count="28" type="cond" truecount="2" falsecount="0"/>
        <line num="151" count="1" type="stmt"/>
        <line num="159" count="27" type="cond" truecount="3" falsecount="1"/>
        <line num="160" count="27" type="stmt"/>
        <line num="168" count="0" type="stmt"/>
        <line num="170" count="28" type="stmt"/>
        <line num="172" count="27" type="cond" truecount="3" falsecount="1"/>
        <line num="173" count="0" type="stmt"/>
        <line num="176" count="28" type="stmt"/>
        <line num="179" count="28" type="cond" truecount="1" falsecount="1"/>
        <line num="183" count="7" type="stmt"/>
        <line num="185" count="6" type="cond" truecount="0" falsecount="3"/>
        <line num="186" count="5" type="stmt"/>
        <line num="188" count="6" type="stmt"/>
        <line num="193" count="6" type="stmt"/>
        <line num="202" count="6" type="stmt"/>
        <line num="203" count="1" type="stmt"/>
        <line num="209" count="1" type="stmt"/>
        <line num="212" count="6" type="stmt"/>
        <line num="213" count="1" type="stmt"/>
        <line num="214" count="1" type="cond" truecount="1" falsecount="1"/>
        <line num="215" count="1" type="stmt"/>
        <line num="217" count="1" type="stmt"/>
        <line num="220" count="6" type="cond" truecount="0" falsecount="1"/>
        <line num="221" count="1" type="stmt"/>
        <line num="222" count="0" type="cond" truecount="1" falsecount="1"/>
        <line num="226" count="6" type="stmt"/>
        <line num="227" count="8" type="cond" truecount="1" falsecount="5"/>
        <line num="229" count="0" type="stmt"/>
        <line num="231" count="0" type="stmt"/>
        <line num="233" count="0" type="stmt"/>
        <line num="235" count="0" type="stmt"/>
        <line num="238" count="8" type="stmt"/>
        <line num="242" count="6" type="cond" truecount="0" falsecount="2"/>
        <line num="243" count="6" type="stmt"/>
        <line num="244" count="113" type="stmt"/>
        <line num="245" count="6" type="cond" truecount="2" falsecount="1"/>
        <line num="246" count="6" type="cond" truecount="1" falsecount="2"/>
        <line num="247" count="6" type="cond" truecount="1" falsecount="3"/>
        <line num="248" count="6" type="cond" truecount="2" falsecount="0"/>
        <line num="257" count="6" type="cond" truecount="3" falsecount="0"/>
        <line num="259" count="6" type="stmt"/>
        <line num="289" count="6" type="stmt"/>
        <line num="376" count="6" type="cond" truecount="0" falsecount="1"/>
        <line num="377" count="8" type="stmt"/>
        <line num="379" count="8" type="cond" truecount="1" falsecount="1"/>
        <line num="380" count="0" type="stmt"/>
        <line num="383" count="8" type="cond" truecount="1" falsecount="1"/>
        <line num="384" count="0" type="stmt"/>
        <line num="387" count="8" type="cond" truecount="1" falsecount="1"/>
        <line num="388" count="0" type="stmt"/>
        <line num="391" count="8" type="cond" truecount="1" falsecount="1"/>
        <line num="392" count="0" type="stmt"/>
        <line num="395" count="8" type="cond" truecount="1" falsecount="1"/>
        <line num="396" count="0" type="stmt"/>
        <line num="399" count="8" type="cond" truecount="1" falsecount="1"/>
        <line num="400" count="0" type="stmt"/>
        <line num="403" count="8" type="cond" truecount="2" falsecount="0"/>
        <line num="404" count="1" type="cond" truecount="1" falsecount="1"/>
        <line num="407" count="8" type="cond" truecount="1" falsecount="1"/>
        <line num="408" count="0" type="stmt"/>
        <line num="411" count="8" type="cond" truecount="2" falsecount="0"/>
        <line num="412" count="1" type="stmt"/>
        <line num="415" count="8" type="cond" truecount="3" falsecount="1"/>
        <line num="416" count="0" type="stmt"/>
        <line num="417" count="0" type="stmt"/>
        <line num="418" count="0" type="stmt"/>
        <line num="422" count="0" type="cond" truecount="0" falsecount="2"/>
        <line num="423" count="0" type="stmt"/>
        <line num="428" count="0" type="cond" truecount="0" falsecount="2"/>
        <line num="429" count="0" type="stmt"/>
        <line num="434" count="0" type="cond" truecount="0" falsecount="2"/>
        <line num="437" count="8" type="cond" truecount="1" falsecount="1"/>
        <line num="438" count="0" type="stmt"/>
        <line num="445" count="0" type="cond" truecount="0" falsecount="2"/>
        <line num="446" count="0" type="stmt"/>
        <line num="447" count="0" type="stmt"/>
        <line num="449" count="0" type="stmt"/>
        <line num="453" count="8" type="stmt"/>
        <line num="456" count="6" type="stmt"/>
        <line num="457" count="6" type="cond" truecount="3" falsecount="1"/>
        <line num="458" count="0" type="stmt"/>
        <line num="462" count="6" type="stmt"/>
        <line num="463" count="6" type="stmt"/>
        <line num="464" count="6" type="cond" truecount="1" falsecount="1"/>
        <line num="465" count="0" type="stmt"/>
        <line num="468" count="6" type="stmt"/>
        <line num="469" count="6" type="cond" truecount="1" falsecount="1"/>
        <line num="470" count="0" type="stmt"/>
        <line num="473" count="6" type="cond" truecount="2" falsecount="0"/>
        <line num="474" count="1" type="stmt"/>
        <line num="478" count="6" type="stmt"/>
        <line num="479" count="6" type="stmt"/>
        <line num="480" count="6" type="stmt"/>
        <line num="481" count="6" type="cond" truecount="2" falsecount="0"/>
        <line num="489" count="6" type="stmt"/>
        <line num="490" count="6" type="stmt"/>
        <line num="491" count="6" type="stmt"/>
        <line num="493" count="6" type="stmt"/>
        <line num="497" count="6" type="cond" truecount="1" falsecount="1"/>
        <line num="498" count="0" type="stmt"/>
        <line num="501" count="6" type="cond" truecount="2" falsecount="0"/>
        <line num="502" count="6" type="stmt"/>
        <line num="504" count="5" type="stmt"/>
        <line num="509" count="5" type="stmt"/>
        <line num="511" count="5" type="stmt"/>
        <line num="517" count="1" type="stmt"/>
        <line num="518" count="1" type="stmt"/>
        <line num="522" count="6" type="stmt"/>
        <line num="523" count="8" type="stmt"/>
        <line num="524" count="8" type="stmt"/>
        <line num="525" count="8" type="stmt"/>
        <line num="526" count="8" type="stmt"/>
        <line num="527" count="8" type="stmt"/>
        <line num="529" count="8" type="stmt"/>
        <line num="535" count="8" type="stmt"/>
        <line num="543" count="6" type="stmt"/>
        <line num="547" count="6" type="stmt"/>
        <line num="548" count="4" type="stmt"/>
        <line num="549" count="4" type="stmt"/>
        <line num="555" count="4" type="cond" truecount="2" falsecount="0"/>
        <line num="556" count="1" type="stmt"/>
        <line num="559" count="3" type="stmt"/>
        <line num="566" count="6" type="stmt"/>
        <line num="567" count="0" type="stmt"/>
        <line num="568" count="0" type="stmt"/>
        <line num="574" count="0" type="cond" truecount="0" falsecount="2"/>
        <line num="575" count="0" type="stmt"/>
        <line num="578" count="0" type="stmt"/>
        <line num="580" count="0" type="cond" truecount="0" falsecount="2"/>
        <line num="581" count="0" type="stmt"/>
        <line num="584" count="0" type="cond" truecount="0" falsecount="2"/>
        <line num="585" count="0" type="stmt"/>
        <line num="588" count="0" type="cond" truecount="0" falsecount="2"/>
        <line num="589" count="0" type="stmt"/>
        <line num="592" count="0" type="cond" truecount="0" falsecount="2"/>
        <line num="593" count="0" type="stmt"/>
        <line num="596" count="0" type="cond" truecount="0" falsecount="2"/>
        <line num="608" count="0" type="stmt"/>
        <line num="612" count="0" type="stmt"/>
        <line num="616" count="6" type="stmt"/>
        <line num="617" count="0" type="stmt"/>
        <line num="618" count="0" type="stmt"/>
        <line num="620" count="0" type="cond" truecount="0" falsecount="2"/>
        <line num="621" count="0" type="stmt"/>
        <line num="624" count="0" type="stmt"/>
        <line num="625" count="0" type="cond" truecount="0" falsecount="2"/>
        <line num="633" count="0" type="stmt"/>
        <line num="634" count="0" type="stmt"/>
        <line num="637" count="0" type="stmt"/>
        <line num="642" count="0" type="cond" truecount="0" falsecount="4"/>
        <line num="643" count="0" type="stmt"/>
        <line num="644" count="0" type="stmt"/>
        <line num="647" count="0" type="cond" truecount="0" falsecount="5"/>
        <line num="648" count="0" type="stmt"/>
        <line num="651" count="0" type="cond" truecount="0" falsecount="5"/>
        <line num="652" count="0" type="stmt"/>
        <line num="653" count="0" type="stmt"/>
        <line num="654" count="0" type="cond" truecount="0" falsecount="4"/>
        <line num="655" count="0" type="stmt"/>
        <line num="656" count="0" type="stmt"/>
        <line num="660" count="0" type="cond" truecount="0" falsecount="2"/>
        <line num="662" count="0" type="cond" truecount="0" falsecount="2"/>
        <line num="664" count="0" type="cond" truecount="0" falsecount="2"/>
        <line num="666" count="0" type="cond" truecount="0" falsecount="2"/>
        <line num="668" count="0" type="cond" truecount="0" falsecount="4"/>
        <line num="669" count="0" type="stmt"/>
        <line num="672" count="0" type="stmt"/>
        <line num="674" count="0" type="cond" truecount="0" falsecount="2"/>
        <line num="675" count="0" type="stmt"/>
        <line num="680" count="0" type="cond" truecount="0" falsecount="2"/>
        <line num="681" count="0" type="stmt"/>
        <line num="685" count="0" type="cond" truecount="0" falsecount="2"/>
        <line num="686" count="0" type="stmt"/>
        <line num="691" count="0" type="cond" truecount="0" falsecount="2"/>
        <line num="692" count="0" type="stmt"/>
        <line num="696" count="0" type="stmt"/>
        <line num="700" count="0" type="cond" truecount="0" falsecount="2"/>
        <line num="701" count="0" type="stmt"/>
        <line num="703" count="0" type="stmt"/>
        <line num="705" count="0" type="stmt"/>
        <line num="711" count="0" type="stmt"/>
        <line num="712" count="0" type="stmt"/>
        <line num="716" count="6" type="stmt"/>
        <line num="717" count="1" type="stmt"/>
        <line num="718" count="1" type="stmt"/>
        <line num="720" count="1" type="cond" truecount="1" falsecount="1"/>
        <line num="721" count="0" type="stmt"/>
        <line num="724" count="1" type="cond" truecount="1" falsecount="1"/>
        <line num="725" count="0" type="stmt"/>
        <line num="728" count="1" type="stmt"/>
        <line num="729" count="1" type="stmt"/>
        <line num="735" count="1" type="stmt"/>
        <line num="736" count="1" type="stmt"/>
        <line num="740" count="1" type="stmt"/>
        <line num="741" count="1" type="cond" truecount="1" falsecount="2"/>
        <line num="750" count="1" type="stmt"/>
        <line num="752" count="1" type="stmt"/>
        <line num="758" count="0" type="stmt"/>
        <line num="759" count="0" type="stmt"/>
        <line num="763" count="6" type="stmt"/>
        <line num="764" count="2" type="stmt"/>
        <line num="766" count="2" type="cond" truecount="1" falsecount="1"/>
        <line num="767" count="0" type="stmt"/>
        <line num="770" count="2" type="stmt"/>
        <line num="771" count="2" type="stmt"/>
        <line num="772" count="2" type="stmt"/>
        <line num="773" count="2" type="cond" truecount="1" falsecount="2"/>
        <line num="774" count="2" type="stmt"/>
        <line num="776" count="2" type="stmt"/>
      </file>
      <file name="subcategory.controller.js" path="C:\Users\mymai\Desktop\alokit\backend\src\controllers\subcategory.controller.js">
        <metrics statements="54" coveredstatements="14" conditionals="32" coveredconditionals="3" methods="5" coveredmethods="1"/>
        <line num="8" count="6" type="stmt"/>
        <line num="9" count="3" type="stmt"/>
        <line num="11" count="3" type="stmt"/>
        <line num="12" count="3" type="cond" truecount="2" falsecount="0"/>
        <line num="13" count="1" type="stmt"/>
        <line num="16" count="2" type="stmt"/>
        <line num="18" count="2" type="stmt"/>
        <line num="23" count="2" type="cond" truecount="1" falsecount="1"/>
        <line num="24" count="0" type="stmt"/>
        <line num="27" count="2" type="stmt"/>
        <line num="35" count="2" type="stmt"/>
        <line num="42" count="6" type="stmt"/>
        <line num="43" count="0" type="stmt"/>
        <line num="44" count="0" type="cond" truecount="0" falsecount="2"/>
        <line num="45" count="0" type="stmt"/>
        <line num="48" count="0" type="stmt"/>
        <line num="52" count="0" type="stmt"/>
        <line num="60" count="6" type="stmt"/>
        <line num="61" count="0" type="stmt"/>
        <line num="66" count="0" type="cond" truecount="0" falsecount="2"/>
        <line num="67" count="0" type="stmt"/>
        <line num="70" count="0" type="stmt"/>
        <line num="77" count="6" type="stmt"/>
        <line num="78" count="0" type="stmt"/>
        <line num="79" count="0" type="stmt"/>
        <line num="81" count="0" type="cond" truecount="0" falsecount="2"/>
        <line num="82" count="0" type="stmt"/>
        <line num="85" count="0" type="stmt"/>
        <line num="86" count="0" type="cond" truecount="0" falsecount="2"/>
        <line num="87" count="0" type="cond" truecount="0" falsecount="2"/>
        <line num="88" count="0" type="stmt"/>
        <line num="90" count="0" type="cond" truecount="0" falsecount="2"/>
        <line num="91" count="0" type="stmt"/>
        <line num="92" count="0" type="cond" truecount="0" falsecount="2"/>
        <line num="93" count="0" type="stmt"/>
        <line num="97" count="0" type="stmt"/>
        <line num="103" count="0" type="cond" truecount="0" falsecount="2"/>
        <line num="104" count="0" type="stmt"/>
        <line num="107" count="0" type="cond" truecount="0" falsecount="2"/>
        <line num="108" count="0" type="stmt"/>
        <line num="109" count="0" type="stmt"/>
        <line num="112" count="0" type="cond" truecount="0" falsecount="2"/>
        <line num="113" count="0" type="cond" truecount="0" falsecount="2"/>
        <line num="114" count="0" type="cond" truecount="0" falsecount="2"/>
        <line num="116" count="0" type="stmt"/>
        <line num="125" count="0" type="stmt"/>
        <line num="132" count="6" type="stmt"/>
        <line num="133" count="0" type="stmt"/>
        <line num="137" count="0" type="cond" truecount="0" falsecount="2"/>
        <line num="138" count="0" type="stmt"/>
        <line num="141" count="0" type="stmt"/>
        <line num="143" count="0" type="cond" truecount="0" falsecount="2"/>
        <line num="144" count="0" type="stmt"/>
        <line num="147" count="0" type="stmt"/>
      </file>
    </package>
    <package name="middlewares">
      <metrics statements="33" coveredstatements="23" conditionals="28" coveredconditionals="19" methods="4" coveredmethods="3"/>
      <file name="auth.middleware.js" path="C:\Users\mymai\Desktop\alokit\backend\src\middlewares\auth.middleware.js">
        <metrics statements="13" coveredstatements="11" conditionals="10" coveredconditionals="9" methods="1" coveredmethods="1"/>
        <line num="7" count="6" type="stmt"/>
        <line num="10" count="98" type="cond" truecount="2" falsecount="0"/>
        <line num="14" count="95" type="stmt"/>
        <line num="17" count="98" type="cond" truecount="2" falsecount="0"/>
        <line num="18" count="3" type="stmt"/>
        <line num="23" count="95" type="stmt"/>
        <line num="24" count="95" type="stmt"/>
        <line num="26" count="0" type="stmt"/>
        <line num="29" count="95" type="stmt"/>
        <line num="31" count="95" type="cond" truecount="3" falsecount="1"/>
        <line num="32" count="0" type="stmt"/>
        <line num="35" count="95" type="stmt"/>
        <line num="36" count="95" type="stmt"/>
      </file>
      <file name="error.middleware.js" path="C:\Users\mymai\Desktop\alokit\backend\src\middlewares\error.middleware.js">
        <metrics statements="18" coveredstatements="10" conditionals="18" coveredconditionals="10" methods="2" coveredmethods="1"/>
        <line num="1" count="6" type="stmt"/>
        <line num="2" count="29" type="cond" truecount="2" falsecount="0"/>
        <line num="3" count="29" type="cond" truecount="1" falsecount="1"/>
        <line num="5" count="29" type="cond" truecount="2" falsecount="0"/>
        <line num="6" count="1" type="stmt"/>
        <line num="7" count="1" type="stmt"/>
        <line num="15" count="29" type="cond" truecount="1" falsecount="1"/>
        <line num="16" count="0" type="stmt"/>
        <line num="17" count="0" type="stmt"/>
        <line num="20" count="29" type="cond" truecount="1" falsecount="1"/>
        <line num="21" count="0" type="stmt"/>
        <line num="22" count="0" type="stmt"/>
        <line num="23" count="0" type="stmt"/>
        <line num="26" count="29" type="cond" truecount="1" falsecount="1"/>
        <line num="27" count="0" type="stmt"/>
        <line num="28" count="0" type="stmt"/>
        <line num="29" count="0" type="stmt"/>
        <line num="33" count="29" type="stmt"/>
      </file>
      <file name="notFound.middleware.js" path="C:\Users\mymai\Desktop\alokit\backend\src\middlewares\notFound.middleware.js">
        <metrics statements="2" coveredstatements="2" conditionals="0" coveredconditionals="0" methods="1" coveredmethods="1"/>
        <line num="3" count="6" type="stmt"/>
        <line num="4" count="1" type="stmt"/>
      </file>
    </package>
    <package name="utils">
      <metrics statements="4" coveredstatements="4" conditionals="0" coveredconditionals="0" methods="1" coveredmethods="1"/>
      <file name="verifyRazorpaySignature.js" path="C:\Users\mymai\Desktop\alokit\backend\src\utils\verifyRazorpaySignature.js">
        <metrics statements="4" coveredstatements="4" conditionals="0" coveredconditionals="0" methods="1" coveredmethods="1"/>
        <line num="3" count="6" type="stmt"/>
        <line num="9" count="1" type="stmt"/>
        <line num="10" count="1" type="stmt"/>
        <line num="15" count="1" type="stmt"/>
      </file>
    </package>
  </project>
</coverage>
