{"C:\\Users\\mymai\\Desktop\\alokit\\backend\\src\\controllers\\auth.controller.js": {"path":"C:\\Users\\mymai\\Desktop\\alokit\\backend\\src\\controllers\\auth.controller.js","statementMap":{"0":{"start":{"line":9,"column":26},"end":{"line":20,"column":2}},"1":{"start":{"line":9,"column":37},"end":{"line":20,"column":1}},"2":{"start":{"line":22,"column":28},"end":{"line":49,"column":2}},"3":{"start":{"line":23,"column":47},"end":{"line":23,"column":55}},"4":{"start":{"line":25,"column":26},"end":{"line":25,"column":45}},"5":{"start":{"line":26,"column":23},"end":{"line":26,"column":69}},"6":{"start":{"line":27,"column":2},"end":{"line":29,"column":3}},"7":{"start":{"line":28,"column":4},"end":{"line":28,"column":67}},"8":{"start":{"line":31,"column":15},"end":{"line":37,"column":4}},"9":{"start":{"line":39,"column":16},"end":{"line":39,"column":35}},"10":{"start":{"line":41,"column":2},"end":{"line":48,"column":5}},"11":{"start":{"line":51,"column":25},"end":{"line":83,"column":2}},"12":{"start":{"line":52,"column":30},"end":{"line":52,"column":38}},"13":{"start":{"line":54,"column":15},"end":{"line":54,"column":85}},"14":{"start":{"line":56,"column":2},"end":{"line":58,"column":3}},"15":{"start":{"line":57,"column":4},"end":{"line":57,"column":51}},"16":{"start":{"line":60,"column":2},"end":{"line":62,"column":3}},"17":{"start":{"line":61,"column":4},"end":{"line":61,"column":67}},"18":{"start":{"line":64,"column":18},"end":{"line":64,"column":54}},"19":{"start":{"line":66,"column":2},"end":{"line":68,"column":3}},"20":{"start":{"line":67,"column":4},"end":{"line":67,"column":51}},"21":{"start":{"line":70,"column":2},"end":{"line":70,"column":32}},"22":{"start":{"line":71,"column":2},"end":{"line":71,"column":49}},"23":{"start":{"line":73,"column":16},"end":{"line":73,"column":35}},"24":{"start":{"line":75,"column":2},"end":{"line":82,"column":5}},"25":{"start":{"line":85,"column":21},"end":{"line":91,"column":2}},"26":{"start":{"line":86,"column":2},"end":{"line":90,"column":5}},"27":{"start":{"line":93,"column":26},"end":{"line":129,"column":2}},"28":{"start":{"line":94,"column":30},"end":{"line":94,"column":38}},"29":{"start":{"line":96,"column":15},"end":{"line":96,"column":85}},"30":{"start":{"line":98,"column":2},"end":{"line":100,"column":3}},"31":{"start":{"line":99,"column":4},"end":{"line":99,"column":51}},"32":{"start":{"line":102,"column":2},"end":{"line":104,"column":3}},"33":{"start":{"line":103,"column":4},"end":{"line":103,"column":56}},"34":{"start":{"line":106,"column":2},"end":{"line":108,"column":3}},"35":{"start":{"line":107,"column":4},"end":{"line":107,"column":67}},"36":{"start":{"line":110,"column":18},"end":{"line":110,"column":54}},"37":{"start":{"line":112,"column":2},"end":{"line":114,"column":3}},"38":{"start":{"line":113,"column":4},"end":{"line":113,"column":51}},"39":{"start":{"line":116,"column":2},"end":{"line":116,"column":32}},"40":{"start":{"line":117,"column":2},"end":{"line":117,"column":49}},"41":{"start":{"line":119,"column":16},"end":{"line":119,"column":35}},"42":{"start":{"line":121,"column":2},"end":{"line":128,"column":5}},"43":{"start":{"line":131,"column":30},"end":{"line":180,"column":2}},"44":{"start":{"line":132,"column":26},"end":{"line":132,"column":54}},"45":{"start":{"line":133,"column":15},"end":{"line":135,"column":3}},"46":{"start":{"line":137,"column":2},"end":{"line":143,"column":3}},"47":{"start":{"line":138,"column":4},"end":{"line":142,"column":7}},"48":{"start":{"line":145,"column":21},"end":{"line":145,"column":52}},"49":{"start":{"line":146,"column":2},"end":{"line":146,"column":49}},"50":{"start":{"line":148,"column":19},"end":{"line":148,"column":75}},"51":{"start":{"line":149,"column":28},"end":{"line":149,"column":97}},"52":{"start":{"line":151,"column":2},"end":{"line":179,"column":3}},"53":{"start":{"line":152,"column":25},"end":{"line":152,"column":42}},"54":{"start":{"line":153,"column":21},"end":{"line":159,"column":6}},"55":{"start":{"line":161,"column":4},"end":{"line":172,"column":7}},"56":{"start":{"line":174,"column":4},"end":{"line":174,"column":33}},"57":{"start":{"line":175,"column":4},"end":{"line":175,"column":39}},"58":{"start":{"line":176,"column":4},"end":{"line":176,"column":51}},"59":{"start":{"line":178,"column":4},"end":{"line":178,"column":95}},"60":{"start":{"line":182,"column":29},"end":{"line":227,"column":2}},"61":{"start":{"line":183,"column":21},"end":{"line":183,"column":55}},"62":{"start":{"line":184,"column":22},"end":{"line":184,"column":82}},"63":{"start":{"line":186,"column":15},"end":{"line":189,"column":58}},"64":{"start":{"line":191,"column":2},"end":{"line":193,"column":3}},"65":{"start":{"line":192,"column":4},"end":{"line":192,"column":69}},"66":{"start":{"line":195,"column":2},"end":{"line":195,"column":36}},"67":{"start":{"line":196,"column":2},"end":{"line":196,"column":31}},"68":{"start":{"line":197,"column":2},"end":{"line":197,"column":37}},"69":{"start":{"line":198,"column":2},"end":{"line":198,"column":20}},"70":{"start":{"line":200,"column":2},"end":{"line":215,"column":3}},"71":{"start":{"line":201,"column":25},"end":{"line":201,"column":42}},"72":{"start":{"line":202,"column":4},"end":{"line":205,"column":7}},"73":{"start":{"line":207,"column":4},"end":{"line":214,"column":7}},"74":{"start":{"line":217,"column":16},"end":{"line":217,"column":35}},"75":{"start":{"line":219,"column":2},"end":{"line":226,"column":5}}},"fnMap":{"0":{"name":"(anonymous_0)","decl":{"start":{"line":9,"column":26},"end":{"line":9,"column":27}},"loc":{"start":{"line":9,"column":37},"end":{"line":20,"column":1}},"line":9},"1":{"name":"(anonymous_1)","decl":{"start":{"line":22,"column":41},"end":{"line":22,"column":42}},"loc":{"start":{"line":22,"column":61},"end":{"line":49,"column":1}},"line":22},"2":{"name":"(anonymous_2)","decl":{"start":{"line":51,"column":38},"end":{"line":51,"column":39}},"loc":{"start":{"line":51,"column":58},"end":{"line":83,"column":1}},"line":51},"3":{"name":"(anonymous_3)","decl":{"start":{"line":85,"column":34},"end":{"line":85,"column":35}},"loc":{"start":{"line":85,"column":54},"end":{"line":91,"column":1}},"line":85},"4":{"name":"(anonymous_4)","decl":{"start":{"line":93,"column":39},"end":{"line":93,"column":40}},"loc":{"start":{"line":93,"column":59},"end":{"line":129,"column":1}},"line":93},"5":{"name":"(anonymous_5)","decl":{"start":{"line":131,"column":43},"end":{"line":131,"column":44}},"loc":{"start":{"line":131,"column":63},"end":{"line":180,"column":1}},"line":131},"6":{"name":"(anonymous_6)","decl":{"start":{"line":182,"column":42},"end":{"line":182,"column":43}},"loc":{"start":{"line":182,"column":62},"end":{"line":227,"column":1}},"line":182}},"branchMap":{"0":{"loc":{"start":{"line":14,"column":10},"end":{"line":14,"column":51}},"type":"binary-expr","locations":[{"start":{"line":14,"column":10},"end":{"line":14,"column":21}},{"start":{"line":14,"column":25},"end":{"line":14,"column":51}}],"line":14},"1":{"loc":{"start":{"line":17,"column":15},"end":{"line":17,"column":39}},"type":"binary-expr","locations":[{"start":{"line":17,"column":15},"end":{"line":17,"column":31}},{"start":{"line":17,"column":35},"end":{"line":17,"column":39}}],"line":17},"2":{"loc":{"start":{"line":27,"column":2},"end":{"line":29,"column":3}},"type":"if","locations":[{"start":{"line":27,"column":2},"end":{"line":29,"column":3}},{"start":{},"end":{}}],"line":27},"3":{"loc":{"start":{"line":56,"column":2},"end":{"line":58,"column":3}},"type":"if","locations":[{"start":{"line":56,"column":2},"end":{"line":58,"column":3}},{"start":{},"end":{}}],"line":56},"4":{"loc":{"start":{"line":60,"column":2},"end":{"line":62,"column":3}},"type":"if","locations":[{"start":{"line":60,"column":2},"end":{"line":62,"column":3}},{"start":{},"end":{}}],"line":60},"5":{"loc":{"start":{"line":66,"column":2},"end":{"line":68,"column":3}},"type":"if","locations":[{"start":{"line":66,"column":2},"end":{"line":68,"column":3}},{"start":{},"end":{}}],"line":66},"6":{"loc":{"start":{"line":98,"column":2},"end":{"line":100,"column":3}},"type":"if","locations":[{"start":{"line":98,"column":2},"end":{"line":100,"column":3}},{"start":{},"end":{}}],"line":98},"7":{"loc":{"start":{"line":102,"column":2},"end":{"line":104,"column":3}},"type":"if","locations":[{"start":{"line":102,"column":2},"end":{"line":104,"column":3}},{"start":{},"end":{}}],"line":102},"8":{"loc":{"start":{"line":106,"column":2},"end":{"line":108,"column":3}},"type":"if","locations":[{"start":{"line":106,"column":2},"end":{"line":108,"column":3}},{"start":{},"end":{}}],"line":106},"9":{"loc":{"start":{"line":112,"column":2},"end":{"line":114,"column":3}},"type":"if","locations":[{"start":{"line":112,"column":2},"end":{"line":114,"column":3}},{"start":{},"end":{}}],"line":112},"10":{"loc":{"start":{"line":137,"column":2},"end":{"line":143,"column":3}},"type":"if","locations":[{"start":{"line":137,"column":2},"end":{"line":143,"column":3}},{"start":{},"end":{}}],"line":137},"11":{"loc":{"start":{"line":149,"column":42},"end":{"line":149,"column":76}},"type":"cond-expr","locations":[{"start":{"line":149,"column":67},"end":{"line":149,"column":70}},{"start":{"line":149,"column":73},"end":{"line":149,"column":76}}],"line":149},"12":{"loc":{"start":{"line":165,"column":8},"end":{"line":171,"column":16}},"type":"cond-expr","locations":[{"start":{"line":166,"column":12},"end":{"line":170,"column":13}},{"start":{"line":171,"column":12},"end":{"line":171,"column":16}}],"line":165},"13":{"loc":{"start":{"line":165,"column":8},"end":{"line":165,"column":56}},"type":"binary-expr","locations":[{"start":{"line":165,"column":8},"end":{"line":165,"column":24}},{"start":{"line":165,"column":28},"end":{"line":165,"column":56}}],"line":165},"14":{"loc":{"start":{"line":183,"column":21},"end":{"line":183,"column":55}},"type":"binary-expr","locations":[{"start":{"line":183,"column":21},"end":{"line":183,"column":37}},{"start":{"line":183,"column":41},"end":{"line":183,"column":55}}],"line":183},"15":{"loc":{"start":{"line":191,"column":2},"end":{"line":193,"column":3}},"type":"if","locations":[{"start":{"line":191,"column":2},"end":{"line":193,"column":3}},{"start":{},"end":{}}],"line":191},"16":{"loc":{"start":{"line":210,"column":14},"end":{"line":210,"column":36}},"type":"binary-expr","locations":[{"start":{"line":210,"column":14},"end":{"line":210,"column":25}},{"start":{"line":210,"column":29},"end":{"line":210,"column":36}}],"line":210},"17":{"loc":{"start":{"line":211,"column":17},"end":{"line":211,"column":56}},"type":"binary-expr","locations":[{"start":{"line":211,"column":17},"end":{"line":211,"column":31}},{"start":{"line":211,"column":35},"end":{"line":211,"column":56}}],"line":211},"18":{"loc":{"start":{"line":212,"column":14},"end":{"line":212,"column":38}},"type":"binary-expr","locations":[{"start":{"line":212,"column":14},"end":{"line":212,"column":25}},{"start":{"line":212,"column":29},"end":{"line":212,"column":38}}],"line":212}},"s":{"0":6,"1":4,"2":6,"3":2,"4":2,"5":2,"6":2,"7":1,"8":1,"9":1,"10":1,"11":6,"12":3,"13":3,"14":3,"15":0,"16":3,"17":1,"18":2,"19":2,"20":1,"21":1,"22":1,"23":1,"24":1,"25":6,"26":0,"27":6,"28":2,"29":2,"30":2,"31":0,"32":2,"33":1,"34":1,"35":0,"36":1,"37":1,"38":0,"39":1,"40":1,"41":1,"42":1,"43":6,"44":2,"45":2,"46":2,"47":0,"48":2,"49":2,"50":2,"51":2,"52":2,"53":2,"54":2,"55":2,"56":0,"57":0,"58":0,"59":0,"60":6,"61":1,"62":1,"63":1,"64":1,"65":0,"66":1,"67":1,"68":1,"69":1,"70":1,"71":1,"72":1,"73":0,"74":1,"75":1},"f":{"0":4,"1":2,"2":3,"3":0,"4":2,"5":2,"6":1},"b":{"0":[4,0],"1":[4,2],"2":[1,1],"3":[0,3],"4":[1,2],"5":[1,1],"6":[0,2],"7":[1,1],"8":[0,1],"9":[0,1],"10":[0,2],"11":[0,2],"12":[0,2],"13":[2,2],"14":[1,1],"15":[0,1],"16":[0,0],"17":[0,0],"18":[0,0]},"_coverageSchema":"1a1c01bbd47fc00a2c39e90264f33305004495a9","hash":"5372debff2d528f40b9246f855621f72da94de51"}
,"C:\\Users\\mymai\\Desktop\\alokit\\backend\\src\\controllers\\cart.controller.js": {"path":"C:\\Users\\mymai\\Desktop\\alokit\\backend\\src\\controllers\\cart.controller.js","statementMap":{"0":{"start":{"line":7,"column":36},"end":{"line":23,"column":1}},"1":{"start":{"line":8,"column":2},"end":{"line":10,"column":3}},"2":{"start":{"line":9,"column":4},"end":{"line":9,"column":45}},"3":{"start":{"line":12,"column":2},"end":{"line":14,"column":3}},"4":{"start":{"line":13,"column":4},"end":{"line":13,"column":69}},"5":{"start":{"line":16,"column":2},"end":{"line":18,"column":3}},"6":{"start":{"line":17,"column":4},"end":{"line":17,"column":55}},"7":{"start":{"line":20,"column":2},"end":{"line":22,"column":3}},"8":{"start":{"line":21,"column":4},"end":{"line":21,"column":80}},"9":{"start":{"line":25,"column":24},"end":{"line":36,"column":1}},"10":{"start":{"line":26,"column":13},"end":{"line":26,"column":49}},"11":{"start":{"line":28,"column":2},"end":{"line":33,"column":3}},"12":{"start":{"line":29,"column":4},"end":{"line":32,"column":7}},"13":{"start":{"line":35,"column":2},"end":{"line":35,"column":14}},"14":{"start":{"line":38,"column":24},"end":{"line":83,"column":1}},"15":{"start":{"line":39,"column":21},"end":{"line":39,"column":77}},"16":{"start":{"line":39,"column":46},"end":{"line":39,"column":76}},"17":{"start":{"line":40,"column":19},"end":{"line":44,"column":36}},"18":{"start":{"line":46,"column":2},"end":{"line":48,"column":3}},"19":{"start":{"line":47,"column":4},"end":{"line":47,"column":74}},"20":{"start":{"line":50,"column":29},"end":{"line":50,"column":70}},"21":{"start":{"line":52,"column":24},"end":{"line":73,"column":4}},"22":{"start":{"line":53,"column":20},"end":{"line":55,"column":5}},"23":{"start":{"line":54,"column":22},"end":{"line":54,"column":75}},"24":{"start":{"line":57,"column":4},"end":{"line":72,"column":6}},"25":{"start":{"line":75,"column":2},"end":{"line":82,"column":4}},"26":{"start":{"line":85,"column":25},"end":{"line":148,"column":2}},"27":{"start":{"line":86,"column":51},"end":{"line":86,"column":59}},"28":{"start":{"line":88,"column":18},"end":{"line":88,"column":51}},"29":{"start":{"line":90,"column":28},"end":{"line":90,"column":44}},"30":{"start":{"line":91,"column":2},"end":{"line":93,"column":5}},"31":{"start":{"line":95,"column":15},"end":{"line":95,"column":50}},"32":{"start":{"line":96,"column":23},"end":{"line":98,"column":3}},"33":{"start":{"line":97,"column":14},"end":{"line":97,"column":51}},"34":{"start":{"line":100,"column":2},"end":{"line":137,"column":3}},"35":{"start":{"line":101,"column":25},"end":{"line":101,"column":66}},"36":{"start":{"line":102,"column":4},"end":{"line":104,"column":7}},"37":{"start":{"line":106,"column":4},"end":{"line":106,"column":41}},"38":{"start":{"line":107,"column":4},"end":{"line":107,"column":91}},"39":{"start":{"line":108,"column":4},"end":{"line":108,"column":61}},"40":{"start":{"line":109,"column":4},"end":{"line":109,"column":44}},"41":{"start":{"line":110,"column":4},"end":{"line":110,"column":82}},"42":{"start":{"line":111,"column":4},"end":{"line":118,"column":40}},"43":{"start":{"line":120,"column":4},"end":{"line":136,"column":7}},"44":{"start":{"line":139,"column":2},"end":{"line":139,"column":20}},"45":{"start":{"line":141,"column":23},"end":{"line":141,"column":50}},"46":{"start":{"line":143,"column":2},"end":{"line":147,"column":5}},"47":{"start":{"line":150,"column":23},"end":{"line":159,"column":2}},"48":{"start":{"line":151,"column":15},"end":{"line":151,"column":50}},"49":{"start":{"line":152,"column":23},"end":{"line":152,"column":50}},"50":{"start":{"line":154,"column":2},"end":{"line":158,"column":5}},"51":{"start":{"line":161,"column":38},"end":{"line":186,"column":2}},"52":{"start":{"line":162,"column":23},"end":{"line":162,"column":31}},"53":{"start":{"line":163,"column":15},"end":{"line":163,"column":50}},"54":{"start":{"line":164,"column":19},"end":{"line":164,"column":51}},"55":{"start":{"line":166,"column":2},"end":{"line":168,"column":3}},"56":{"start":{"line":167,"column":4},"end":{"line":167,"column":51}},"57":{"start":{"line":170,"column":18},"end":{"line":170,"column":58}},"58":{"start":{"line":171,"column":2},"end":{"line":173,"column":5}},"59":{"start":{"line":175,"column":2},"end":{"line":175,"column":39}},"60":{"start":{"line":176,"column":2},"end":{"line":176,"column":62}},"61":{"start":{"line":177,"column":2},"end":{"line":177,"column":20}},"62":{"start":{"line":179,"column":23},"end":{"line":179,"column":50}},"63":{"start":{"line":181,"column":2},"end":{"line":185,"column":5}},"64":{"start":{"line":188,"column":30},"end":{"line":209,"column":2}},"65":{"start":{"line":189,"column":15},"end":{"line":189,"column":50}},"66":{"start":{"line":190,"column":24},"end":{"line":190,"column":41}},"67":{"start":{"line":192,"column":2},"end":{"line":194,"column":4}},"68":{"start":{"line":193,"column":14},"end":{"line":193,"column":62}},"69":{"start":{"line":196,"column":2},"end":{"line":198,"column":3}},"70":{"start":{"line":197,"column":4},"end":{"line":197,"column":57}},"71":{"start":{"line":200,"column":2},"end":{"line":200,"column":20}},"72":{"start":{"line":202,"column":23},"end":{"line":202,"column":50}},"73":{"start":{"line":204,"column":2},"end":{"line":208,"column":5}},"74":{"start":{"line":211,"column":25},"end":{"line":223,"column":2}},"75":{"start":{"line":212,"column":15},"end":{"line":212,"column":50}},"76":{"start":{"line":213,"column":2},"end":{"line":213,"column":18}},"77":{"start":{"line":214,"column":2},"end":{"line":214,"column":20}},"78":{"start":{"line":216,"column":23},"end":{"line":216,"column":50}},"79":{"start":{"line":218,"column":2},"end":{"line":222,"column":5}}},"fnMap":{"0":{"name":"(anonymous_0)","decl":{"start":{"line":7,"column":36},"end":{"line":7,"column":37}},"loc":{"start":{"line":7,"column":117},"end":{"line":23,"column":1}},"line":7},"1":{"name":"(anonymous_1)","decl":{"start":{"line":25,"column":24},"end":{"line":25,"column":25}},"loc":{"start":{"line":25,"column":42},"end":{"line":36,"column":1}},"line":25},"2":{"name":"(anonymous_2)","decl":{"start":{"line":38,"column":24},"end":{"line":38,"column":25}},"loc":{"start":{"line":38,"column":40},"end":{"line":83,"column":1}},"line":38},"3":{"name":"(anonymous_3)","decl":{"start":{"line":39,"column":36},"end":{"line":39,"column":37}},"loc":{"start":{"line":39,"column":46},"end":{"line":39,"column":76}},"line":39},"4":{"name":"(anonymous_4)","decl":{"start":{"line":52,"column":34},"end":{"line":52,"column":35}},"loc":{"start":{"line":52,"column":44},"end":{"line":73,"column":3}},"line":52},"5":{"name":"(anonymous_5)","decl":{"start":{"line":54,"column":6},"end":{"line":54,"column":7}},"loc":{"start":{"line":54,"column":22},"end":{"line":54,"column":75}},"line":54},"6":{"name":"(anonymous_6)","decl":{"start":{"line":85,"column":38},"end":{"line":85,"column":39}},"loc":{"start":{"line":85,"column":58},"end":{"line":148,"column":1}},"line":85},"7":{"name":"(anonymous_7)","decl":{"start":{"line":97,"column":4},"end":{"line":97,"column":5}},"loc":{"start":{"line":97,"column":14},"end":{"line":97,"column":51}},"line":97},"8":{"name":"(anonymous_8)","decl":{"start":{"line":150,"column":36},"end":{"line":150,"column":37}},"loc":{"start":{"line":150,"column":56},"end":{"line":159,"column":1}},"line":150},"9":{"name":"(anonymous_9)","decl":{"start":{"line":161,"column":51},"end":{"line":161,"column":52}},"loc":{"start":{"line":161,"column":71},"end":{"line":186,"column":1}},"line":161},"10":{"name":"(anonymous_10)","decl":{"start":{"line":188,"column":43},"end":{"line":188,"column":44}},"loc":{"start":{"line":188,"column":63},"end":{"line":209,"column":1}},"line":188},"11":{"name":"(anonymous_11)","decl":{"start":{"line":193,"column":4},"end":{"line":193,"column":5}},"loc":{"start":{"line":193,"column":14},"end":{"line":193,"column":62}},"line":193},"12":{"name":"(anonymous_12)","decl":{"start":{"line":211,"column":38},"end":{"line":211,"column":39}},"loc":{"start":{"line":211,"column":58},"end":{"line":223,"column":1}},"line":211}},"branchMap":{"0":{"loc":{"start":{"line":7,"column":56},"end":{"line":7,"column":112}},"type":"default-arg","locations":[{"start":{"line":7,"column":110},"end":{"line":7,"column":112}}],"line":7},"1":{"loc":{"start":{"line":7,"column":58},"end":{"line":7,"column":105}},"type":"default-arg","locations":[{"start":{"line":7,"column":76},"end":{"line":7,"column":105}}],"line":7},"2":{"loc":{"start":{"line":8,"column":2},"end":{"line":10,"column":3}},"type":"if","locations":[{"start":{"line":8,"column":2},"end":{"line":10,"column":3}},{"start":{},"end":{}}],"line":8},"3":{"loc":{"start":{"line":12,"column":2},"end":{"line":14,"column":3}},"type":"if","locations":[{"start":{"line":12,"column":2},"end":{"line":14,"column":3}},{"start":{},"end":{}}],"line":12},"4":{"loc":{"start":{"line":12,"column":6},"end":{"line":12,"column":54}},"type":"binary-expr","locations":[{"start":{"line":12,"column":6},"end":{"line":12,"column":33}},{"start":{"line":12,"column":37},"end":{"line":12,"column":54}}],"line":12},"5":{"loc":{"start":{"line":16,"column":2},"end":{"line":18,"column":3}},"type":"if","locations":[{"start":{"line":16,"column":2},"end":{"line":18,"column":3}},{"start":{},"end":{}}],"line":16},"6":{"loc":{"start":{"line":20,"column":2},"end":{"line":22,"column":3}},"type":"if","locations":[{"start":{"line":20,"column":2},"end":{"line":22,"column":3}},{"start":{},"end":{}}],"line":20},"7":{"loc":{"start":{"line":28,"column":2},"end":{"line":33,"column":3}},"type":"if","locations":[{"start":{"line":28,"column":2},"end":{"line":33,"column":3}},{"start":{},"end":{}}],"line":28},"8":{"loc":{"start":{"line":39,"column":46},"end":{"line":39,"column":76}},"type":"binary-expr","locations":[{"start":{"line":39,"column":46},"end":{"line":39,"column":60}},{"start":{"line":39,"column":64},"end":{"line":39,"column":76}}],"line":39},"9":{"loc":{"start":{"line":46,"column":2},"end":{"line":48,"column":3}},"type":"if","locations":[{"start":{"line":46,"column":2},"end":{"line":48,"column":3}},{"start":{},"end":{}}],"line":46},"10":{"loc":{"start":{"line":59,"column":17},"end":{"line":59,"column":47}},"type":"binary-expr","locations":[{"start":{"line":59,"column":17},"end":{"line":59,"column":31}},{"start":{"line":59,"column":35},"end":{"line":59,"column":47}}],"line":59},"11":{"loc":{"start":{"line":60,"column":20},"end":{"line":60,"column":49}},"type":"binary-expr","locations":[{"start":{"line":60,"column":20},"end":{"line":60,"column":43}},{"start":{"line":60,"column":47},"end":{"line":60,"column":49}}],"line":60},"12":{"loc":{"start":{"line":61,"column":23},"end":{"line":61,"column":55}},"type":"binary-expr","locations":[{"start":{"line":61,"column":23},"end":{"line":61,"column":49}},{"start":{"line":61,"column":53},"end":{"line":61,"column":55}}],"line":61},"13":{"loc":{"start":{"line":62,"column":19},"end":{"line":62,"column":76}},"type":"binary-expr","locations":[{"start":{"line":62,"column":19},"end":{"line":62,"column":35}},{"start":{"line":62,"column":39},"end":{"line":62,"column":53}},{"start":{"line":62,"column":57},"end":{"line":62,"column":70}},{"start":{"line":62,"column":74},"end":{"line":62,"column":76}}],"line":62},"14":{"loc":{"start":{"line":63,"column":19},"end":{"line":63,"column":58}},"type":"binary-expr","locations":[{"start":{"line":63,"column":19},"end":{"line":63,"column":35}},{"start":{"line":63,"column":39},"end":{"line":63,"column":52}},{"start":{"line":63,"column":56},"end":{"line":63,"column":58}}],"line":63},"15":{"loc":{"start":{"line":65,"column":8},"end":{"line":65,"column":80}},"type":"binary-expr","locations":[{"start":{"line":65,"column":8},"end":{"line":65,"column":26}},{"start":{"line":65,"column":30},"end":{"line":65,"column":52}},{"start":{"line":65,"column":56},"end":{"line":65,"column":74}},{"start":{"line":65,"column":78},"end":{"line":65,"column":80}}],"line":65},"16":{"loc":{"start":{"line":66,"column":23},"end":{"line":66,"column":51}},"type":"binary-expr","locations":[{"start":{"line":66,"column":23},"end":{"line":66,"column":43}},{"start":{"line":66,"column":47},"end":{"line":66,"column":51}}],"line":66},"17":{"loc":{"start":{"line":68,"column":8},"end":{"line":71,"column":45}},"type":"binary-expr","locations":[{"start":{"line":68,"column":8},"end":{"line":68,"column":22}},{"start":{"line":69,"column":9},"end":{"line":71,"column":44}}],"line":68},"18":{"loc":{"start":{"line":69,"column":9},"end":{"line":71,"column":44}},"type":"cond-expr","locations":[{"start":{"line":70,"column":12},"end":{"line":70,"column":42}},{"start":{"line":71,"column":12},"end":{"line":71,"column":44}}],"line":69},"19":{"loc":{"start":{"line":71,"column":12},"end":{"line":71,"column":44}},"type":"binary-expr","locations":[{"start":{"line":71,"column":12},"end":{"line":71,"column":39}},{"start":{"line":71,"column":43},"end":{"line":71,"column":44}}],"line":71},"20":{"loc":{"start":{"line":100,"column":2},"end":{"line":137,"column":3}},"type":"if","locations":[{"start":{"line":100,"column":2},"end":{"line":137,"column":3}},{"start":{"line":119,"column":9},"end":{"line":137,"column":3}}],"line":100},"21":{"loc":{"start":{"line":107,"column":35},"end":{"line":107,"column":90}},"type":"binary-expr","locations":[{"start":{"line":107,"column":35},"end":{"line":107,"column":50}},{"start":{"line":107,"column":54},"end":{"line":107,"column":82}},{"start":{"line":107,"column":86},"end":{"line":107,"column":90}}],"line":107},"22":{"loc":{"start":{"line":108,"column":31},"end":{"line":108,"column":60}},"type":"binary-expr","locations":[{"start":{"line":108,"column":31},"end":{"line":108,"column":44}},{"start":{"line":108,"column":48},"end":{"line":108,"column":60}}],"line":108},"23":{"loc":{"start":{"line":110,"column":33},"end":{"line":110,"column":81}},"type":"binary-expr","locations":[{"start":{"line":110,"column":33},"end":{"line":110,"column":54}},{"start":{"line":110,"column":58},"end":{"line":110,"column":75}},{"start":{"line":110,"column":79},"end":{"line":110,"column":81}}],"line":110},"24":{"loc":{"start":{"line":112,"column":6},"end":{"line":118,"column":39}},"type":"cond-expr","locations":[{"start":{"line":113,"column":10},"end":{"line":113,"column":43}},{"start":{"line":114,"column":10},"end":{"line":118,"column":39}}],"line":112},"25":{"loc":{"start":{"line":114,"column":10},"end":{"line":118,"column":39}},"type":"cond-expr","locations":[{"start":{"line":115,"column":12},"end":{"line":115,"column":41}},{"start":{"line":116,"column":12},"end":{"line":118,"column":39}}],"line":114},"26":{"loc":{"start":{"line":116,"column":12},"end":{"line":118,"column":39}},"type":"cond-expr","locations":[{"start":{"line":117,"column":14},"end":{"line":117,"column":39}},{"start":{"line":118,"column":14},"end":{"line":118,"column":39}}],"line":116},"27":{"loc":{"start":{"line":123,"column":19},"end":{"line":123,"column":48}},"type":"binary-expr","locations":[{"start":{"line":123,"column":19},"end":{"line":123,"column":32}},{"start":{"line":123,"column":36},"end":{"line":123,"column":48}}],"line":123},"28":{"loc":{"start":{"line":125,"column":21},"end":{"line":125,"column":69}},"type":"binary-expr","locations":[{"start":{"line":125,"column":21},"end":{"line":125,"column":42}},{"start":{"line":125,"column":46},"end":{"line":125,"column":63}},{"start":{"line":125,"column":67},"end":{"line":125,"column":69}}],"line":125},"29":{"loc":{"start":{"line":126,"column":23},"end":{"line":126,"column":46}},"type":"binary-expr","locations":[{"start":{"line":126,"column":23},"end":{"line":126,"column":38}},{"start":{"line":126,"column":42},"end":{"line":126,"column":46}}],"line":126},"30":{"loc":{"start":{"line":128,"column":8},"end":{"line":134,"column":41}},"type":"cond-expr","locations":[{"start":{"line":129,"column":12},"end":{"line":129,"column":45}},{"start":{"line":130,"column":12},"end":{"line":134,"column":41}}],"line":128},"31":{"loc":{"start":{"line":130,"column":12},"end":{"line":134,"column":41}},"type":"cond-expr","locations":[{"start":{"line":131,"column":14},"end":{"line":131,"column":43}},{"start":{"line":132,"column":14},"end":{"line":134,"column":41}}],"line":130},"32":{"loc":{"start":{"line":132,"column":14},"end":{"line":134,"column":41}},"type":"cond-expr","locations":[{"start":{"line":133,"column":16},"end":{"line":133,"column":41}},{"start":{"line":134,"column":16},"end":{"line":134,"column":41}}],"line":132},"33":{"loc":{"start":{"line":166,"column":2},"end":{"line":168,"column":3}},"type":"if","locations":[{"start":{"line":166,"column":2},"end":{"line":168,"column":3}},{"start":{},"end":{}}],"line":166},"34":{"loc":{"start":{"line":176,"column":23},"end":{"line":176,"column":61}},"type":"binary-expr","locations":[{"start":{"line":176,"column":23},"end":{"line":176,"column":41}},{"start":{"line":176,"column":45},"end":{"line":176,"column":61}}],"line":176},"35":{"loc":{"start":{"line":196,"column":2},"end":{"line":198,"column":3}},"type":"if","locations":[{"start":{"line":196,"column":2},"end":{"line":198,"column":3}},{"start":{},"end":{}}],"line":196}},"s":{"0":6,"1":16,"2":0,"3":16,"4":1,"5":15,"6":1,"7":14,"8":2,"9":6,"10":14,"11":14,"12":12,"13":14,"14":6,"15":13,"16":12,"17":13,"18":13,"19":0,"20":13,"21":13,"22":12,"23":12,"24":12,"25":13,"26":6,"27":15,"28":15,"29":15,"30":15,"31":12,"32":12,"33":0,"34":12,"35":0,"36":0,"37":0,"38":0,"39":0,"40":0,"41":0,"42":0,"43":12,"44":12,"45":12,"46":12,"47":6,"48":1,"49":1,"50":1,"51":6,"52":1,"53":1,"54":1,"55":1,"56":0,"57":1,"58":1,"59":0,"60":0,"61":0,"62":0,"63":0,"64":6,"65":0,"66":0,"67":0,"68":0,"69":0,"70":0,"71":0,"72":0,"73":0,"74":6,"75":0,"76":0,"77":0,"78":0,"79":0},"f":{"0":16,"1":14,"2":13,"3":12,"4":12,"5":12,"6":15,"7":0,"8":1,"9":1,"10":0,"11":0,"12":0},"b":{"0":[0],"1":[0],"2":[0,16],"3":[1,15],"4":[16,15],"5":[1,14],"6":[2,12],"7":[12,2],"8":[12,0],"9":[0,13],"10":[12,0],"11":[12,0],"12":[12,0],"13":[12,0,0,0],"14":[12,0,0],"15":[12,0,0,0],"16":[12,11],"17":[12,0],"18":[0,0],"19":[0,0],"20":[0,12],"21":[0,0,0],"22":[0,0],"23":[0,0,0],"24":[0,0],"25":[0,0],"26":[0,0],"27":[12,0],"28":[12,0,0],"29":[12,11],"30":[0,12],"31":[0,12],"32":[12,0],"33":[0,1],"34":[0,0],"35":[0,0]},"_coverageSchema":"1a1c01bbd47fc00a2c39e90264f33305004495a9","hash":"08d176defd47cec53315d5f7e5e8cfb22a648c86"}
,"C:\\Users\\mymai\\Desktop\\alokit\\backend\\src\\controllers\\category.controller.js": {"path":"C:\\Users\\mymai\\Desktop\\alokit\\backend\\src\\controllers\\category.controller.js","statementMap":{"0":{"start":{"line":7,"column":30},"end":{"line":33,"column":2}},"1":{"start":{"line":8,"column":49},"end":{"line":8,"column":57}},"2":{"start":{"line":10,"column":15},"end":{"line":10,"column":29}},"3":{"start":{"line":12,"column":27},"end":{"line":14,"column":4}},"4":{"start":{"line":16,"column":2},"end":{"line":18,"column":3}},"5":{"start":{"line":17,"column":4},"end":{"line":17,"column":55}},"6":{"start":{"line":20,"column":19},"end":{"line":26,"column":4}},"7":{"start":{"line":28,"column":2},"end":{"line":32,"column":5}},"8":{"start":{"line":35,"column":32},"end":{"line":44,"column":2}},"9":{"start":{"line":36,"column":21},"end":{"line":36,"column":66}},"10":{"start":{"line":38,"column":2},"end":{"line":43,"column":5}},"11":{"start":{"line":46,"column":31},"end":{"line":58,"column":2}},"12":{"start":{"line":47,"column":19},"end":{"line":47,"column":57}},"13":{"start":{"line":49,"column":2},"end":{"line":51,"column":3}},"14":{"start":{"line":50,"column":4},"end":{"line":50,"column":50}},"15":{"start":{"line":53,"column":2},"end":{"line":57,"column":5}},"16":{"start":{"line":60,"column":30},"end":{"line":99,"column":2}},"17":{"start":{"line":61,"column":49},"end":{"line":61,"column":57}},"18":{"start":{"line":62,"column":19},"end":{"line":62,"column":57}},"19":{"start":{"line":64,"column":2},"end":{"line":66,"column":3}},"20":{"start":{"line":65,"column":4},"end":{"line":65,"column":50}},"21":{"start":{"line":68,"column":21},"end":{"line":68,"column":23}},"22":{"start":{"line":70,"column":2},"end":{"line":83,"column":3}},"23":{"start":{"line":71,"column":17},"end":{"line":71,"column":31}},"24":{"start":{"line":72,"column":30},"end":{"line":75,"column":6}},"25":{"start":{"line":77,"column":4},"end":{"line":79,"column":5}},"26":{"start":{"line":78,"column":6},"end":{"line":78,"column":57}},"27":{"start":{"line":81,"column":4},"end":{"line":81,"column":27}},"28":{"start":{"line":82,"column":4},"end":{"line":82,"column":27}},"29":{"start":{"line":85,"column":2},"end":{"line":85,"column":70}},"30":{"start":{"line":85,"column":33},"end":{"line":85,"column":70}},"31":{"start":{"line":86,"column":2},"end":{"line":86,"column":52}},"32":{"start":{"line":86,"column":27},"end":{"line":86,"column":52}},"33":{"start":{"line":87,"column":2},"end":{"line":87,"column":61}},"34":{"start":{"line":87,"column":30},"end":{"line":87,"column":61}},"35":{"start":{"line":89,"column":26},"end":{"line":92,"column":4}},"36":{"start":{"line":94,"column":2},"end":{"line":98,"column":5}},"37":{"start":{"line":101,"column":30},"end":{"line":118,"column":2}},"38":{"start":{"line":102,"column":25},"end":{"line":102,"column":82}},"39":{"start":{"line":104,"column":2},"end":{"line":106,"column":3}},"40":{"start":{"line":105,"column":4},"end":{"line":105,"column":88}},"41":{"start":{"line":108,"column":19},"end":{"line":108,"column":66}},"42":{"start":{"line":110,"column":2},"end":{"line":112,"column":3}},"43":{"start":{"line":111,"column":4},"end":{"line":111,"column":50}},"44":{"start":{"line":114,"column":2},"end":{"line":117,"column":5}}},"fnMap":{"0":{"name":"(anonymous_0)","decl":{"start":{"line":7,"column":43},"end":{"line":7,"column":44}},"loc":{"start":{"line":7,"column":63},"end":{"line":33,"column":1}},"line":7},"1":{"name":"(anonymous_1)","decl":{"start":{"line":35,"column":45},"end":{"line":35,"column":46}},"loc":{"start":{"line":35,"column":65},"end":{"line":44,"column":1}},"line":35},"2":{"name":"(anonymous_2)","decl":{"start":{"line":46,"column":44},"end":{"line":46,"column":45}},"loc":{"start":{"line":46,"column":64},"end":{"line":58,"column":1}},"line":46},"3":{"name":"(anonymous_3)","decl":{"start":{"line":60,"column":43},"end":{"line":60,"column":44}},"loc":{"start":{"line":60,"column":63},"end":{"line":99,"column":1}},"line":60},"4":{"name":"(anonymous_4)","decl":{"start":{"line":101,"column":43},"end":{"line":101,"column":44}},"loc":{"start":{"line":101,"column":63},"end":{"line":118,"column":1}},"line":101}},"branchMap":{"0":{"loc":{"start":{"line":16,"column":2},"end":{"line":18,"column":3}},"type":"if","locations":[{"start":{"line":16,"column":2},"end":{"line":18,"column":3}},{"start":{},"end":{}}],"line":16},"1":{"loc":{"start":{"line":49,"column":2},"end":{"line":51,"column":3}},"type":"if","locations":[{"start":{"line":49,"column":2},"end":{"line":51,"column":3}},{"start":{},"end":{}}],"line":49},"2":{"loc":{"start":{"line":64,"column":2},"end":{"line":66,"column":3}},"type":"if","locations":[{"start":{"line":64,"column":2},"end":{"line":66,"column":3}},{"start":{},"end":{}}],"line":64},"3":{"loc":{"start":{"line":70,"column":2},"end":{"line":83,"column":3}},"type":"if","locations":[{"start":{"line":70,"column":2},"end":{"line":83,"column":3}},{"start":{},"end":{}}],"line":70},"4":{"loc":{"start":{"line":77,"column":4},"end":{"line":79,"column":5}},"type":"if","locations":[{"start":{"line":77,"column":4},"end":{"line":79,"column":5}},{"start":{},"end":{}}],"line":77},"5":{"loc":{"start":{"line":85,"column":2},"end":{"line":85,"column":70}},"type":"if","locations":[{"start":{"line":85,"column":2},"end":{"line":85,"column":70}},{"start":{},"end":{}}],"line":85},"6":{"loc":{"start":{"line":86,"column":2},"end":{"line":86,"column":52}},"type":"if","locations":[{"start":{"line":86,"column":2},"end":{"line":86,"column":52}},{"start":{},"end":{}}],"line":86},"7":{"loc":{"start":{"line":87,"column":2},"end":{"line":87,"column":61}},"type":"if","locations":[{"start":{"line":87,"column":2},"end":{"line":87,"column":61}},{"start":{},"end":{}}],"line":87},"8":{"loc":{"start":{"line":104,"column":2},"end":{"line":106,"column":3}},"type":"if","locations":[{"start":{"line":104,"column":2},"end":{"line":106,"column":3}},{"start":{},"end":{}}],"line":104},"9":{"loc":{"start":{"line":110,"column":2},"end":{"line":112,"column":3}},"type":"if","locations":[{"start":{"line":110,"column":2},"end":{"line":112,"column":3}},{"start":{},"end":{}}],"line":110}},"s":{"0":6,"1":3,"2":3,"3":3,"4":3,"5":1,"6":2,"7":2,"8":6,"9":0,"10":0,"11":6,"12":1,"13":1,"14":0,"15":1,"16":6,"17":0,"18":0,"19":0,"20":0,"21":0,"22":0,"23":0,"24":0,"25":0,"26":0,"27":0,"28":0,"29":0,"30":0,"31":0,"32":0,"33":0,"34":0,"35":0,"36":0,"37":6,"38":0,"39":0,"40":0,"41":0,"42":0,"43":0,"44":0},"f":{"0":3,"1":0,"2":1,"3":0,"4":0},"b":{"0":[1,2],"1":[0,1],"2":[0,0],"3":[0,0],"4":[0,0],"5":[0,0],"6":[0,0],"7":[0,0],"8":[0,0],"9":[0,0]},"_coverageSchema":"1a1c01bbd47fc00a2c39e90264f33305004495a9","hash":"eda30a85b1c338a8f8497aae138aa53feef6104d"}
,"C:\\Users\\mymai\\Desktop\\alokit\\backend\\src\\controllers\\order.controller.js": {"path":"C:\\Users\\mymai\\Desktop\\alokit\\backend\\src\\controllers\\order.controller.js","statementMap":{"0":{"start":{"line":11,"column":17},"end":{"line":16,"column":8}},"1":{"start":{"line":18,"column":36},"end":{"line":26,"column":1}},"2":{"start":{"line":19,"column":21},"end":{"line":19,"column":77}},"3":{"start":{"line":19,"column":46},"end":{"line":19,"column":76}},"4":{"start":{"line":21,"column":2},"end":{"line":25,"column":46}},"5":{"start":{"line":28,"column":42},"end":{"line":47,"column":1}},"6":{"start":{"line":29,"column":2},"end":{"line":31,"column":3}},"7":{"start":{"line":30,"column":4},"end":{"line":30,"column":60}},"8":{"start":{"line":33,"column":2},"end":{"line":35,"column":3}},"9":{"start":{"line":34,"column":4},"end":{"line":34,"column":87}},"10":{"start":{"line":37,"column":2},"end":{"line":39,"column":3}},"11":{"start":{"line":38,"column":4},"end":{"line":38,"column":80}},"12":{"start":{"line":41,"column":2},"end":{"line":46,"column":3}},"13":{"start":{"line":42,"column":4},"end":{"line":45,"column":6}},"14":{"start":{"line":49,"column":24},"end":{"line":94,"column":1}},"15":{"start":{"line":50,"column":29},"end":{"line":50,"column":69}},"16":{"start":{"line":52,"column":21},"end":{"line":91,"column":4}},"17":{"start":{"line":53,"column":20},"end":{"line":55,"column":5}},"18":{"start":{"line":54,"column":22},"end":{"line":54,"column":75}},"19":{"start":{"line":57,"column":4},"end":{"line":59,"column":5}},"20":{"start":{"line":58,"column":6},"end":{"line":58,"column":83}},"21":{"start":{"line":60,"column":4},"end":{"line":60,"column":93}},"22":{"start":{"line":62,"column":4},"end":{"line":90,"column":6}},"23":{"start":{"line":93,"column":2},"end":{"line":93,"column":33}},"24":{"start":{"line":96,"column":28},"end":{"line":125,"column":1}},"25":{"start":{"line":97,"column":2},"end":{"line":106,"column":3}},"26":{"start":{"line":98,"column":4},"end":{"line":105,"column":6}},"27":{"start":{"line":108,"column":2},"end":{"line":110,"column":3}},"28":{"start":{"line":109,"column":4},"end":{"line":109,"column":71}},"29":{"start":{"line":112,"column":2},"end":{"line":124,"column":3}},"30":{"start":{"line":113,"column":4},"end":{"line":121,"column":7}},"31":{"start":{"line":123,"column":4},"end":{"line":123,"column":80}},"32":{"start":{"line":127,"column":22},"end":{"line":130,"column":57}},"33":{"start":{"line":128,"column":2},"end":{"line":130,"column":57}},"34":{"start":{"line":132,"column":24},"end":{"line":186,"column":2}},"35":{"start":{"line":133,"column":15},"end":{"line":133,"column":57}},"36":{"start":{"line":135,"column":2},"end":{"line":137,"column":3}},"37":{"start":{"line":136,"column":4},"end":{"line":136,"column":45}},"38":{"start":{"line":139,"column":19},"end":{"line":139,"column":58}},"39":{"start":{"line":141,"column":2},"end":{"line":143,"column":3}},"40":{"start":{"line":142,"column":4},"end":{"line":142,"column":79}},"41":{"start":{"line":145,"column":34},"end":{"line":145,"column":71}},"42":{"start":{"line":147,"column":16},"end":{"line":159,"column":4}},"43":{"start":{"line":161,"column":2},"end":{"line":185,"column":3}},"44":{"start":{"line":162,"column":26},"end":{"line":162,"column":58}},"45":{"start":{"line":164,"column":4},"end":{"line":164,"column":60}},"46":{"start":{"line":165,"column":4},"end":{"line":165,"column":23}},"47":{"start":{"line":167,"column":4},"end":{"line":181,"column":7}},"48":{"start":{"line":183,"column":4},"end":{"line":183,"column":45}},"49":{"start":{"line":184,"column":4},"end":{"line":184,"column":16}},"50":{"start":{"line":188,"column":27},"end":{"line":203,"column":2}},"51":{"start":{"line":189,"column":17},"end":{"line":191,"column":57}},"52":{"start":{"line":193,"column":2},"end":{"line":202,"column":5}},"53":{"start":{"line":205,"column":28},"end":{"line":224,"column":2}},"54":{"start":{"line":206,"column":16},"end":{"line":206,"column":50}},"55":{"start":{"line":208,"column":2},"end":{"line":210,"column":3}},"56":{"start":{"line":209,"column":4},"end":{"line":209,"column":47}},"57":{"start":{"line":212,"column":18},"end":{"line":212,"column":71}},"58":{"start":{"line":213,"column":18},"end":{"line":213,"column":65}},"59":{"start":{"line":215,"column":2},"end":{"line":217,"column":3}},"60":{"start":{"line":216,"column":4},"end":{"line":216,"column":72}},"61":{"start":{"line":219,"column":2},"end":{"line":223,"column":5}},"62":{"start":{"line":226,"column":28},"end":{"line":257,"column":2}},"63":{"start":{"line":227,"column":15},"end":{"line":227,"column":42}},"64":{"start":{"line":228,"column":16},"end":{"line":228,"column":45}},"65":{"start":{"line":229,"column":15},"end":{"line":229,"column":33}},"66":{"start":{"line":230,"column":17},"end":{"line":230,"column":19}},"67":{"start":{"line":232,"column":2},"end":{"line":234,"column":3}},"68":{"start":{"line":233,"column":4},"end":{"line":233,"column":47}},"69":{"start":{"line":236,"column":2},"end":{"line":238,"column":3}},"70":{"start":{"line":237,"column":4},"end":{"line":237,"column":51}},"71":{"start":{"line":240,"column":16},"end":{"line":240,"column":50}},"72":{"start":{"line":241,"column":17},"end":{"line":245,"column":44}},"73":{"start":{"line":247,"column":2},"end":{"line":256,"column":5}},"74":{"start":{"line":259,"column":33},"end":{"line":276,"column":2}},"75":{"start":{"line":260,"column":16},"end":{"line":260,"column":51}},"76":{"start":{"line":262,"column":2},"end":{"line":264,"column":3}},"77":{"start":{"line":263,"column":4},"end":{"line":263,"column":47}},"78":{"start":{"line":266,"column":2},"end":{"line":266,"column":43}},"79":{"start":{"line":267,"column":2},"end":{"line":267,"column":21}},"80":{"start":{"line":269,"column":23},"end":{"line":269,"column":53}},"81":{"start":{"line":271,"column":2},"end":{"line":275,"column":5}}},"fnMap":{"0":{"name":"(anonymous_0)","decl":{"start":{"line":18,"column":36},"end":{"line":18,"column":37}},"loc":{"start":{"line":18,"column":52},"end":{"line":26,"column":1}},"line":18},"1":{"name":"(anonymous_1)","decl":{"start":{"line":19,"column":36},"end":{"line":19,"column":37}},"loc":{"start":{"line":19,"column":46},"end":{"line":19,"column":76}},"line":19},"2":{"name":"(anonymous_2)","decl":{"start":{"line":28,"column":42},"end":{"line":28,"column":43}},"loc":{"start":{"line":28,"column":87},"end":{"line":47,"column":1}},"line":28},"3":{"name":"(anonymous_3)","decl":{"start":{"line":49,"column":24},"end":{"line":49,"column":25}},"loc":{"start":{"line":49,"column":49},"end":{"line":94,"column":1}},"line":49},"4":{"name":"(anonymous_4)","decl":{"start":{"line":52,"column":31},"end":{"line":52,"column":32}},"loc":{"start":{"line":52,"column":41},"end":{"line":91,"column":3}},"line":52},"5":{"name":"(anonymous_5)","decl":{"start":{"line":54,"column":6},"end":{"line":54,"column":7}},"loc":{"start":{"line":54,"column":22},"end":{"line":54,"column":75}},"line":54},"6":{"name":"(anonymous_6)","decl":{"start":{"line":96,"column":28},"end":{"line":96,"column":29}},"loc":{"start":{"line":96,"column":45},"end":{"line":125,"column":1}},"line":96},"7":{"name":"(anonymous_7)","decl":{"start":{"line":127,"column":22},"end":{"line":127,"column":23}},"loc":{"start":{"line":128,"column":2},"end":{"line":130,"column":57}},"line":128},"8":{"name":"(anonymous_8)","decl":{"start":{"line":132,"column":37},"end":{"line":132,"column":38}},"loc":{"start":{"line":132,"column":57},"end":{"line":186,"column":1}},"line":132},"9":{"name":"(anonymous_9)","decl":{"start":{"line":188,"column":40},"end":{"line":188,"column":41}},"loc":{"start":{"line":188,"column":60},"end":{"line":203,"column":1}},"line":188},"10":{"name":"(anonymous_10)","decl":{"start":{"line":205,"column":41},"end":{"line":205,"column":42}},"loc":{"start":{"line":205,"column":61},"end":{"line":224,"column":1}},"line":205},"11":{"name":"(anonymous_11)","decl":{"start":{"line":226,"column":41},"end":{"line":226,"column":42}},"loc":{"start":{"line":226,"column":61},"end":{"line":257,"column":1}},"line":226},"12":{"name":"(anonymous_12)","decl":{"start":{"line":259,"column":46},"end":{"line":259,"column":47}},"loc":{"start":{"line":259,"column":66},"end":{"line":276,"column":1}},"line":259}},"branchMap":{"0":{"loc":{"start":{"line":11,"column":17},"end":{"line":16,"column":8}},"type":"cond-expr","locations":[{"start":{"line":12,"column":4},"end":{"line":15,"column":6}},{"start":{"line":16,"column":4},"end":{"line":16,"column":8}}],"line":11},"1":{"loc":{"start":{"line":19,"column":46},"end":{"line":19,"column":76}},"type":"binary-expr","locations":[{"start":{"line":19,"column":46},"end":{"line":19,"column":60}},{"start":{"line":19,"column":64},"end":{"line":19,"column":76}}],"line":19},"2":{"loc":{"start":{"line":28,"column":62},"end":{"line":28,"column":82}},"type":"default-arg","locations":[{"start":{"line":28,"column":73},"end":{"line":28,"column":82}}],"line":28},"3":{"loc":{"start":{"line":29,"column":2},"end":{"line":31,"column":3}},"type":"if","locations":[{"start":{"line":29,"column":2},"end":{"line":31,"column":3}},{"start":{},"end":{}}],"line":29},"4":{"loc":{"start":{"line":33,"column":2},"end":{"line":35,"column":3}},"type":"if","locations":[{"start":{"line":33,"column":2},"end":{"line":35,"column":3}},{"start":{},"end":{}}],"line":33},"5":{"loc":{"start":{"line":33,"column":6},"end":{"line":33,"column":54}},"type":"binary-expr","locations":[{"start":{"line":33,"column":6},"end":{"line":33,"column":33}},{"start":{"line":33,"column":37},"end":{"line":33,"column":54}}],"line":33},"6":{"loc":{"start":{"line":34,"column":31},"end":{"line":34,"column":60}},"type":"binary-expr","locations":[{"start":{"line":34,"column":31},"end":{"line":34,"column":44}},{"start":{"line":34,"column":48},"end":{"line":34,"column":60}}],"line":34},"7":{"loc":{"start":{"line":37,"column":2},"end":{"line":39,"column":3}},"type":"if","locations":[{"start":{"line":37,"column":2},"end":{"line":39,"column":3}},{"start":{},"end":{}}],"line":37},"8":{"loc":{"start":{"line":38,"column":31},"end":{"line":38,"column":60}},"type":"binary-expr","locations":[{"start":{"line":38,"column":31},"end":{"line":38,"column":44}},{"start":{"line":38,"column":48},"end":{"line":38,"column":60}}],"line":38},"9":{"loc":{"start":{"line":41,"column":2},"end":{"line":46,"column":3}},"type":"if","locations":[{"start":{"line":41,"column":2},"end":{"line":46,"column":3}},{"start":{},"end":{}}],"line":41},"10":{"loc":{"start":{"line":44,"column":53},"end":{"line":44,"column":82}},"type":"binary-expr","locations":[{"start":{"line":44,"column":53},"end":{"line":44,"column":66}},{"start":{"line":44,"column":70},"end":{"line":44,"column":82}}],"line":44},"11":{"loc":{"start":{"line":57,"column":4},"end":{"line":59,"column":5}},"type":"if","locations":[{"start":{"line":57,"column":4},"end":{"line":59,"column":5}},{"start":{},"end":{}}],"line":57},"12":{"loc":{"start":{"line":60,"column":62},"end":{"line":60,"column":91}},"type":"binary-expr","locations":[{"start":{"line":60,"column":62},"end":{"line":60,"column":78}},{"start":{"line":60,"column":82},"end":{"line":60,"column":91}}],"line":60},"13":{"loc":{"start":{"line":64,"column":17},"end":{"line":64,"column":46}},"type":"binary-expr","locations":[{"start":{"line":64,"column":17},"end":{"line":64,"column":31}},{"start":{"line":64,"column":35},"end":{"line":64,"column":46}}],"line":64},"14":{"loc":{"start":{"line":65,"column":19},"end":{"line":65,"column":68}},"type":"binary-expr","locations":[{"start":{"line":65,"column":19},"end":{"line":65,"column":35}},{"start":{"line":65,"column":39},"end":{"line":65,"column":52}},{"start":{"line":65,"column":56},"end":{"line":65,"column":68}}],"line":65},"15":{"loc":{"start":{"line":66,"column":19},"end":{"line":66,"column":51}},"type":"binary-expr","locations":[{"start":{"line":66,"column":19},"end":{"line":66,"column":35}},{"start":{"line":66,"column":39},"end":{"line":66,"column":51}}],"line":66},"16":{"loc":{"start":{"line":68,"column":8},"end":{"line":68,"column":78}},"type":"binary-expr","locations":[{"start":{"line":68,"column":8},"end":{"line":68,"column":26}},{"start":{"line":68,"column":30},"end":{"line":68,"column":51}},{"start":{"line":68,"column":55},"end":{"line":68,"column":72}},{"start":{"line":68,"column":76},"end":{"line":68,"column":78}}],"line":68},"17":{"loc":{"start":{"line":69,"column":23},"end":{"line":69,"column":51}},"type":"binary-expr","locations":[{"start":{"line":69,"column":23},"end":{"line":69,"column":43}},{"start":{"line":69,"column":47},"end":{"line":69,"column":51}}],"line":69},"18":{"loc":{"start":{"line":70,"column":12},"end":{"line":70,"column":61}},"type":"binary-expr","locations":[{"start":{"line":70,"column":12},"end":{"line":70,"column":28}},{"start":{"line":70,"column":32},"end":{"line":70,"column":45}},{"start":{"line":70,"column":49},"end":{"line":70,"column":61}}],"line":70},"19":{"loc":{"start":{"line":71,"column":12},"end":{"line":71,"column":44}},"type":"binary-expr","locations":[{"start":{"line":71,"column":12},"end":{"line":71,"column":28}},{"start":{"line":71,"column":32},"end":{"line":71,"column":44}}],"line":71},"20":{"loc":{"start":{"line":73,"column":17},"end":{"line":73,"column":87}},"type":"binary-expr","locations":[{"start":{"line":73,"column":17},"end":{"line":73,"column":35}},{"start":{"line":73,"column":39},"end":{"line":73,"column":60}},{"start":{"line":73,"column":64},"end":{"line":73,"column":81}},{"start":{"line":73,"column":85},"end":{"line":73,"column":87}}],"line":73},"21":{"loc":{"start":{"line":75,"column":16},"end":{"line":75,"column":57}},"type":"binary-expr","locations":[{"start":{"line":75,"column":16},"end":{"line":75,"column":37}},{"start":{"line":75,"column":41},"end":{"line":75,"column":57}}],"line":75},"22":{"loc":{"start":{"line":76,"column":20},"end":{"line":76,"column":48}},"type":"binary-expr","locations":[{"start":{"line":76,"column":20},"end":{"line":76,"column":42}},{"start":{"line":76,"column":46},"end":{"line":76,"column":48}}],"line":76},"23":{"loc":{"start":{"line":77,"column":19},"end":{"line":77,"column":66}},"type":"binary-expr","locations":[{"start":{"line":77,"column":19},"end":{"line":77,"column":43}},{"start":{"line":77,"column":47},"end":{"line":77,"column":66}}],"line":77},"24":{"loc":{"start":{"line":78,"column":23},"end":{"line":78,"column":54}},"type":"binary-expr","locations":[{"start":{"line":78,"column":23},"end":{"line":78,"column":48}},{"start":{"line":78,"column":52},"end":{"line":78,"column":54}}],"line":78},"25":{"loc":{"start":{"line":97,"column":2},"end":{"line":106,"column":3}},"type":"if","locations":[{"start":{"line":97,"column":2},"end":{"line":106,"column":3}},{"start":{},"end":{}}],"line":97},"26":{"loc":{"start":{"line":108,"column":2},"end":{"line":110,"column":3}},"type":"if","locations":[{"start":{"line":108,"column":2},"end":{"line":110,"column":3}},{"start":{},"end":{}}],"line":108},"27":{"loc":{"start":{"line":123,"column":28},"end":{"line":123,"column":78}},"type":"binary-expr","locations":[{"start":{"line":123,"column":28},"end":{"line":123,"column":41}},{"start":{"line":123,"column":45},"end":{"line":123,"column":78}}],"line":123},"28":{"loc":{"start":{"line":135,"column":2},"end":{"line":137,"column":3}},"type":"if","locations":[{"start":{"line":135,"column":2},"end":{"line":137,"column":3}},{"start":{},"end":{}}],"line":135},"29":{"loc":{"start":{"line":135,"column":6},"end":{"line":135,"column":38}},"type":"binary-expr","locations":[{"start":{"line":135,"column":6},"end":{"line":135,"column":11}},{"start":{"line":135,"column":15},"end":{"line":135,"column":38}}],"line":135},"30":{"loc":{"start":{"line":141,"column":2},"end":{"line":143,"column":3}},"type":"if","locations":[{"start":{"line":141,"column":2},"end":{"line":143,"column":3}},{"start":{},"end":{}}],"line":141},"31":{"loc":{"start":{"line":154,"column":11},"end":{"line":154,"column":31}},"type":"binary-expr","locations":[{"start":{"line":154,"column":11},"end":{"line":154,"column":25}},{"start":{"line":154,"column":29},"end":{"line":154,"column":31}}],"line":154},"32":{"loc":{"start":{"line":155,"column":19},"end":{"line":155,"column":55}},"type":"binary-expr","locations":[{"start":{"line":155,"column":19},"end":{"line":155,"column":41}},{"start":{"line":155,"column":45},"end":{"line":155,"column":55}}],"line":155},"33":{"loc":{"start":{"line":175,"column":23},"end":{"line":175,"column":79}},"type":"cond-expr","locations":[{"start":{"line":175,"column":46},"end":{"line":175,"column":59}},{"start":{"line":175,"column":62},"end":{"line":175,"column":79}}],"line":175},"34":{"loc":{"start":{"line":177,"column":28},"end":{"line":177,"column":66}},"type":"cond-expr","locations":[{"start":{"line":177,"column":51},"end":{"line":177,"column":57}},{"start":{"line":177,"column":60},"end":{"line":177,"column":66}}],"line":177},"35":{"loc":{"start":{"line":208,"column":2},"end":{"line":210,"column":3}},"type":"if","locations":[{"start":{"line":208,"column":2},"end":{"line":210,"column":3}},{"start":{},"end":{}}],"line":208},"36":{"loc":{"start":{"line":215,"column":2},"end":{"line":217,"column":3}},"type":"if","locations":[{"start":{"line":215,"column":2},"end":{"line":217,"column":3}},{"start":{},"end":{}}],"line":215},"37":{"loc":{"start":{"line":215,"column":6},"end":{"line":215,"column":26}},"type":"binary-expr","locations":[{"start":{"line":215,"column":6},"end":{"line":215,"column":14}},{"start":{"line":215,"column":18},"end":{"line":215,"column":26}}],"line":215},"38":{"loc":{"start":{"line":227,"column":15},"end":{"line":227,"column":42}},"type":"binary-expr","locations":[{"start":{"line":227,"column":15},"end":{"line":227,"column":37}},{"start":{"line":227,"column":41},"end":{"line":227,"column":42}}],"line":227},"39":{"loc":{"start":{"line":228,"column":16},"end":{"line":228,"column":45}},"type":"binary-expr","locations":[{"start":{"line":228,"column":16},"end":{"line":228,"column":39}},{"start":{"line":228,"column":43},"end":{"line":228,"column":45}}],"line":228},"40":{"loc":{"start":{"line":232,"column":2},"end":{"line":234,"column":3}},"type":"if","locations":[{"start":{"line":232,"column":2},"end":{"line":234,"column":3}},{"start":{},"end":{}}],"line":232},"41":{"loc":{"start":{"line":236,"column":2},"end":{"line":238,"column":3}},"type":"if","locations":[{"start":{"line":236,"column":2},"end":{"line":238,"column":3}},{"start":{},"end":{}}],"line":236},"42":{"loc":{"start":{"line":253,"column":16},"end":{"line":253,"column":45}},"type":"binary-expr","locations":[{"start":{"line":253,"column":16},"end":{"line":253,"column":40}},{"start":{"line":253,"column":44},"end":{"line":253,"column":45}}],"line":253},"43":{"loc":{"start":{"line":262,"column":2},"end":{"line":264,"column":3}},"type":"if","locations":[{"start":{"line":262,"column":2},"end":{"line":264,"column":3}},{"start":{},"end":{}}],"line":262}},"s":{"0":6,"1":6,"2":11,"3":11,"4":11,"5":6,"6":11,"7":0,"8":11,"9":0,"10":11,"11":0,"12":11,"13":1,"14":6,"15":11,"16":11,"17":11,"18":11,"19":11,"20":0,"21":11,"22":10,"23":10,"24":6,"25":10,"26":10,"27":0,"28":0,"29":0,"30":0,"31":0,"32":6,"33":1,"34":6,"35":12,"36":12,"37":1,"38":11,"39":11,"40":0,"41":11,"42":10,"43":10,"44":10,"45":10,"46":10,"47":10,"48":0,"49":0,"50":6,"51":0,"52":0,"53":6,"54":1,"55":1,"56":0,"57":1,"58":1,"59":1,"60":1,"61":0,"62":6,"63":1,"64":1,"65":1,"66":1,"67":1,"68":0,"69":1,"70":0,"71":1,"72":1,"73":1,"74":6,"75":0,"76":0,"77":0,"78":0,"79":0,"80":0,"81":0},"f":{"0":11,"1":11,"2":11,"3":11,"4":11,"5":11,"6":10,"7":1,"8":12,"9":0,"10":1,"11":1,"12":0},"b":{"0":[0,6],"1":[11,0],"2":[0],"3":[0,11],"4":[0,11],"5":[11,11],"6":[0,0],"7":[0,11],"8":[0,0],"9":[1,10],"10":[1,0],"11":[0,11],"12":[11,0],"13":[10,0],"14":[10,0,0],"15":[10,0],"16":[10,0,0,0],"17":[10,9],"18":[10,0,0],"19":[10,0],"20":[10,0,0,0],"21":[10,0],"22":[10,0],"23":[10,0],"24":[10,0],"25":[10,0],"26":[0,0],"27":[0,0],"28":[1,11],"29":[12,11],"30":[0,11],"31":[10,0],"32":[10,0],"33":[10,0],"34":[10,0],"35":[0,1],"36":[1,0],"37":[1,1],"38":[1,1],"39":[1,1],"40":[0,1],"41":[0,1],"42":[1,0],"43":[0,0]},"_coverageSchema":"1a1c01bbd47fc00a2c39e90264f33305004495a9","hash":"c5950fe2aff0e0577fa2b4e35d05a8c014fe98eb"}
,"C:\\Users\\mymai\\Desktop\\alokit\\backend\\src\\controllers\\payment.controller.js": {"path":"C:\\Users\\mymai\\Desktop\\alokit\\backend\\src\\controllers\\payment.controller.js","statementMap":{"0":{"start":{"line":10,"column":24},"end":{"line":10,"column":72}},"1":{"start":{"line":10,"column":45},"end":{"line":10,"column":71}},"2":{"start":{"line":12,"column":33},"end":{"line":24,"column":1}},"3":{"start":{"line":13,"column":2},"end":{"line":15,"column":3}},"4":{"start":{"line":14,"column":4},"end":{"line":14,"column":47}},"5":{"start":{"line":17,"column":2},"end":{"line":19,"column":3}},"6":{"start":{"line":18,"column":4},"end":{"line":18,"column":74}},"7":{"start":{"line":21,"column":2},"end":{"line":23,"column":3}},"8":{"start":{"line":22,"column":4},"end":{"line":22,"column":64}},"9":{"start":{"line":26,"column":33},"end":{"line":42,"column":1}},"10":{"start":{"line":27,"column":2},"end":{"line":29,"column":3}},"11":{"start":{"line":28,"column":4},"end":{"line":28,"column":11}},"12":{"start":{"line":31,"column":2},"end":{"line":41,"column":4}},"13":{"start":{"line":32,"column":42},"end":{"line":40,"column":5}},"14":{"start":{"line":44,"column":31},"end":{"line":55,"column":1}},"15":{"start":{"line":45,"column":2},"end":{"line":54,"column":5}},"16":{"start":{"line":57,"column":31},"end":{"line":173,"column":1}},"17":{"start":{"line":64,"column":2},"end":{"line":66,"column":3}},"18":{"start":{"line":65,"column":4},"end":{"line":65,"column":40}},"19":{"start":{"line":68,"column":23},"end":{"line":68,"column":47}},"20":{"start":{"line":69,"column":26},"end":{"line":72,"column":24}},"21":{"start":{"line":74,"column":2},"end":{"line":76,"column":3}},"22":{"start":{"line":75,"column":4},"end":{"line":75,"column":93}},"23":{"start":{"line":78,"column":27},"end":{"line":78,"column":29}},"24":{"start":{"line":79,"column":24},"end":{"line":79,"column":29}},"25":{"start":{"line":80,"column":24},"end":{"line":80,"column":29}},"26":{"start":{"line":82,"column":2},"end":{"line":172,"column":3}},"27":{"start":{"line":83,"column":4},"end":{"line":113,"column":5}},"28":{"start":{"line":84,"column":22},"end":{"line":86,"column":46}},"29":{"start":{"line":88,"column":6},"end":{"line":90,"column":7}},"30":{"start":{"line":89,"column":8},"end":{"line":89,"column":65}},"31":{"start":{"line":92,"column":6},"end":{"line":94,"column":7}},"32":{"start":{"line":93,"column":8},"end":{"line":93,"column":71}},"33":{"start":{"line":96,"column":6},"end":{"line":98,"column":7}},"34":{"start":{"line":97,"column":8},"end":{"line":97,"column":64}},"35":{"start":{"line":100,"column":6},"end":{"line":102,"column":7}},"36":{"start":{"line":101,"column":8},"end":{"line":101,"column":92}},"37":{"start":{"line":104,"column":6},"end":{"line":104,"column":68}},"38":{"start":{"line":105,"column":6},"end":{"line":105,"column":81}},"39":{"start":{"line":106,"column":6},"end":{"line":106,"column":42}},"40":{"start":{"line":107,"column":6},"end":{"line":107,"column":39}},"41":{"start":{"line":109,"column":6},"end":{"line":112,"column":9}},"42":{"start":{"line":115,"column":19},"end":{"line":115,"column":29}},"43":{"start":{"line":116,"column":25},"end":{"line":135,"column":5}},"44":{"start":{"line":137,"column":4},"end":{"line":149,"column":5}},"45":{"start":{"line":138,"column":6},"end":{"line":141,"column":7}},"46":{"start":{"line":139,"column":8},"end":{"line":139,"column":57}},"47":{"start":{"line":140,"column":8},"end":{"line":140,"column":31}},"48":{"start":{"line":143,"column":26},"end":{"line":143,"column":77}},"49":{"start":{"line":144,"column":6},"end":{"line":146,"column":7}},"50":{"start":{"line":145,"column":8},"end":{"line":145,"column":57}},"51":{"start":{"line":148,"column":6},"end":{"line":148,"column":82}},"52":{"start":{"line":151,"column":4},"end":{"line":151,"column":27}},"53":{"start":{"line":153,"column":4},"end":{"line":157,"column":6}},"54":{"start":{"line":159,"column":4},"end":{"line":159,"column":55}},"55":{"start":{"line":161,"column":4},"end":{"line":169,"column":5}},"56":{"start":{"line":162,"column":6},"end":{"line":164,"column":7}},"57":{"start":{"line":163,"column":8},"end":{"line":163,"column":48}},"58":{"start":{"line":166,"column":6},"end":{"line":168,"column":7}},"59":{"start":{"line":167,"column":8},"end":{"line":167,"column":57}},"60":{"start":{"line":171,"column":4},"end":{"line":171,"column":16}},"61":{"start":{"line":175,"column":29},"end":{"line":228,"column":2}},"62":{"start":{"line":176,"column":82},"end":{"line":176,"column":90}},"63":{"start":{"line":178,"column":2},"end":{"line":180,"column":3}},"64":{"start":{"line":179,"column":4},"end":{"line":179,"column":65}},"65":{"start":{"line":183,"column":4},"end":{"line":186,"column":43}},"66":{"start":{"line":188,"column":27},"end":{"line":195,"column":8}},"67":{"start":{"line":197,"column":2},"end":{"line":199,"column":3}},"68":{"start":{"line":198,"column":4},"end":{"line":198,"column":66}},"69":{"start":{"line":201,"column":21},"end":{"line":219,"column":4}},"70":{"start":{"line":202,"column":18},"end":{"line":204,"column":37}},"71":{"start":{"line":206,"column":4},"end":{"line":210,"column":7}},"72":{"start":{"line":212,"column":4},"end":{"line":218,"column":7}},"73":{"start":{"line":221,"column":2},"end":{"line":227,"column":5}}},"fnMap":{"0":{"name":"(anonymous_0)","decl":{"start":{"line":10,"column":24},"end":{"line":10,"column":25}},"loc":{"start":{"line":10,"column":45},"end":{"line":10,"column":71}},"line":10},"1":{"name":"(anonymous_1)","decl":{"start":{"line":12,"column":33},"end":{"line":12,"column":34}},"loc":{"start":{"line":12,"column":73},"end":{"line":24,"column":1}},"line":12},"2":{"name":"(anonymous_2)","decl":{"start":{"line":26,"column":33},"end":{"line":26,"column":34}},"loc":{"start":{"line":26,"column":61},"end":{"line":42,"column":1}},"line":26},"3":{"name":"(anonymous_3)","decl":{"start":{"line":32,"column":25},"end":{"line":32,"column":26}},"loc":{"start":{"line":32,"column":42},"end":{"line":40,"column":5}},"line":32},"4":{"name":"(anonymous_4)","decl":{"start":{"line":44,"column":31},"end":{"line":44,"column":32}},"loc":{"start":{"line":44,"column":50},"end":{"line":55,"column":1}},"line":44},"5":{"name":"(anonymous_5)","decl":{"start":{"line":57,"column":31},"end":{"line":57,"column":32}},"loc":{"start":{"line":63,"column":6},"end":{"line":173,"column":1}},"line":63},"6":{"name":"(anonymous_6)","decl":{"start":{"line":175,"column":42},"end":{"line":175,"column":43}},"loc":{"start":{"line":175,"column":62},"end":{"line":228,"column":1}},"line":175},"7":{"name":"(anonymous_7)","decl":{"start":{"line":201,"column":47},"end":{"line":201,"column":48}},"loc":{"start":{"line":201,"column":70},"end":{"line":219,"column":3}},"line":201}},"branchMap":{"0":{"loc":{"start":{"line":10,"column":25},"end":{"line":10,"column":39}},"type":"default-arg","locations":[{"start":{"line":10,"column":35},"end":{"line":10,"column":39}}],"line":10},"1":{"loc":{"start":{"line":10,"column":45},"end":{"line":10,"column":71}},"type":"cond-expr","locations":[{"start":{"line":10,"column":55},"end":{"line":10,"column":66}},{"start":{"line":10,"column":69},"end":{"line":10,"column":71}}],"line":10},"2":{"loc":{"start":{"line":13,"column":2},"end":{"line":15,"column":3}},"type":"if","locations":[{"start":{"line":13,"column":2},"end":{"line":15,"column":3}},{"start":{},"end":{}}],"line":13},"3":{"loc":{"start":{"line":17,"column":2},"end":{"line":19,"column":3}},"type":"if","locations":[{"start":{"line":17,"column":2},"end":{"line":19,"column":3}},{"start":{},"end":{}}],"line":17},"4":{"loc":{"start":{"line":21,"column":2},"end":{"line":23,"column":3}},"type":"if","locations":[{"start":{"line":21,"column":2},"end":{"line":23,"column":3}},{"start":{},"end":{}}],"line":21},"5":{"loc":{"start":{"line":27,"column":2},"end":{"line":29,"column":3}},"type":"if","locations":[{"start":{"line":27,"column":2},"end":{"line":29,"column":3}},{"start":{},"end":{}}],"line":27},"6":{"loc":{"start":{"line":62,"column":2},"end":{"line":62,"column":16}},"type":"default-arg","locations":[{"start":{"line":62,"column":12},"end":{"line":62,"column":16}}],"line":62},"7":{"loc":{"start":{"line":64,"column":2},"end":{"line":66,"column":3}},"type":"if","locations":[{"start":{"line":64,"column":2},"end":{"line":66,"column":3}},{"start":{},"end":{}}],"line":64},"8":{"loc":{"start":{"line":74,"column":2},"end":{"line":76,"column":3}},"type":"if","locations":[{"start":{"line":74,"column":2},"end":{"line":76,"column":3}},{"start":{},"end":{}}],"line":74},"9":{"loc":{"start":{"line":84,"column":22},"end":{"line":86,"column":46}},"type":"cond-expr","locations":[{"start":{"line":85,"column":10},"end":{"line":85,"column":63}},{"start":{"line":86,"column":10},"end":{"line":86,"column":46}}],"line":84},"10":{"loc":{"start":{"line":88,"column":6},"end":{"line":90,"column":7}},"type":"if","locations":[{"start":{"line":88,"column":6},"end":{"line":90,"column":7}},{"start":{},"end":{}}],"line":88},"11":{"loc":{"start":{"line":92,"column":6},"end":{"line":94,"column":7}},"type":"if","locations":[{"start":{"line":92,"column":6},"end":{"line":94,"column":7}},{"start":{},"end":{}}],"line":92},"12":{"loc":{"start":{"line":92,"column":10},"end":{"line":92,"column":58}},"type":"binary-expr","locations":[{"start":{"line":92,"column":10},"end":{"line":92,"column":37}},{"start":{"line":92,"column":41},"end":{"line":92,"column":58}}],"line":92},"13":{"loc":{"start":{"line":96,"column":6},"end":{"line":98,"column":7}},"type":"if","locations":[{"start":{"line":96,"column":6},"end":{"line":98,"column":7}},{"start":{},"end":{}}],"line":96},"14":{"loc":{"start":{"line":100,"column":6},"end":{"line":102,"column":7}},"type":"if","locations":[{"start":{"line":100,"column":6},"end":{"line":102,"column":7}},{"start":{},"end":{}}],"line":100},"15":{"loc":{"start":{"line":105,"column":33},"end":{"line":105,"column":55}},"type":"binary-expr","locations":[{"start":{"line":105,"column":33},"end":{"line":105,"column":50}},{"start":{"line":105,"column":54},"end":{"line":105,"column":55}}],"line":105},"16":{"loc":{"start":{"line":137,"column":4},"end":{"line":149,"column":5}},"type":"if","locations":[{"start":{"line":137,"column":4},"end":{"line":149,"column":5}},{"start":{},"end":{}}],"line":137},"17":{"loc":{"start":{"line":138,"column":6},"end":{"line":141,"column":7}},"type":"if","locations":[{"start":{"line":138,"column":6},"end":{"line":141,"column":7}},{"start":{},"end":{}}],"line":138},"18":{"loc":{"start":{"line":144,"column":6},"end":{"line":146,"column":7}},"type":"if","locations":[{"start":{"line":144,"column":6},"end":{"line":146,"column":7}},{"start":{},"end":{}}],"line":144},"19":{"loc":{"start":{"line":161,"column":4},"end":{"line":169,"column":5}},"type":"if","locations":[{"start":{"line":161,"column":4},"end":{"line":169,"column":5}},{"start":{},"end":{}}],"line":161},"20":{"loc":{"start":{"line":162,"column":6},"end":{"line":164,"column":7}},"type":"if","locations":[{"start":{"line":162,"column":6},"end":{"line":164,"column":7}},{"start":{},"end":{}}],"line":162},"21":{"loc":{"start":{"line":166,"column":6},"end":{"line":168,"column":7}},"type":"if","locations":[{"start":{"line":166,"column":6},"end":{"line":168,"column":7}},{"start":{},"end":{}}],"line":166},"22":{"loc":{"start":{"line":178,"column":2},"end":{"line":180,"column":3}},"type":"if","locations":[{"start":{"line":178,"column":2},"end":{"line":180,"column":3}},{"start":{},"end":{}}],"line":178},"23":{"loc":{"start":{"line":178,"column":6},"end":{"line":178,"column":53}},"type":"binary-expr","locations":[{"start":{"line":178,"column":6},"end":{"line":178,"column":28}},{"start":{"line":178,"column":32},"end":{"line":178,"column":53}}],"line":178},"24":{"loc":{"start":{"line":183,"column":4},"end":{"line":186,"column":43}},"type":"binary-expr","locations":[{"start":{"line":183,"column":4},"end":{"line":183,"column":24}},{"start":{"line":184,"column":4},"end":{"line":184,"column":47}},{"start":{"line":185,"column":4},"end":{"line":185,"column":51}},{"start":{"line":186,"column":4},"end":{"line":186,"column":43}}],"line":183},"25":{"loc":{"start":{"line":188,"column":27},"end":{"line":195,"column":8}},"type":"cond-expr","locations":[{"start":{"line":189,"column":6},"end":{"line":189,"column":10}},{"start":{"line":190,"column":6},"end":{"line":195,"column":8}}],"line":188},"26":{"loc":{"start":{"line":197,"column":2},"end":{"line":199,"column":3}},"type":"if","locations":[{"start":{"line":197,"column":2},"end":{"line":199,"column":3}},{"start":{},"end":{}}],"line":197},"27":{"loc":{"start":{"line":202,"column":18},"end":{"line":204,"column":37}},"type":"cond-expr","locations":[{"start":{"line":203,"column":8},"end":{"line":203,"column":54}},{"start":{"line":204,"column":8},"end":{"line":204,"column":37}}],"line":202},"28":{"loc":{"start":{"line":223,"column":13},"end":{"line":225,"column":39}},"type":"cond-expr","locations":[{"start":{"line":224,"column":8},"end":{"line":224,"column":34}},{"start":{"line":225,"column":8},"end":{"line":225,"column":39}}],"line":223}},"s":{"0":6,"1":4,"2":6,"3":6,"4":0,"5":6,"6":1,"7":5,"8":0,"9":6,"10":2,"11":1,"12":1,"13":1,"14":6,"15":1,"16":6,"17":5,"18":1,"19":4,"20":4,"21":4,"22":0,"23":4,"24":4,"25":4,"26":4,"27":4,"28":4,"29":4,"30":0,"31":4,"32":0,"33":4,"34":1,"35":3,"36":0,"37":3,"38":3,"39":3,"40":3,"41":3,"42":3,"43":3,"44":3,"45":0,"46":0,"47":0,"48":0,"49":0,"50":0,"51":0,"52":3,"53":3,"54":2,"55":2,"56":2,"57":1,"58":2,"59":2,"60":2,"61":6,"62":7,"63":7,"64":0,"65":7,"66":7,"67":7,"68":1,"69":6,"70":6,"71":6,"72":5,"73":3},"f":{"0":4,"1":6,"2":2,"3":1,"4":1,"5":5,"6":7,"7":6},"b":{"0":[0],"1":[0,4],"2":[0,6],"3":[1,5],"4":[0,5],"5":[1,1],"6":[0],"7":[1,4],"8":[0,4],"9":[0,4],"10":[0,4],"11":[0,4],"12":[4,4],"13":[1,3],"14":[0,3],"15":[3,3],"16":[0,3],"17":[0,0],"18":[0,0],"19":[2,0],"20":[1,1],"21":[2,0],"22":[0,7],"23":[7,7],"24":[7,7,7,7],"25":[6,1],"26":[1,6],"27":[0,6],"28":[1,2]},"_coverageSchema":"1a1c01bbd47fc00a2c39e90264f33305004495a9","hash":"a63507cc968ca0282f44044121161c563247647b"}
,"C:\\Users\\mymai\\Desktop\\alokit\\backend\\src\\controllers\\product.controller.js": {"path":"C:\\Users\\mymai\\Desktop\\alokit\\backend\\src\\controllers\\product.controller.js","statementMap":{"0":{"start":{"line":13,"column":24},"end":{"line":16,"column":1}},"1":{"start":{"line":18,"column":36},"end":{"line":32,"column":1}},"2":{"start":{"line":19,"column":16},"end":{"line":19,"column":42}},"3":{"start":{"line":20,"column":28},"end":{"line":20,"column":66}},"4":{"start":{"line":21,"column":23},"end":{"line":21,"column":33}},"5":{"start":{"line":23,"column":2},"end":{"line":31,"column":4}},"6":{"start":{"line":34,"column":40},"end":{"line":44,"column":2}},"7":{"start":{"line":34,"column":61},"end":{"line":44,"column":1}},"8":{"start":{"line":46,"column":38},"end":{"line":46,"column":68}},"9":{"start":{"line":48,"column":32},"end":{"line":115,"column":1}},"10":{"start":{"line":49,"column":18},"end":{"line":49,"column":39}},"11":{"start":{"line":50,"column":15},"end":{"line":50,"column":62}},"12":{"start":{"line":51,"column":27},"end":{"line":57,"column":3}},"13":{"start":{"line":58,"column":25},"end":{"line":58,"column":77}},"14":{"start":{"line":60,"column":4},"end":{"line":60,"column":84}},"15":{"start":{"line":60,"column":37},"end":{"line":60,"column":52}},"16":{"start":{"line":61,"column":23},"end":{"line":61,"column":95}},"17":{"start":{"line":62,"column":31},"end":{"line":69,"column":7}},"18":{"start":{"line":70,"column":21},"end":{"line":70,"column":47}},"19":{"start":{"line":72,"column":2},"end":{"line":114,"column":4}},"20":{"start":{"line":74,"column":45},"end":{"line":77,"column":5}},"21":{"start":{"line":80,"column":51},"end":{"line":80,"column":60}},"22":{"start":{"line":117,"column":29},"end":{"line":130,"column":1}},"23":{"start":{"line":118,"column":2},"end":{"line":120,"column":3}},"24":{"start":{"line":119,"column":4},"end":{"line":119,"column":17}},"25":{"start":{"line":122,"column":2},"end":{"line":127,"column":3}},"26":{"start":{"line":123,"column":4},"end":{"line":126,"column":23}},"27":{"start":{"line":125,"column":21},"end":{"line":125,"column":32}},"28":{"start":{"line":129,"column":2},"end":{"line":129,"column":12}},"29":{"start":{"line":132,"column":30},"end":{"line":181,"column":1}},"30":{"start":{"line":140,"column":4},"end":{"line":146,"column":14}},"31":{"start":{"line":148,"column":21},"end":{"line":170,"column":34}},"32":{"start":{"line":150,"column":6},"end":{"line":157,"column":7}},"33":{"start":{"line":151,"column":8},"end":{"line":156,"column":10}},"34":{"start":{"line":159,"column":6},"end":{"line":166,"column":7}},"35":{"start":{"line":160,"column":8},"end":{"line":165,"column":10}},"36":{"start":{"line":168,"column":6},"end":{"line":168,"column":18}},"37":{"start":{"line":170,"column":23},"end":{"line":170,"column":33}},"38":{"start":{"line":172,"column":2},"end":{"line":174,"column":3}},"39":{"start":{"line":172,"column":55},"end":{"line":172,"column":70}},"40":{"start":{"line":173,"column":4},"end":{"line":173,"column":35}},"41":{"start":{"line":176,"column":2},"end":{"line":180,"column":6}},"42":{"start":{"line":176,"column":49},"end":{"line":180,"column":3}},"43":{"start":{"line":179,"column":35},"end":{"line":179,"column":49}},"44":{"start":{"line":183,"column":27},"end":{"line":183,"column":99}},"45":{"start":{"line":183,"column":38},"end":{"line":183,"column":99}},"46":{"start":{"line":183,"column":79},"end":{"line":183,"column":98}},"47":{"start":{"line":185,"column":36},"end":{"line":200,"column":3}},"48":{"start":{"line":186,"column":2},"end":{"line":200,"column":3}},"49":{"start":{"line":188,"column":27},"end":{"line":191,"column":8}},"50":{"start":{"line":193,"column":6},"end":{"line":198,"column":8}},"51":{"start":{"line":202,"column":27},"end":{"line":210,"column":20}},"52":{"start":{"line":203,"column":2},"end":{"line":210,"column":20}},"53":{"start":{"line":209,"column":20},"end":{"line":209,"column":35}},"54":{"start":{"line":212,"column":29},"end":{"line":218,"column":1}},"55":{"start":{"line":213,"column":28},"end":{"line":213,"column":63}},"56":{"start":{"line":214,"column":24},"end":{"line":214,"column":90}},"57":{"start":{"line":214,"column":58},"end":{"line":214,"column":73}},"58":{"start":{"line":215,"column":28},"end":{"line":215,"column":101}},"59":{"start":{"line":215,"column":67},"end":{"line":215,"column":100}},"60":{"start":{"line":217,"column":2},"end":{"line":217,"column":45}},"61":{"start":{"line":220,"column":30},"end":{"line":224,"column":1}},"62":{"start":{"line":221,"column":2},"end":{"line":223,"column":4}},"63":{"start":{"line":222,"column":34},"end":{"line":222,"column":49}},"64":{"start":{"line":226,"column":22},"end":{"line":240,"column":1}},"65":{"start":{"line":227,"column":2},"end":{"line":239,"column":3}},"66":{"start":{"line":229,"column":6},"end":{"line":229,"column":59}},"67":{"start":{"line":231,"column":6},"end":{"line":231,"column":61}},"68":{"start":{"line":233,"column":6},"end":{"line":233,"column":35}},"69":{"start":{"line":235,"column":6},"end":{"line":235,"column":37}},"70":{"start":{"line":238,"column":6},"end":{"line":238,"column":31}},"71":{"start":{"line":242,"column":32},"end":{"line":374,"column":1}},"72":{"start":{"line":243,"column":22},"end":{"line":243,"column":45}},"73":{"start":{"line":244,"column":14},"end":{"line":244,"column":77}},"74":{"start":{"line":244,"column":23},"end":{"line":244,"column":77}},"75":{"start":{"line":245,"column":19},"end":{"line":245,"column":78}},"76":{"start":{"line":246,"column":20},"end":{"line":246,"column":79}},"77":{"start":{"line":247,"column":18},"end":{"line":247,"column":59}},"78":{"start":{"line":248,"column":27},"end":{"line":255,"column":7}},"79":{"start":{"line":257,"column":4},"end":{"line":257,"column":84}},"80":{"start":{"line":257,"column":37},"end":{"line":257,"column":52}},"81":{"start":{"line":259,"column":2},"end":{"line":373,"column":4}},"82":{"start":{"line":289,"column":57},"end":{"line":289,"column":66}},"83":{"start":{"line":376,"column":27},"end":{"line":454,"column":1}},"84":{"start":{"line":377,"column":17},"end":{"line":377,"column":43}},"85":{"start":{"line":379,"column":2},"end":{"line":381,"column":3}},"86":{"start":{"line":380,"column":4},"end":{"line":380,"column":37}},"87":{"start":{"line":383,"column":2},"end":{"line":385,"column":3}},"88":{"start":{"line":384,"column":4},"end":{"line":384,"column":43}},"89":{"start":{"line":387,"column":2},"end":{"line":389,"column":3}},"90":{"start":{"line":388,"column":4},"end":{"line":388,"column":43}},"91":{"start":{"line":391,"column":2},"end":{"line":393,"column":3}},"92":{"start":{"line":392,"column":4},"end":{"line":392,"column":42}},"93":{"start":{"line":395,"column":2},"end":{"line":397,"column":3}},"94":{"start":{"line":396,"column":4},"end":{"line":396,"column":50}},"95":{"start":{"line":399,"column":2},"end":{"line":401,"column":3}},"96":{"start":{"line":400,"column":4},"end":{"line":400,"column":60}},"97":{"start":{"line":403,"column":2},"end":{"line":405,"column":3}},"98":{"start":{"line":404,"column":4},"end":{"line":404,"column":71}},"99":{"start":{"line":407,"column":2},"end":{"line":409,"column":3}},"100":{"start":{"line":408,"column":4},"end":{"line":408,"column":30}},"101":{"start":{"line":411,"column":2},"end":{"line":413,"column":3}},"102":{"start":{"line":412,"column":4},"end":{"line":412,"column":31}},"103":{"start":{"line":415,"column":2},"end":{"line":435,"column":3}},"104":{"start":{"line":416,"column":4},"end":{"line":416,"column":22}},"105":{"start":{"line":417,"column":28},"end":{"line":417,"column":30}},"106":{"start":{"line":418,"column":28},"end":{"line":420,"column":5}},"107":{"start":{"line":422,"column":4},"end":{"line":426,"column":5}},"108":{"start":{"line":423,"column":6},"end":{"line":425,"column":9}},"109":{"start":{"line":428,"column":4},"end":{"line":432,"column":5}},"110":{"start":{"line":429,"column":6},"end":{"line":431,"column":9}},"111":{"start":{"line":434,"column":4},"end":{"line":434,"column":95}},"112":{"start":{"line":437,"column":2},"end":{"line":451,"column":3}},"113":{"start":{"line":438,"column":29},"end":{"line":443,"column":5}},"114":{"start":{"line":445,"column":4},"end":{"line":450,"column":5}},"115":{"start":{"line":446,"column":6},"end":{"line":446,"column":69}},"116":{"start":{"line":447,"column":6},"end":{"line":447,"column":24}},"117":{"start":{"line":449,"column":6},"end":{"line":449,"column":36}},"118":{"start":{"line":453,"column":2},"end":{"line":453,"column":16}},"119":{"start":{"line":456,"column":24},"end":{"line":460,"column":1}},"120":{"start":{"line":457,"column":2},"end":{"line":459,"column":3}},"121":{"start":{"line":458,"column":4},"end":{"line":458,"column":76}},"122":{"start":{"line":462,"column":33},"end":{"line":476,"column":1}},"123":{"start":{"line":463,"column
[...]
":1,"227":0,"228":1,"229":0,"230":1,"231":1,"232":1,"233":1,"234":1,"235":1,"236":1,"237":1,"238":0,"239":0,"240":6,"241":2,"242":2,"243":0,"244":2,"245":2,"246":2,"247":2,"248":2,"249":2},"f":{"0":20,"1":22,"2":20,"3":20,"4":21,"5":21,"6":7,"7":0,"8":27,"9":28,"10":28,"11":26,"12":28,"13":28,"14":7,"15":3,"16":5,"17":6,"18":1,"19":1,"20":1,"21":1,"22":1,"23":1,"24":0,"25":8,"26":6,"27":113,"28":5,"29":6,"30":8,"31":6,"32":6,"33":6,"34":8,"35":6,"36":4,"37":0,"38":0,"39":0,"40":1,"41":1,"42":1,"43":2},"b":{"0":[0],"1":[20,1],"2":[20,0],"3":[20,20],"4":[20,19],"5":[1,19],"6":[18],"7":[3],"8":[20,4],"9":[20,0],"10":[20,0,0],"11":[20,0],"12":[9,11],"13":[20,0,0],"14":[20,0,0,0],"15":[20,0],"16":[20,0,0],"17":[20,0],"18":[20,0],"19":[20,0],"20":[20,0],"21":[2,5],"22":[0,5],"23":[2],"24":[0],"25":[6],"26":[5],"27":[7],"28":[25,2],"29":[27,27],"30":[0,2],"31":[2,2],"32":[1,1],"33":[1,27],"34":[1,0],"35":[1,0],"36":[27,0],"37":[27,27],"38":[27,9],"39":[27,0,0],"40":[27,0,0],"41":[0,27],"42":[27,26],"43":[28,0,0],"44":[28,0],"45":[0],"46":[0],"47":[0],"48":[6,0],"49":[6,3,0],"50":[1,0,0],"51":[1,0],"52":[1,0],"53":[0],"54":[1,0],"55":[0,0,0,0,0,8],"56":[0],"57":[0],"58":[6,6,0],"59":[6,0,0],"60":[0,6],"61":[0,0],"62":[4,2],"63":[4,0],"64":[2,0],"65":[2,1],"66":[6,1,1],"67":[6,0],"68":[6,6],"69":[6,0],"70":[6,6,6],"71":[0,6],"72":[6,0],"73":[6,0],"74":[6,5,5,1],"75":[6,1,1,1],"76":[6,1,1,1],"77":[6,0],"78":[6,6,6,1],"79":[0,6],"80":[0,0],"81":[0,6],"82":[0,0],"83":[0,6],"84":[0,0],"85":[0,0],"86":[0,6],"87":[0,0],"88":[0,6],"89":[6,0],"90":[6,6],"91":[0,6],"92":[0,6],"93":[0,0,0],"94":[0,0,0,0],"95":[0,0],"96":[0,0],"97":[0,0,0],"98":[0,0,0,0,0],"99":[0,0],"100":[0,0],"101":[0,6],"102":[6,6],"103":[0,0,0,0],"104":[0,6],"105":[6,6],"106":[0,0,0,0],"107":[0],"108":[0,8],"109":[0,8],"110":[0,8],"111":[0,8],"112":[0,8],"113":[0,8],"114":[1,7],"115":[1,0],"116":[0,8],"117":[1,7],"118":[0,8],"119":[8,8],"120":[0,0],"121":[0,0],"122":[0,0],"123":[0,8],"124":[0,0],"125":[0,6],"126":[6,6],"127":[0,6],"128":[0,6],"129":[1,5],"130":[4,2],"131":[4,0,0],"132":[0,6],"133":[6,5],"134":[5,0],"135":[5,0],"136":[8,2],"137":[1,3],"138":[0,0],"139":[0,0],"140":[0,0],"141":[0,0],"142":[0,0],"143":[0,0],"144":[0,0],"145":[0,0],"146":[0,0,0,0,0],"147":[0,0],"148":[0,0,0],"149":[0,0],"150":[0,0],"151":[0,0],"152":[0,0,0],"153":[0,0],"154":[0,0,0],"155":[0,0],"156":[0,0],"157":[0,0],"158":[0,0],"159":[0,0],"160":[0,0],"161":[0,0],"162":[0,0],"163":[0,0],"164":[0,0],"165":[0,0],"166":[0,0],"167":[0,0],"168":[0,1],"169":[0,1],"170":[1,0,0],"171":[1,0,0],"172":[1,0],"173":[1,0,0],"174":[0,2],"175":[2,0,0]},"_coverageSchema":"1a1c01bbd47fc00a2c39e90264f33305004495a9","hash":"1309929a9060199588ae7a38da461b6124198ec0"}
,"C:\\Users\\mymai\\Desktop\\alokit\\backend\\src\\controllers\\subcategory.controller.js": {"path":"C:\\Users\\mymai\\Desktop\\alokit\\backend\\src\\controllers\\subcategory.controller.js","statementMap":{"0":{"start":{"line":8,"column":33},"end":{"line":40,"column":2}},"1":{"start":{"line":9,"column":52},"end":{"line":9,"column":60}},"2":{"start":{"line":11,"column":25},"end":{"line":11,"column":58}},"3":{"start":{"line":12,"column":2},"end":{"line":14,"column":3}},"4":{"start":{"line":13,"column":4},"end":{"line":13,"column":57}},"5":{"start":{"line":16,"column":15},"end":{"line":16,"column":29}},"6":{"start":{"line":18,"column":30},"end":{"line":21,"column":4}},"7":{"start":{"line":23,"column":2},"end":{"line":25,"column":3}},"8":{"start":{"line":24,"column":4},"end":{"line":24,"column":75}},"9":{"start":{"line":27,"column":22},"end":{"line":33,"column":4}},"10":{"start":{"line":35,"column":2},"end":{"line":39,"column":5}},"11":{"start":{"line":42,"column":35},"end":{"line":58,"column":2}},"12":{"start":{"line":43,"column":17},"end":{"line":43,"column":19}},"13":{"start":{"line":44,"column":2},"end":{"line":46,"column":3}},"14":{"start":{"line":45,"column":4},"end":{"line":45,"column":41}},"15":{"start":{"line":48,"column":24},"end":{"line":50,"column":28}},"16":{"start":{"line":52,"column":2},"end":{"line":57,"column":5}},"17":{"start":{"line":60,"column":34},"end":{"line":75,"column":2}},"18":{"start":{"line":61,"column":22},"end":{"line":64,"column":3}},"19":{"start":{"line":66,"column":2},"end":{"line":68,"column":3}},"20":{"start":{"line":67,"column":4},"end":{"line":67,"column":53}},"21":{"start":{"line":70,"column":2},"end":{"line":74,"column":5}},"22":{"start":{"line":77,"column":33},"end":{"line":130,"column":2}},"23":{"start":{"line":78,"column":52},"end":{"line":78,"column":60}},"24":{"start":{"line":79,"column":29},"end":{"line":79,"column":70}},"25":{"start":{"line":81,"column":2},"end":{"line":83,"column":3}},"26":{"start":{"line":82,"column":4},"end":{"line":82,"column":53}},"27":{"start":{"line":85,"column":21},"end":{"line":85,"column":23}},"28":{"start":{"line":86,"column":21},"end":{"line":86,"column":71}},"29":{"start":{"line":87,"column":19},"end":{"line":87,"column":50}},"30":{"start":{"line":88,"column":19},"end":{"line":88,"column":37}},"31":{"start":{"line":90,"column":2},"end":{"line":95,"column":3}},"32":{"start":{"line":91,"column":27},"end":{"line":91,"column":62}},"33":{"start":{"line":92,"column":4},"end":{"line":94,"column":5}},"34":{"start":{"line":93,"column":6},"end":{"line":93,"column":59}},"35":{"start":{"line":97,"column":31},"end":{"line":101,"column":4}},"36":{"start":{"line":103,"column":2},"end":{"line":105,"column":3}},"37":{"start":{"line":104,"column":4},"end":{"line":104,"column":75}},"38":{"start":{"line":107,"column":2},"end":{"line":110,"column":3}},"39":{"start":{"line":108,"column":4},"end":{"line":108,"column":27}},"40":{"start":{"line":109,"column":4},"end":{"line":109,"column":31}},"41":{"start":{"line":112,"column":2},"end":{"line":112,"column":63}},"42":{"start":{"line":112,"column":30},"end":{"line":112,"column":63}},"43":{"start":{"line":113,"column":2},"end":{"line":113,"column":70}},"44":{"start":{"line":113,"column":33},"end":{"line":113,"column":70}},"45":{"start":{"line":114,"column":2},"end":{"line":114,"column":61}},"46":{"start":{"line":114,"column":30},"end":{"line":114,"column":61}},"47":{"start":{"line":116,"column":22},"end":{"line":123,"column":37}},"48":{"start":{"line":125,"column":2},"end":{"line":129,"column":5}},"49":{"start":{"line":132,"column":33},"end":{"line":151,"column":2}},"50":{"start":{"line":133,"column":25},"end":{"line":135,"column":4}},"51":{"start":{"line":137,"column":2},"end":{"line":139,"column":3}},"52":{"start":{"line":138,"column":4},"end":{"line":138,"column":91}},"53":{"start":{"line":141,"column":22},"end":{"line":141,"column":72}},"54":{"start":{"line":143,"column":2},"end":{"line":145,"column":3}},"55":{"start":{"line":144,"column":4},"end":{"line":144,"column":53}},"56":{"start":{"line":147,"column":2},"end":{"line":150,"column":5}}},"fnMap":{"0":{"name":"(anonymous_0)","decl":{"start":{"line":8,"column":46},"end":{"line":8,"column":47}},"loc":{"start":{"line":8,"column":66},"end":{"line":40,"column":1}},"line":8},"1":{"name":"(anonymous_1)","decl":{"start":{"line":42,"column":48},"end":{"line":42,"column":49}},"loc":{"start":{"line":42,"column":68},"end":{"line":58,"column":1}},"line":42},"2":{"name":"(anonymous_2)","decl":{"start":{"line":60,"column":47},"end":{"line":60,"column":48}},"loc":{"start":{"line":60,"column":67},"end":{"line":75,"column":1}},"line":60},"3":{"name":"(anonymous_3)","decl":{"start":{"line":77,"column":46},"end":{"line":77,"column":47}},"loc":{"start":{"line":77,"column":66},"end":{"line":130,"column":1}},"line":77},"4":{"name":"(anonymous_4)","decl":{"start":{"line":132,"column":46},"end":{"line":132,"column":47}},"loc":{"start":{"line":132,"column":66},"end":{"line":151,"column":1}},"line":132}},"branchMap":{"0":{"loc":{"start":{"line":12,"column":2},"end":{"line":14,"column":3}},"type":"if","locations":[{"start":{"line":12,"column":2},"end":{"line":14,"column":3}},{"start":{},"end":{}}],"line":12},"1":{"loc":{"start":{"line":23,"column":2},"end":{"line":25,"column":3}},"type":"if","locations":[{"start":{"line":23,"column":2},"end":{"line":25,"column":3}},{"start":{},"end":{}}],"line":23},"2":{"loc":{"start":{"line":44,"column":2},"end":{"line":46,"column":3}},"type":"if","locations":[{"start":{"line":44,"column":2},"end":{"line":46,"column":3}},{"start":{},"end":{}}],"line":44},"3":{"loc":{"start":{"line":66,"column":2},"end":{"line":68,"column":3}},"type":"if","locations":[{"start":{"line":66,"column":2},"end":{"line":68,"column":3}},{"start":{},"end":{}}],"line":66},"4":{"loc":{"start":{"line":81,"column":2},"end":{"line":83,"column":3}},"type":"if","locations":[{"start":{"line":81,"column":2},"end":{"line":83,"column":3}},{"start":{},"end":{}}],"line":81},"5":{"loc":{"start":{"line":86,"column":21},"end":{"line":86,"column":71}},"type":"binary-expr","locations":[{"start":{"line":86,"column":21},"end":{"line":86,"column":29}},{"start":{"line":86,"column":33},"end":{"line":86,"column":71}}],"line":86},"6":{"loc":{"start":{"line":87,"column":19},"end":{"line":87,"column":50}},"type":"binary-expr","locations":[{"start":{"line":87,"column":19},"end":{"line":87,"column":23}},{"start":{"line":87,"column":27},"end":{"line":87,"column":50}}],"line":87},"7":{"loc":{"start":{"line":90,"column":2},"end":{"line":95,"column":3}},"type":"if","locations":[{"start":{"line":90,"column":2},"end":{"line":95,"column":3}},{"start":{},"end":{}}],"line":90},"8":{"loc":{"start":{"line":92,"column":4},"end":{"line":94,"column":5}},"type":"if","locations":[{"start":{"line":92,"column":4},"end":{"line":94,"column":5}},{"start":{},"end":{}}],"line":92},"9":{"loc":{"start":{"line":103,"column":2},"end":{"line":105,"column":3}},"type":"if","locations":[{"start":{"line":103,"column":2},"end":{"line":105,"column":3}},{"start":{},"end":{}}],"line":103},"10":{"loc":{"start":{"line":107,"column":2},"end":{"line":110,"column":3}},"type":"if","locations":[{"start":{"line":107,"column":2},"end":{"line":110,"column":3}},{"start":{},"end":{}}],"line":107},"11":{"loc":{"start":{"line":112,"column":2},"end":{"line":112,"column":63}},"type":"if","locations":[{"start":{"line":112,"column":2},"end":{"line":112,"column":63}},{"start":{},"end":{}}],"line":112},"12":{"loc":{"start":{"line":113,"column":2},"end":{"line":113,"column":70}},"type":"if","locations":[{"start":{"line":113,"column":2},"end":{"line":113,"column":70}},{"start":{},"end":{}}],"line":113},"13":{"loc":{"start":{"line":114,"column":2},"end":{"line":114,"column":61}},"type":"if","locations":[{"start":{"line":114,"column":2},"end":{"line":114,"column":61}},{"start":{},"end":{}}],"line":114},"14":{"loc":{"start":{"line":137,"column":2},"end":{"line":139,"column":3}},"type":"if","locations":[{"start":{"line":137,"column":2},"end":{"line":139,"column":3}},{"start":{},"end":{}}],"line":137},"15":{"loc":{"start":{"line":143,"column":2},"end":{"line":145,"column":3}},"type":"if","locations":[{"start":{"line":143,"column":2},"end":{"line":145,"column":3}},{"start":{},"end":{}}],"line":143}},"s":{"0":6,"1":3,"2":3,"3":3,"4":1,"5":2,"6":2,"7":2,"8":0,"9":2,"10":2,"11":6,"12":0,"13":0,"14":0,"15":0,"16":0,"17":6,"18":0,"19":0,"20":0,"21":0,"22":6,"23":0,"24":0,"25":0,"26":0,"27":0,"28":0,"29":0,"30":0,"31":0,"32":0,"33":0,"34":0,"35":0,"36":0,"37":0,"38":0,"39":0,"40":0,"41":0,"42":0,"43":0,"44":0,"45":0,"46":0,"47":0,"48":0,"49":6,"50":0,"51":0,"52":0,"53":0,"54":0,"55":0,"56":0},"f":{"0":3,"1":0,"2":0,"3":0,"4":0},"b":{"0":[1,2],"1":[0,2],"2":[0,0],"3":[0,0],"4":[0,0],"5":[0,0],"6":[0,0],"7":[0,0],"8":[0,0],"9":[0,0],"10":[0,0],"11":[0,0],"12":[0,0],"13":[0,0],"14":[0,0],"15":[0,0]},"_coverageSchema":"1a1c01bbd47fc00a2c39e90264f33305004495a9","hash":"a2b8ac8ac425437afb454a33f7fda53d081d698b"}
,"C:\\Users\\mymai\\Desktop\\alokit\\backend\\src\\middlewares\\auth.middleware.js": {"path":"C:\\Users\\mymai\\Desktop\\alokit\\backend\\src\\middlewares\\auth.middleware.js","statementMap":{"0":{"start":{"line":7,"column":16},"end":{"line":37,"column":2}},"1":{"start":{"line":10,"column":2},"end":{"line":15,"column":3}},"2":{"start":{"line":14,"column":4},"end":{"line":14,"column":52}},"3":{"start":{"line":17,"column":2},"end":{"line":19,"column":3}},"4":{"start":{"line":18,"column":4},"end":{"line":18,"column":65}},"5":{"start":{"line":23,"column":2},"end":{"line":27,"column":3}},"6":{"start":{"line":24,"column":4},"end":{"line":24,"column":47}},"7":{"start":{"line":26,"column":4},"end":{"line":26,"column":57}},"8":{"start":{"line":29,"column":15},"end":{"line":29,"column":66}},"9":{"start":{"line":31,"column":2},"end":{"line":33,"column":3}},"10":{"start":{"line":32,"column":4},"end":{"line":32,"column":69}},"11":{"start":{"line":35,"column":2},"end":{"line":35,"column":18}},"12":{"start":{"line":36,"column":2},"end":{"line":36,"column":9}}},"fnMap":{"0":{"name":"(anonymous_0)","decl":{"start":{"line":7,"column":29},"end":{"line":7,"column":30}},"loc":{"start":{"line":7,"column":55},"end":{"line":37,"column":1}},"line":7}},"branchMap":{"0":{"loc":{"start":{"line":10,"column":2},"end":{"line":15,"column":3}},"type":"if","locations":[{"start":{"line":10,"column":2},"end":{"line":15,"column":3}},{"start":{},"end":{}}],"line":10},"1":{"loc":{"start":{"line":11,"column":4},"end":{"line":12,"column":51}},"type":"binary-expr","locations":[{"start":{"line":11,"column":4},"end":{"line":11,"column":29}},{"start":{"line":12,"column":4},"end":{"line":12,"column":51}}],"line":11},"2":{"loc":{"start":{"line":17,"column":2},"end":{"line":19,"column":3}},"type":"if","locations":[{"start":{"line":17,"column":2},"end":{"line":19,"column":3}},{"start":{},"end":{}}],"line":17},"3":{"loc":{"start":{"line":31,"column":2},"end":{"line":33,"column":3}},"type":"if","locations":[{"start":{"line":31,"column":2},"end":{"line":33,"column":3}},{"start":{},"end":{}}],"line":31},"4":{"loc":{"start":{"line":31,"column":6},"end":{"line":31,"column":29}},"type":"binary-expr","locations":[{"start":{"line":31,"column":6},"end":{"line":31,"column":11}},{"start":{"line":31,"column":15},"end":{"line":31,"column":29}}],"line":31}},"s":{"0":6,"1":98,"2":95,"3":98,"4":3,"5":95,"6":95,"7":0,"8":95,"9":95,"10":0,"11":95,"12":95},"f":{"0":98},"b":{"0":[95,3],"1":[98,95],"2":[3,95],"3":[0,95],"4":[95,95]},"_coverageSchema":"1a1c01bbd47fc00a2c39e90264f33305004495a9","hash":"ac81b6941d5de078acf67e9aa15185814cf80cce"}
,"C:\\Users\\mymai\\Desktop\\alokit\\backend\\src\\middlewares\\error.middleware.js": {"path":"C:\\Users\\mymai\\Desktop\\alokit\\backend\\src\\middlewares\\error.middleware.js","statementMap":{"0":{"start":{"line":1,"column":24},"end":{"line":38,"column":1}},"1":{"start":{"line":2,"column":19},"end":{"line":2,"column":40}},"2":{"start":{"line":3,"column":16},"end":{"line":3,"column":54}},"3":{"start":{"line":5,"column":2},"end":{"line":13,"column":3}},"4":{"start":{"line":6,"column":4},"end":{"line":6,"column":21}},"5":{"start":{"line":7,"column":4},"end":{"line":12,"column":42}},"6":{"start":{"line":15,"column":2},"end":{"line":18,"column":3}},"7":{"start":{"line":16,"column":4},"end":{"line":16,"column":21}},"8":{"start":{"line":17,"column":4},"end":{"line":17,"column":44}},"9":{"start":{"line":20,"column":2},"end":{"line":24,"column":3}},"10":{"start":{"line":21,"column":4},"end":{"line":21,"column":21}},"11":{"start":{"line":22,"column":27},"end":{"line":22,"column":55}},"12":{"start":{"line":23,"column":4},"end":{"line":23,"column":49}},"13":{"start":{"line":26,"column":2},"end":{"line":31,"column":3}},"14":{"start":{"line":27,"column":4},"end":{"line":27,"column":21}},"15":{"start":{"line":28,"column":4},"end":{"line":30,"column":18}},"16":{"start":{"line":29,"column":22},"end":{"line":29,"column":35}},"17":{"start":{"line":33,"column":2},"end":{"line":37,"column":5}}},"fnMap":{"0":{"name":"(anonymous_0)","decl":{"start":{"line":1,"column":24},"end":{"line":1,"column":25}},"loc":{"start":{"line":1,"column":49},"end":{"line":38,"column":1}},"line":1},"1":{"name":"(anonymous_1)","decl":{"start":{"line":29,"column":11},"end":{"line":29,"column":12}},"loc":{"start":{"line":29,"column":22},"end":{"line":29,"column":35}},"line":29}},"branchMap":{"0":{"loc":{"start":{"line":2,"column":19},"end":{"line":2,"column":40}},"type":"binary-expr","locations":[{"start":{"line":2,"column":19},"end":{"line":2,"column":33}},{"start":{"line":2,"column":37},"end":{"line":2,"column":40}}],"line":2},"1":{"loc":{"start":{"line":3,"column":16},"end":{"line":3,"column":54}},"type":"binary-expr","locations":[{"start":{"line":3,"column":16},"end":{"line":3,"column":27}},{"start":{"line":3,"column":31},"end":{"line":3,"column":54}}],"line":3},"2":{"loc":{"start":{"line":5,"column":2},"end":{"line":13,"column":3}},"type":"if","locations":[{"start":{"line":5,"column":2},"end":{"line":13,"column":3}},{"start":{},"end":{}}],"line":5},"3":{"loc":{"start":{"line":8,"column":6},"end":{"line":12,"column":41}},"type":"cond-expr","locations":[{"start":{"line":9,"column":10},"end":{"line":9,"column":45}},{"start":{"line":10,"column":10},"end":{"line":12,"column":41}}],"line":8},"4":{"loc":{"start":{"line":10,"column":10},"end":{"line":12,"column":41}},"type":"cond-expr","locations":[{"start":{"line":11,"column":12},"end":{"line":11,"column":48}},{"start":{"line":12,"column":12},"end":{"line":12,"column":41}}],"line":10},"5":{"loc":{"start":{"line":15,"column":2},"end":{"line":18,"column":3}},"type":"if","locations":[{"start":{"line":15,"column":2},"end":{"line":18,"column":3}},{"start":{},"end":{}}],"line":15},"6":{"loc":{"start":{"line":20,"column":2},"end":{"line":24,"column":3}},"type":"if","locations":[{"start":{"line":20,"column":2},"end":{"line":24,"column":3}},{"start":{},"end":{}}],"line":20},"7":{"loc":{"start":{"line":26,"column":2},"end":{"line":31,"column":3}},"type":"if","locations":[{"start":{"line":26,"column":2},"end":{"line":31,"column":3}},{"start":{},"end":{}}],"line":26},"8":{"loc":{"start":{"line":36,"column":8},"end":{"line":36,"column":70}},"type":"binary-expr","locations":[{"start":{"line":36,"column":8},"end":{"line":36,"column":46}},{"start":{"line":36,"column":50},"end":{"line":36,"column":70}}],"line":36}},"s":{"0":6,"1":29,"2":29,"3":29,"4":1,"5":1,"6":29,"7":0,"8":0,"9":29,"10":0,"11":0,"12":0,"13":29,"14":0,"15":0,"16":0,"17":29},"f":{"0":29,"1":0},"b":{"0":[29,2],"1":[29,0],"2":[1,28],"3":[1,0],"4":[0,0],"5":[0,29],"6":[0,29],"7":[0,29],"8":[29,0]},"_coverageSchema":"1a1c01bbd47fc00a2c39e90264f33305004495a9","hash":"010b28402edaa21a31e09215cfdadb03268f80ea"}
,"C:\\Users\\mymai\\Desktop\\alokit\\backend\\src\\middlewares\\notFound.middleware.js": {"path":"C:\\Users\\mymai\\Desktop\\alokit\\backend\\src\\middlewares\\notFound.middleware.js","statementMap":{"0":{"start":{"line":3,"column":27},"end":{"line":5,"column":1}},"1":{"start":{"line":4,"column":2},"end":{"line":4,"column":65}}},"fnMap":{"0":{"name":"(anonymous_0)","decl":{"start":{"line":3,"column":27},"end":{"line":3,"column":28}},"loc":{"start":{"line":3,"column":47},"end":{"line":5,"column":1}},"line":3}},"branchMap":{},"s":{"0":6,"1":1},"f":{"0":1},"b":{},"_coverageSchema":"1a1c01bbd47fc00a2c39e90264f33305004495a9","hash":"2293d62abdd687bcb40967d2b59261115110c7a3"}
,"C:\\Users\\mymai\\Desktop\\alokit\\backend\\src\\utils\\verifyRazorpaySignature.js": {"path":"C:\\Users\\mymai\\Desktop\\alokit\\backend\\src\\utils\\verifyRazorpaySignature.js","statementMap":{"0":{"start":{"line":3,"column":32},"end":{"line":16,"column":1}},"1":{"start":{"line":9,"column":15},"end":{"line":9,"column":56}},"2":{"start":{"line":10,"column":28},"end":{"line":13,"column":18}},"3":{"start":{"line":15,"column":2},"end":{"line":15,"column":49}}},"fnMap":{"0":{"name":"(anonymous_0)","decl":{"start":{"line":3,"column":32},"end":{"line":3,"column":33}},"loc":{"start":{"line":8,"column":6},"end":{"line":16,"column":1}},"line":8}},"branchMap":{},"s":{"0":6,"1":1,"2":1,"3":1},"f":{"0":1},"b":{},"_coverageSchema":"1a1c01bbd47fc00a2c39e90264f33305004495a9","hash":"98c8c290c9cea71622952cfa608b025b48ccfca7"}
}
