TN:
SF:src\controllers\auth.controller.js
FN:9,(anonymous_0)
FN:22,(anonymous_1)
FN:51,(anonymous_2)
FN:85,(anonymous_3)
FN:93,(anonymous_4)
FN:131,(anonymous_5)
FN:182,(anonymous_6)
FNF:7
FNH:6
FNDA:4,(anonymous_0)
FNDA:2,(anonymous_1)
FNDA:3,(anonymous_2)
FNDA:0,(anonymous_3)
FNDA:2,(anonymous_4)
FNDA:2,(anonymous_5)
FNDA:1,(anonymous_6)
DA:9,6
DA:22,6
DA:23,2
DA:25,2
DA:26,2
DA:27,2
DA:28,1
DA:31,1
DA:39,1
DA:41,1
DA:51,6
DA:52,3
DA:54,3
DA:56,3
DA:57,0
DA:60,3
DA:61,1
DA:64,2
DA:66,2
DA:67,1
DA:70,1
DA:71,1
DA:73,1
DA:75,1
DA:85,6
DA:86,0
DA:93,6
DA:94,2
DA:96,2
DA:98,2
DA:99,0
DA:102,2
DA:103,1
DA:106,1
DA:107,0
DA:110,1
DA:112,1
DA:113,0
DA:116,1
DA:117,1
DA:119,1
DA:121,1
DA:131,6
DA:132,2
DA:133,2
DA:137,2
DA:138,0
DA:145,2
DA:146,2
DA:148,2
DA:149,2
DA:151,2
DA:152,2
DA:153,2
DA:161,2
DA:174,0
DA:175,0
DA:176,0
DA:178,0
DA:182,6
DA:183,1
DA:184,1
DA:186,1
DA:191,1
DA:192,0
DA:195,1
DA:196,1
DA:197,1
DA:198,1
DA:200,1
DA:201,1
DA:202,1
DA:207,0
DA:217,1
DA:219,1
LF:75
LH:63
BRDA:14,0,0,4
BRDA:14,0,1,0
BRDA:17,1,0,4
BRDA:17,1,1,2
BRDA:27,2,0,1
BRDA:27,2,1,1
BRDA:56,3,0,0
BRDA:56,3,1,3
BRDA:60,4,0,1
BRDA:60,4,1,2
BRDA:66,5,0,1
BRDA:66,5,1,1
BRDA:98,6,0,0
BRDA:98,6,1,2
BRDA:102,7,0,1
BRDA:102,7,1,1
BRDA:106,8,0,0
BRDA:106,8,1,1
BRDA:112,9,0,0
BRDA:112,9,1,1
BRDA:137,10,0,0
BRDA:137,10,1,2
BRDA:149,11,0,0
BRDA:149,11,1,2
BRDA:165,12,0,0
BRDA:165,12,1,2
BRDA:165,13,0,2
BRDA:165,13,1,2
BRDA:183,14,0,1
BRDA:183,14,1,1
BRDA:191,15,0,0
BRDA:191,15,1,1
BRDA:210,16,0,0
BRDA:210,16,1,0
BRDA:211,17,0,0
BRDA:211,17,1,0
BRDA:212,18,0,0
BRDA:212,18,1,0
BRF:38
BRH:23
end_of_record
TN:
SF:src\controllers\cart.controller.js
FN:7,(anonymous_0)
FN:25,(anonymous_1)
FN:38,(anonymous_2)
FN:39,(anonymous_3)
FN:52,(anonymous_4)
FN:54,(anonymous_5)
FN:85,(anonymous_6)
FN:97,(anonymous_7)
FN:150,(anonymous_8)
FN:161,(anonymous_9)
FN:188,(anonymous_10)
FN:193,(anonymous_11)
FN:211,(anonymous_12)
FNF:13
FNH:9
FNDA:16,(anonymous_0)
FNDA:14,(anonymous_1)
FNDA:13,(anonymous_2)
FNDA:12,(anonymous_3)
FNDA:12,(anonymous_4)
FNDA:12,(anonymous_5)
FNDA:15,(anonymous_6)
FNDA:0,(anonymous_7)
FNDA:1,(anonymous_8)
FNDA:1,(anonymous_9)
FNDA:0,(anonymous_10)
FNDA:0,(anonymous_11)
FNDA:0,(anonymous_12)
DA:7,6
DA:8,16
DA:9,0
DA:12,16
DA:13,1
DA:16,15
DA:17,1
DA:20,14
DA:21,2
DA:25,6
DA:26,14
DA:28,14
DA:29,12
DA:35,14
DA:38,6
DA:39,13
DA:40,13
DA:46,13
DA:47,0
DA:50,13
DA:52,13
DA:53,12
DA:54,12
DA:57,12
DA:75,13
DA:85,6
DA:86,15
DA:88,15
DA:90,15
DA:91,15
DA:95,12
DA:96,12
DA:97,0
DA:100,12
DA:101,0
DA:102,0
DA:106,0
DA:107,0
DA:108,0
DA:109,0
DA:110,0
DA:111,0
DA:120,12
DA:139,12
DA:141,12
DA:143,12
DA:150,6
DA:151,1
DA:152,1
DA:154,1
DA:161,6
DA:162,1
DA:163,1
DA:164,1
DA:166,1
DA:167,0
DA:170,1
DA:171,1
DA:175,0
DA:176,0
DA:177,0
DA:179,0
DA:181,0
DA:188,6
DA:189,0
DA:190,0
DA:192,0
DA:193,0
DA:196,0
DA:197,0
DA:200,0
DA:202,0
DA:204,0
DA:211,6
DA:212,0
DA:213,0
DA:214,0
DA:216,0
DA:218,0
LF:79
LH:48
BRDA:7,0,0,0
BRDA:7,1,0,0
BRDA:8,2,0,0
BRDA:8,2,1,16
BRDA:12,3,0,1
BRDA:12,3,1,15
BRDA:12,4,0,16
BRDA:12,4,1,15
BRDA:16,5,0,1
BRDA:16,5,1,14
BRDA:20,6,0,2
BRDA:20,6,1,12
BRDA:28,7,0,12
BRDA:28,7,1,2
BRDA:39,8,0,12
BRDA:39,8,1,0
BRDA:46,9,0,0
BRDA:46,9,1,13
BRDA:59,10,0,12
BRDA:59,10,1,0
BRDA:60,11,0,12
BRDA:60,11,1,0
BRDA:61,12,0,12
BRDA:61,12,1,0
BRDA:62,13,0,12
BRDA:62,13,1,0
BRDA:62,13,2,0
BRDA:62,13,3,0
BRDA:63,14,0,12
BRDA:63,14,1,0
BRDA:63,14,2,0
BRDA:65,15,0,12
BRDA:65,15,1,0
BRDA:65,15,2,0
BRDA:65,15,3,0
BRDA:66,16,0,12
BRDA:66,16,1,11
BRDA:68,17,0,12
BRDA:68,17,1,0
BRDA:69,18,0,0
BRDA:69,18,1,0
BRDA:71,19,0,0
BRDA:71,19,1,0
BRDA:100,20,0,0
BRDA:100,20,1,12
BRDA:107,21,0,0
BRDA:107,21,1,0
BRDA:107,21,2,0
BRDA:108,22,0,0
BRDA:108,22,1,0
BRDA:110,23,0,0
BRDA:110,23,1,0
BRDA:110,23,2,0
BRDA:112,24,0,0
BRDA:112,24,1,0
BRDA:114,25,0,0
BRDA:114,25,1,0
BRDA:116,26,0,0
BRDA:116,26,1,0
BRDA:123,27,0,12
BRDA:123,27,1,0
BRDA:125,28,0,12
BRDA:125,28,1,0
BRDA:125,28,2,0
BRDA:126,29,0,12
BRDA:126,29,1,11
BRDA:128,30,0,0
BRDA:128,30,1,12
BRDA:130,31,0,0
BRDA:130,31,1,12
BRDA:132,32,0,12
BRDA:132,32,1,0
BRDA:166,33,0,0
BRDA:166,33,1,1
BRDA:176,34,0,0
BRDA:176,34,1,0
BRDA:196,35,0,0
BRDA:196,35,1,0
BRF:78
BRH:31
end_of_record
TN:
SF:src\controllers\category.controller.js
FN:7,(anonymous_0)
FN:35,(anonymous_1)
FN:46,(anonymous_2)
FN:60,(anonymous_3)
FN:101,(anonymous_4)
FNF:5
FNH:2
FNDA:3,(anonymous_0)
FNDA:0,(anonymous_1)
FNDA:1,(anonymous_2)
FNDA:0,(anonymous_3)
FNDA:0,(anonymous_4)
DA:7,6
DA:8,3
DA:10,3
DA:12,3
DA:16,3
DA:17,1
DA:20,2
DA:28,2
DA:35,6
DA:36,0
DA:38,0
DA:46,6
DA:47,1
DA:49,1
DA:50,0
DA:53,1
DA:60,6
DA:61,0
DA:62,0
DA:64,0
DA:65,0
DA:68,0
DA:70,0
DA:71,0
DA:72,0
DA:77,0
DA:78,0
DA:81,0
DA:82,0
DA:85,0
DA:86,0
DA:87,0
DA:89,0
DA:94,0
DA:101,6
DA:102,0
DA:104,0
DA:105,0
DA:108,0
DA:110,0
DA:111,0
DA:114,0
LF:42
LH:15
BRDA:16,0,0,1
BRDA:16,0,1,2
BRDA:49,1,0,0
BRDA:49,1,1,1
BRDA:64,2,0,0
BRDA:64,2,1,0
BRDA:70,3,0,0
BRDA:70,3,1,0
BRDA:77,4,0,0
BRDA:77,4,1,0
BRDA:85,5,0,0
BRDA:85,5,1,0
BRDA:86,6,0,0
BRDA:86,6,1,0
BRDA:87,7,0,0
BRDA:87,7,1,0
BRDA:104,8,0,0
BRDA:104,8,1,0
BRDA:110,9,0,0
BRDA:110,9,1,0
BRF:20
BRH:3
end_of_record
TN:
SF:src\controllers\order.controller.js
FN:18,(anonymous_0)
FN:19,(anonymous_1)
FN:28,(anonymous_2)
FN:49,(anonymous_3)
FN:52,(anonymous_4)
FN:54,(anonymous_5)
FN:96,(anonymous_6)
FN:127,(anonymous_7)
FN:132,(anonymous_8)
FN:188,(anonymous_9)
FN:205,(anonymous_10)
FN:226,(anonymous_11)
FN:259,(anonymous_12)
FNF:13
FNH:11
FNDA:11,(anonymous_0)
FNDA:11,(anonymous_1)
FNDA:11,(anonymous_2)
FNDA:11,(anonymous_3)
FNDA:11,(anonymous_4)
FNDA:11,(anonymous_5)
FNDA:10,(anonymous_6)
FNDA:1,(anonymous_7)
FNDA:12,(anonymous_8)
FNDA:0,(anonymous_9)
FNDA:1,(anonymous_10)
FNDA:1,(anonymous_11)
FNDA:0,(anonymous_12)
DA:11,6
DA:18,6
DA:19,11
DA:21,11
DA:28,6
DA:29,11
DA:30,0
DA:33,11
DA:34,0
DA:37,11
DA:38,0
DA:41,11
DA:42,1
DA:49,6
DA:50,11
DA:52,11
DA:53,11
DA:54,11
DA:57,11
DA:58,0
DA:60,11
DA:62,10
DA:93,10
DA:96,6
DA:97,10
DA:98,10
DA:108,0
DA:109,0
DA:112,0
DA:113,0
DA:123,0
DA:127,6
DA:128,1
DA:132,6
DA:133,12
DA:135,12
DA:136,1
DA:139,11
DA:141,11
DA:142,0
DA:145,11
DA:147,10
DA:161,10
DA:162,10
DA:164,10
DA:165,10
DA:167,10
DA:183,0
DA:184,0
DA:188,6
DA:189,0
DA:193,0
DA:205,6
DA:206,1
DA:208,1
DA:209,0
DA:212,1
DA:213,1
DA:215,1
DA:216,1
DA:219,0
DA:226,6
DA:227,1
DA:228,1
DA:229,1
DA:230,1
DA:232,1
DA:233,0
DA:236,1
DA:237,0
DA:240,1
DA:241,1
DA:247,1
DA:259,6
DA:260,0
DA:262,0
DA:263,0
DA:266,0
DA:267,0
DA:269,0
DA:271,0
LF:81
LH:56
BRDA:11,0,0,0
BRDA:11,0,1,6
BRDA:19,1,0,11
BRDA:19,1,1,0
BRDA:28,2,0,0
BRDA:29,3,0,0
BRDA:29,3,1,11
BRDA:33,4,0,0
BRDA:33,4,1,11
BRDA:33,5,0,11
BRDA:33,5,1,11
BRDA:34,6,0,0
BRDA:34,6,1,0
BRDA:37,7,0,0
BRDA:37,7,1,11
BRDA:38,8,0,0
BRDA:38,8,1,0
BRDA:41,9,0,1
BRDA:41,9,1,10
BRDA:44,10,0,1
BRDA:44,10,1,0
BRDA:57,11,0,0
BRDA:57,11,1,11
BRDA:60,12,0,11
BRDA:60,12,1,0
BRDA:64,13,0,10
BRDA:64,13,1,0
BRDA:65,14,0,10
BRDA:65,14,1,0
BRDA:65,14,2,0
BRDA:66,15,0,10
BRDA:66,15,1,0
BRDA:68,16,0,10
BRDA:68,16,1,0
BRDA:68,16,2,0
BRDA:68,16,3,0
BRDA:69,17,0,10
BRDA:69,17,1,9
BRDA:70,18,0,10
BRDA:70,18,1,0
BRDA:70,18,2,0
BRDA:71,19,0,10
BRDA:71,19,1,0
BRDA:73,20,0,10
BRDA:73,20,1,0
BRDA:73,20,2,0
BRDA:73,20,3,0
BRDA:75,21,0,10
BRDA:75,21,1,0
BRDA:76,22,0,10
BRDA:76,22,1,0
BRDA:77,23,0,10
BRDA:77,23,1,0
BRDA:78,24,0,10
BRDA:78,24,1,0
BRDA:97,25,0,10
BRDA:97,25,1,0
BRDA:108,26,0,0
BRDA:108,26,1,0
BRDA:123,27,0,0
BRDA:123,27,1,0
BRDA:135,28,0,1
BRDA:135,28,1,11
BRDA:135,29,0,12
BRDA:135,29,1,11
BRDA:141,30,0,0
BRDA:141,30,1,11
BRDA:154,31,0,10
BRDA:154,31,1,0
BRDA:155,32,0,10
BRDA:155,32,1,0
BRDA:175,33,0,10
BRDA:175,33,1,0
BRDA:177,34,0,10
BRDA:177,34,1,0
BRDA:208,35,0,0
BRDA:208,35,1,1
BRDA:215,36,0,1
BRDA:215,36,1,0
BRDA:215,37,0,1
BRDA:215,37,1,1
BRDA:227,38,0,1
BRDA:227,38,1,1
BRDA:228,39,0,1
BRDA:228,39,1,1
BRDA:232,40,0,0
BRDA:232,40,1,1
BRDA:236,41,0,0
BRDA:236,41,1,1
BRDA:253,42,0,1
BRDA:253,42,1,0
BRDA:262,43,0,0
BRDA:262,43,1,0
BRF:93
BRH:46
end_of_record
TN:
SF:src\controllers\payment.controller.js
FN:10,(anonymous_0)
FN:12,(anonymous_1)
FN:26,(anonymous_2)
FN:32,(anonymous_3)
FN:44,(anonymous_4)
FN:57,(anonymous_5)
FN:175,(anonymous_6)
FN:201,(anonymous_7)
FNF:8
FNH:8
FNDA:4,(anonymous_0)
FNDA:6,(anonymous_1)
FNDA:2,(anonymous_2)
FNDA:1,(anonymous_3)
FNDA:1,(anonymous_4)
FNDA:5,(anonymous_5)
FNDA:7,(anonymous_6)
FNDA:6,(anonymous_7)
DA:10,6
DA:12,6
DA:13,6
DA:14,0
DA:17,6
DA:18,1
DA:21,5
DA:22,0
DA:26,6
DA:27,2
DA:28,1
DA:31,1
DA:32,1
DA:44,6
DA:45,1
DA:57,6
DA:64,5
DA:65,1
DA:68,4
DA:69,4
DA:74,4
DA:75,0
DA:78,4
DA:79,4
DA:80,4
DA:82,4
DA:83,4
DA:84,4
DA:88,4
DA:89,0
DA:92,4
DA:93,0
DA:96,4
DA:97,1
DA:100,3
DA:101,0
DA:104,3
DA:105,3
DA:106,3
DA:107,3
DA:109,3
DA:115,3
DA:116,3
DA:137,3
DA:138,0
DA:139,0
DA:140,0
DA:143,0
DA:144,0
DA:145,0
DA:148,0
DA:151,3
DA:153,3
DA:159,2
DA:161,2
DA:162,2
DA:163,1
DA:166,2
DA:167,2
DA:171,2
DA:175,6
DA:176,7
DA:178,7
DA:179,0
DA:183,7
DA:188,7
DA:197,7
DA:198,1
DA:201,6
DA:202,6
DA:206,6
DA:212,5
DA:221,3
LF:73
LH:59
BRDA:10,0,0,0
BRDA:10,1,0,0
BRDA:10,1,1,4
BRDA:13,2,0,0
BRDA:13,2,1,6
BRDA:17,3,0,1
BRDA:17,3,1,5
BRDA:21,4,0,0
BRDA:21,4,1,5
BRDA:27,5,0,1
BRDA:27,5,1,1
BRDA:62,6,0,0
BRDA:64,7,0,1
BRDA:64,7,1,4
BRDA:74,8,0,0
BRDA:74,8,1,4
BRDA:84,9,0,0
BRDA:84,9,1,4
BRDA:88,10,0,0
BRDA:88,10,1,4
BRDA:92,11,0,0
BRDA:92,11,1,4
BRDA:92,12,0,4
BRDA:92,12,1,4
BRDA:96,13,0,1
BRDA:96,13,1,3
BRDA:100,14,0,0
BRDA:100,14,1,3
BRDA:105,15,0,3
BRDA:105,15,1,3
BRDA:137,16,0,0
BRDA:137,16,1,3
BRDA:138,17,0,0
BRDA:138,17,1,0
BRDA:144,18,0,0
BRDA:144,18,1,0
BRDA:161,19,0,2
BRDA:161,19,1,0
BRDA:162,20,0,1
BRDA:162,20,1,1
BRDA:166,21,0,2
BRDA:166,21,1,0
BRDA:178,22,0,0
BRDA:178,22,1,7
BRDA:178,23,0,7
BRDA:178,23,1,7
BRDA:183,24,0,7
BRDA:183,24,1,7
BRDA:183,24,2,7
BRDA:183,24,3,7
BRDA:188,25,0,6
BRDA:188,25,1,1
BRDA:197,26,0,1
BRDA:197,26,1,6
BRDA:202,27,0,0
BRDA:202,27,1,6
BRDA:223,28,0,1
BRDA:223,28,1,2
BRF:58
BRH:39
end_of_record
TN:
SF:src\controllers\product.controller.js
FN:18,(anonymous_0)
FN:34,(anonymous_1)
FN:48,(anonymous_2)
FN:60,(anonymous_3)
FN:74,(anonymous_4)
FN:80,(anonymous_5)
FN:117,(anonymous_6)
FN:125,(anonymous_7)
FN:132,(anonymous_8)
FN:149,(anonymous_9)
FN:170,(anonymous_10)
FN:172,(anonymous_11)
FN:176,(anonymous_12)
FN:179,(anonymous_13)
FN:183,(anonymous_14)
FN:183,(anonymous_15)
FN:185,(anonymous_16)
FN:187,(anonymous_17)
FN:202,(anonymous_18)
FN:209,(anonymous_19)
FN:212,(anonymous_20)
FN:214,(anonymous_21)
FN:215,(anonymous_22)
FN:220,(anonymous_23)
FN:222,(anonymous_24)
FN:226,(anonymous_25)
FN:242,(anonymous_26)
FN:244,(anonymous_27)
FN:257,(anonymous_28)
FN:289,(anonymous_29)
FN:376,(anonymous_30)
FN:456,(anonymous_31)
FN:462,(anonymous_32)
FN:478,(anonymous_33)
FN:522,(anonymous_34)
FN:543,(anonymous_35)
FN:547,(anonymous_36)
FN:566,(anonymous_37)
FN:612,(anonymous_38)
FN:616,(anonymous_39)
FN:716,(anonymous_40)
FN:740,(anonymous_41)
FN:741,(anonymous_42)
FN:763,(anonymous_43)
FNF:44
FNH:39
FNDA:20,(anonymous_0)
FNDA:22,(anonymous_1)
FNDA:20,(anonymous_2)
FNDA:20,(anonymous_3)
FNDA:21,(anonymous_4)
FNDA:21,(anonymous_5)
FNDA:7,(anonymous_6)
FNDA:0,(anonymous_7)
FNDA:27,(anonymous_8)
FNDA:28,(anonymous_9)
FNDA:28,(anonymous_10)
FNDA:26,(anonymous_11)
FNDA:28,(anonymous_12)
FNDA:28,(anonymous_13)
FNDA:7,(anonymous_14)
FNDA:3,(anonymous_15)
FNDA:5,(anonymous_16)
FNDA:6,(anonymous_17)
FNDA:1,(anonymous_18)
FNDA:1,(anonymous_19)
FNDA:1,(anonymous_20)
FNDA:1,(anonymous_21)
FNDA:1,(anonymous_22)
FNDA:1,(anonymous_23)
FNDA:0,(anonymous_24)
FNDA:8,(anonymous_25)
FNDA:6,(anonymous_26)
FNDA:113,(anonymous_27)
FNDA:5,(anonymous_28)
FNDA:6,(anonymous_29)
FNDA:8,(anonymous_30)
FNDA:6,(anonymous_31)
FNDA:6,(anonymous_32)
FNDA:6,(anonymous_33)
FNDA:8,(anonymous_34)
FNDA:6,(anonymous_35)
FNDA:4,(anonymous_36)
FNDA:0,(anonymous_37)
FNDA:0,(anonymous_38)
FNDA:0,(anonymous_39)
FNDA:1,(anonymous_40)
FNDA:1,(anonymous_41)
FNDA:1,(anonymous_42)
FNDA:2,(anonymous_43)
DA:13,6
DA:18,6
DA:19,20
DA:20,20
DA:21,20
DA:23,20
DA:34,22
DA:46,6
DA:48,6
DA:49,20
DA:50,20
DA:51,20
DA:58,20
DA:60,20
DA:61,20
DA:62,20
DA:70,20
DA:72,20
DA:74,21
DA:80,21
DA:117,6
DA:118,7
DA:119,2
DA:122,5
DA:123,0
DA:125,0
DA:129,5
DA:132,6
DA:140,27
DA:148,27
DA:150,28
DA:151,1
DA:159,27
DA:160,27
DA:168,0
DA:170,28
DA:172,27
DA:173,0
DA:176,28
DA:179,28
DA:183,7
DA:185,6
DA:186,5
DA:188,6
DA:193,6
DA:202,6
DA:203,1
DA:209,1
DA:212,6
DA:213,1
DA:214,1
DA:215,1
DA:217,1
DA:220,6
DA:221,1
DA:222,0
DA:226,6
DA:227,8
DA:229,0
DA:231,0
DA:233,0
DA:235,0
DA:238,8
DA:242,6
DA:243,6
DA:244,113
DA:245,6
DA:246,6
DA:247,6
DA:248,6
DA:257,6
DA:259,6
DA:289,6
DA:376,6
DA:377,8
DA:379,8
DA:380,0
DA:383,8
DA:384,0
DA:387,8
DA:388,0
DA:391,8
DA:392,0
DA:395,8
DA:396,0
DA:399,8
DA:400,0
DA:403,8
DA:404,1
DA:407,8
DA:408,0
DA:411,8
DA:412,1
DA:415,8
DA:416,0
DA:417,0
DA:418,0
DA:422,0
DA:423,0
DA:428,0
DA:429,0
DA:434,0
DA:437,8
DA:438,0
DA:445,0
DA:446,0
DA:447,0
DA:449,0
DA:453,8
DA:456,6
DA:457,6
DA:458,0
DA:462,6
DA:463,6
DA:464,6
DA:465,0
DA:468,6
DA:469,6
DA:470,0
DA:473,6
DA:474,1
DA:478,6
DA:479,6
DA:480,6
DA:481,6
DA:489,6
DA:490,6
DA:491,6
DA:493,6
DA:497,6
DA:498,0
DA:501,6
DA:502,6
DA:504,5
DA:509,5
DA:511,5
DA:517,1
DA:518,1
DA:522,6
DA:523,8
DA:524,8
DA:525,8
DA:526,8
DA:527,8
DA:529,8
DA:535,8
DA:543,6
DA:547,6
DA:548,4
DA:549,4
DA:555,4
DA:556,1
DA:559,3
DA:566,6
DA:567,0
DA:568,0
DA:574,0
DA:575,0
DA:578,0
DA:580,0
DA:581,0
DA:584,0
DA:585,0
DA:588,0
DA:589,0
DA:592,0
DA:593,0
DA:596,0
DA:608,0
DA:612,0
DA:616,6
DA:617,0
DA:618,0
DA:620,0
DA:621,0
DA:624,0
DA:625,0
DA:633,0
DA:634,0
DA:637,0
DA:642,0
DA:643,0
DA:644,0
DA:647,0
DA:648,0
DA:651,0
DA:652,0
DA:653,0
DA:654,0
DA:655,0
DA:656,0
DA:660,0
DA:662,0
DA:664,0
DA:666,0
DA:668,0
DA:669,0
DA:672,0
DA:674,0
DA:675,0
DA:680,0
DA:681,0
DA:685,0
DA:686,0
DA:691,0
DA:692,0
DA:696,0
DA:700,0
DA:701,0
DA:703,0
DA:705,0
DA:711,0
DA:712,0
DA:716,6
DA:717,1
DA:718,1
DA:720,1
DA:721,0
DA:724,1
DA:725,0
DA:728,1
DA:729,1
DA:735,1
DA:736,1
DA:740,1
DA:741,1
DA:750,1
DA:752,1
DA:758,0
DA:759,0
DA:763,6
DA:764,2
DA:766,2
DA:767,0
DA:770,2
DA:771,2
DA:772,2
DA:773,2
DA:774,2
DA:776,2
LF:240
LH:144
BRDA:18,0,0,0
BRDA:19,1,0,20
BRDA:19,1,1,1
BRDA:20,2,0,20
BRDA:20,2,1,0
BRDA:26,3,0,20
BRDA:26,3,1,20
BRDA:29,4,0,20
BRDA:29,4,1,19
BRDA:30,5,0,1
BRDA:30,5,1,19
BRDA:34,6,0,18
BRDA:48,7,0,3
BRDA:49,8,0,20
BRDA:49,8,1,4
BRDA:50,9,0,20
BRDA:50,9,1,0
BRDA:53,10,0,20
BRDA:53,10,1,0
BRDA:53,10,2,0
BRDA:55,11,0,20
BRDA:55,11,1,0
BRDA:58,12,0,9
BRDA:58,12,1,11
BRDA:60,13,0,20
BRDA:60,13,1,0
BRDA:60,13,2,0
BRDA:61,14,0,20
BRDA:61,14,1,0
BRDA:61,14,2,0
BRDA:61,14,3,0
BRDA:62,15,0,20
BRDA:62,15,1,0
BRDA:79,16,0,20
BRDA:79,16,1,0
BRDA:79,16,2,0
BRDA:82,17,0,20
BRDA:82,17,1,0
BRDA:92,18,0,20
BRDA:92,18,1,0
BRDA:95,19,0,20
BRDA:95,19,1,0
BRDA:107,20,0,20
BRDA:107,20,1,0
BRDA:118,21,0,2
BRDA:118,21,1,5
BRDA:122,22,0,0
BRDA:122,22,1,5
BRDA:133,23,0,2
BRDA:134,24,0,0
BRDA:135,25,0,6
BRDA:136,26,0,5
BRDA:137,27,0,7
BRDA:140,28,0,25
BRDA:140,28,1,2
BRDA:140,29,0,27
BRDA:140,29,1,27
BRDA:142,30,0,0
BRDA:142,30,1,2
BRDA:142,31,0,2
BRDA:142,31,1,2
BRDA:144,32,0,1
BRDA:144,32,1,1
BRDA:150,33,0,1
BRDA:150,33,1,27
BRDA:153,34,0,1
BRDA:153,34,1,0
BRDA:154,35,0,1
BRDA:154,35,1,0
BRDA:159,36,0,27
BRDA:159,36,1,0
BRDA:159,37,0,27
BRDA:159,37,1,27
BRDA:161,38,0,27
BRDA:161,38,1,9
BRDA:162,39,0,27
BRDA:162,39,1,0
BRDA:162,39,2,0
BRDA:163,40,0,27
BRDA:163,40,1,0
BRDA:163,40,2,0
BRDA:172,41,0,0
BRDA:172,41,1,27
BRDA:172,42,0,27
BRDA:172,42,1,26
BRDA:178,43,0,28
BRDA:178,43,1,0
BRDA:178,43,2,0
BRDA:179,44,0,28
BRDA:179,44,1,0
BRDA:185,45,0,0
BRDA:185,46,0,0
BRDA:185,47,0,0
BRDA:190,48,0,6
BRDA:190,48,1,0
BRDA:196,49,0,6
BRDA:196,49,1,3
BRDA:196,49,2,0
BRDA:205,50,0,1
BRDA:205,50,1,0
BRDA:205,50,2,0
BRDA:207,51,0,1
BRDA:207,51,1,0
BRDA:214,52,0,1
BRDA:214,52,1,0
BRDA:220,53,0,0
BRDA:222,54,0,1
BRDA:222,54,1,0
BRDA:227,55,0,0
BRDA:227,55,1,0
BRDA:227,55,2,0
BRDA:227,55,3,0
BRDA:227,55,4,0
BRDA:227,55,5,8
BRDA:242,56,0,0
BRDA:242,57,0,0
BRDA:245,58,0,6
BRDA:245,58,1,6
BRDA:245,58,2,0
BRDA:246,59,0,6
BRDA:246,59,1,0
BRDA:246,59,2,0
BRDA:247,60,0,0
BRDA:247,60,1,6
BRDA:247,61,0,0
BRDA:247,61,1,0
BRDA:248,62,0,4
BRDA:248,62,1,2
BRDA:249,63,0,4
BRDA:249,63,1,0
BRDA:252,64,0,2
BRDA:252,64,1,0
BRDA:254,65,0,2
BRDA:254,65,1,1
BRDA:257,66,0,6
BRDA:257,66,1,1
BRDA:257,66,2,1
BRDA:261,67,0,6
BRDA:261,67,1,0
BRDA:261,68,0,6
BRDA:261,68,1,6
BRDA:267,69,0,6
BRDA:267,69,1,0
BRDA:267,70,0,6
BRDA:267,70,1,6
BRDA:267,70,2,6
BRDA:269,71,0,0
BRDA:269,71,1,6
BRDA:271,72,0,6
BRDA:271,72,1,0
BRDA:274,73,0,6
BRDA:274,73,1,0
BRDA:274,74,0,6
BRDA:274,74,1,5
BRDA:274,74,2,5
BRDA:274,74,3,1
BRDA:280,75,0,6
BRDA:280,75,1,1
BRDA:280,75,2,1
BRDA:280,75,3,1
BRDA:283,76,0,6
BRDA:283,76,1,1
BRDA:283,76,2,1
BRDA:283,76,3,1
BRDA:287,77,0,6
BRDA:287,77,1,0
BRDA:287,78,0,6
BRDA:287,78,1,6
BRDA:287,78,2,6
BRDA:287,78,3,1
BRDA:293,79,0,0
BRDA:293,79,1,6
BRDA:295,80,0,0
BRDA:295,80,1,0
BRDA:298,81,0,0
BRDA:298,81,1,6
BRDA:300,82,0,0
BRDA:300,82,1,0
BRDA:305,83,0,0
BRDA:305,83,1,6
BRDA:308,84,0,0
BRDA:308,84,1,0
BRDA:308,85,0,0
BRDA:308,85,1,0
BRDA:313,86,0,0
BRDA:313,86,1,6
BRDA:315,87,0,0
BRDA:315,87,1,0
BRDA:318,88,0,0
BRDA:318,88,1,6
BRDA:323,89,0,6
BRDA:323,89,1,0
BRDA:323,90,0,6
BRDA:323,90,1,6
BRDA:326,91,0,0
BRDA:326,91,1,6
BRDA:331,92,0,0
BRDA:331,92,1,6
BRDA:335,93,0,0
BRDA:335,93,1,0
BRDA:335,93,2,0
BRDA:338,94,0,0
BRDA:338,94,1,0
BRDA:338,94,2,0
BRDA:338,94,3,0
BRDA:343,95,0,0
BRDA:343,95,1,0
BRDA:344,96,0,0
BRDA:344,96,1,0
BRDA:346,97,0,0
BRDA:346,97,1,0
BRDA:346,97,2,0
BRDA:349,98,0,0
BRDA:349,98,1,0
BRDA:349,98,2,0
BRDA:349,98,3,0
BRDA:349,98,4,0
BRDA:351,99,0,0
BRDA:351,99,1,0
BRDA:352,100,0,0
BRDA:352,100,1,0
BRDA:356,101,0,0
BRDA:356,101,1,6
BRDA:356,102,0,6
BRDA:356,102,1,6
BRDA:359,103,0,0
BRDA:359,103,1,0
BRDA:359,103,2,0
BRDA:359,103,3,0
BRDA:363,104,0,0
BRDA:363,104,1,6
BRDA:363,105,0,6
BRDA:363,105,1,6
BRDA:366,106,0,0
BRDA:366,106,1,0
BRDA:366,106,2,0
BRDA:366,106,3,0
BRDA:376,107,0,0
BRDA:379,108,0,0
BRDA:379,108,1,8
BRDA:383,109,0,0
BRDA:383,109,1,8
BRDA:387,110,0,0
BRDA:387,110,1,8
BRDA:391,111,0,0
BRDA:391,111,1,8
BRDA:395,112,0,0
BRDA:395,112,1,8
BRDA:399,113,0,0
BRDA:399,113,1,8
BRDA:403,114,0,1
BRDA:403,114,1,7
BRDA:404,115,0,1
BRDA:404,115,1,0
BRDA:407,116,0,0
BRDA:407,116,1,8
BRDA:411,117,0,1
BRDA:411,117,1,7
BRDA:415,118,0,0
BRDA:415,118,1,8
BRDA:415,119,0,8
BRDA:415,119,1,8
BRDA:422,120,0,0
BRDA:422,120,1,0
BRDA:428,121,0,0
BRDA:428,121,1,0
BRDA:434,122,0,0
BRDA:434,122,1,0
BRDA:437,123,0,0
BRDA:437,123,1,8
BRDA:445,124,0,0
BRDA:445,124,1,0
BRDA:457,125,0,0
BRDA:457,125,1,6
BRDA:457,126,0,6
BRDA:457,126,1,6
BRDA:464,127,0,0
BRDA:464,127,1,6
BRDA:469,128,0,0
BRDA:469,128,1,6
BRDA:473,129,0,1
BRDA:473,129,1,5
BRDA:481,130,0,4
BRDA:481,130,1,2
BRDA:484,131,0,4
BRDA:484,131,1,0
BRDA:484,131,2,0
BRDA:497,132,0,0
BRDA:497,132,1,6
BRDA:501,133,0,6
BRDA:501,133,1,5
BRDA:506,134,0,5
BRDA:506,134,1,0
BRDA:507,135,0,5
BRDA:507,135,1,0
BRDA:541,136,0,8
BRDA:541,136,1,2
BRDA:555,137,0,1
BRDA:555,137,1,3
BRDA:574,138,0,0
BRDA:574,138,1,0
BRDA:580,139,0,0
BRDA:580,139,1,0
BRDA:584,140,0,0
BRDA:584,140,1,0
BRDA:588,141,0,0
BRDA:588,141,1,0
BRDA:592,142,0,0
BRDA:592,142,1,0
BRDA:596,143,0,0
BRDA:596,143,1,0
BRDA:620,144,0,0
BRDA:620,144,1,0
BRDA:625,145,0,0
BRDA:625,145,1,0
BRDA:628,146,0,0
BRDA:628,146,1,0
BRDA:628,146,2,0
BRDA:628,146,3,0
BRDA:628,146,4,0
BRDA:635,147,0,0
BRDA:635,147,1,0
BRDA:639,148,0,0
BRDA:639,148,1,0
BRDA:639,148,2,0
BRDA:642,149,0,0
BRDA:642,149,1,0
BRDA:642,150,0,0
BRDA:642,150,1,0
BRDA:647,151,0,0
BRDA:647,151,1,0
BRDA:647,152,0,0
BRDA:647,152,1,0
BRDA:647,152,2,0
BRDA:651,153,0,0
BRDA:651,153,1,0
BRDA:651,154,0,0
BRDA:651,154,1,0
BRDA:651,154,2,0
BRDA:654,155,0,0
BRDA:654,155,1,0
BRDA:654,156,0,0
BRDA:654,156,1,0
BRDA:660,157,0,0
BRDA:660,157,1,0
BRDA:662,158,0,0
BRDA:662,158,1,0
BRDA:664,159,0,0
BRDA:664,159,1,0
BRDA:666,160,0,0
BRDA:666,160,1,0
BRDA:668,161,0,0
BRDA:668,161,1,0
BRDA:668,162,0,0
BRDA:668,162,1,0
BRDA:674,163,0,0
BRDA:674,163,1,0
BRDA:680,164,0,0
BRDA:680,164,1,0
BRDA:685,165,0,0
BRDA:685,165,1,0
BRDA:691,166,0,0
BRDA:691,166,1,0
BRDA:700,167,0,0
BRDA:700,167,1,0
BRDA:720,168,0,0
BRDA:720,168,1,1
BRDA:724,169,0,0
BRDA:724,169,1,1
BRDA:731,170,0,1
BRDA:731,170,1,0
BRDA:731,170,2,0
BRDA:741,171,0,1
BRDA:741,171,1,0
BRDA:741,171,2,0
BRDA:742,172,0,1
BRDA:742,172,1,0
BRDA:743,173,0,1
BRDA:743,173,1,0
BRDA:743,173,2,0
BRDA:766,174,0,0
BRDA:766,174,1,2
BRDA:773,175,0,2
BRDA:773,175,1,0
BRDA:773,175,2,0
BRF:385
BRH:165
end_of_record
TN:
SF:src\controllers\subcategory.controller.js
FN:8,(anonymous_0)
FN:42,(anonymous_1)
FN:60,(anonymous_2)
FN:77,(anonymous_3)
FN:132,(anonymous_4)
FNF:5
FNH:1
FNDA:3,(anonymous_0)
FNDA:0,(anonymous_1)
FNDA:0,(anonymous_2)
FNDA:0,(anonymous_3)
FNDA:0,(anonymous_4)
DA:8,6
DA:9,3
DA:11,3
DA:12,3
DA:13,1
DA:16,2
DA:18,2
DA:23,2
DA:24,0
DA:27,2
DA:35,2
DA:42,6
DA:43,0
DA:44,0
DA:45,0
DA:48,0
DA:52,0
DA:60,6
DA:61,0
DA:66,0
DA:67,0
DA:70,0
DA:77,6
DA:78,0
DA:79,0
DA:81,0
DA:82,0
DA:85,0
DA:86,0
DA:87,0
DA:88,0
DA:90,0
DA:91,0
DA:92,0
DA:93,0
DA:97,0
DA:103,0
DA:104,0
DA:107,0
DA:108,0
DA:109,0
DA:112,0
DA:113,0
DA:114,0
DA:116,0
DA:125,0
DA:132,6
DA:133,0
DA:137,0
DA:138,0
DA:141,0
DA:143,0
DA:144,0
DA:147,0
LF:54
LH:14
BRDA:12,0,0,1
BRDA:12,0,1,2
BRDA:23,1,0,0
BRDA:23,1,1,2
BRDA:44,2,0,0
BRDA:44,2,1,0
BRDA:66,3,0,0
BRDA:66,3,1,0
BRDA:81,4,0,0
BRDA:81,4,1,0
BRDA:86,5,0,0
BRDA:86,5,1,0
BRDA:87,6,0,0
BRDA:87,6,1,0
BRDA:90,7,0,0
BRDA:90,7,1,0
BRDA:92,8,0,0
BRDA:92,8,1,0
BRDA:103,9,0,0
BRDA:103,9,1,0
BRDA:107,10,0,0
BRDA:107,10,1,0
BRDA:112,11,0,0
BRDA:112,11,1,0
BRDA:113,12,0,0
BRDA:113,12,1,0
BRDA:114,13,0,0
BRDA:114,13,1,0
BRDA:137,14,0,0
BRDA:137,14,1,0
BRDA:143,15,0,0
BRDA:143,15,1,0
BRF:32
BRH:3
end_of_record
TN:
SF:src\middlewares\auth.middleware.js
FN:7,(anonymous_0)
FNF:1
FNH:1
FNDA:98,(anonymous_0)
DA:7,6
DA:10,98
DA:14,95
DA:17,98
DA:18,3
DA:23,95
DA:24,95
DA:26,0
DA:29,95
DA:31,95
DA:32,0
DA:35,95
DA:36,95
LF:13
LH:11
BRDA:10,0,0,95
BRDA:10,0,1,3
BRDA:11,1,0,98
BRDA:11,1,1,95
BRDA:17,2,0,3
BRDA:17,2,1,95
BRDA:31,3,0,0
BRDA:31,3,1,95
BRDA:31,4,0,95
BRDA:31,4,1,95
BRF:10
BRH:9
end_of_record
TN:
SF:src\middlewares\error.middleware.js
FN:1,(anonymous_0)
FN:29,(anonymous_1)
FNF:2
FNH:1
FNDA:29,(anonymous_0)
FNDA:0,(anonymous_1)
DA:1,6
DA:2,29
DA:3,29
DA:5,29
DA:6,1
DA:7,1
DA:15,29
DA:16,0
DA:17,0
DA:20,29
DA:21,0
DA:22,0
DA:23,0
DA:26,29
DA:27,0
DA:28,0
DA:29,0
DA:33,29
LF:18
LH:10
BRDA:2,0,0,29
BRDA:2,0,1,2
BRDA:3,1,0,29
BRDA:3,1,1,0
BRDA:5,2,0,1
BRDA:5,2,1,28
BRDA:8,3,0,1
BRDA:8,3,1,0
BRDA:10,4,0,0
BRDA:10,4,1,0
BRDA:15,5,0,0
BRDA:15,5,1,29
BRDA:20,6,0,0
BRDA:20,6,1,29
BRDA:26,7,0,0
BRDA:26,7,1,29
BRDA:36,8,0,29
BRDA:36,8,1,0
BRF:18
BRH:10
end_of_record
TN:
SF:src\middlewares\notFound.middleware.js
FN:3,(anonymous_0)
FNF:1
FNH:1
FNDA:1,(anonymous_0)
DA:3,6
DA:4,1
LF:2
LH:2
BRF:0
BRH:0
end_of_record
TN:
SF:src\utils\verifyRazorpaySignature.js
FN:3,(anonymous_0)
FNF:1
FNH:1
FNDA:1,(anonymous_0)
DA:3,6
DA:9,1
DA:10,1
DA:15,1
LF:4
LH:4
BRF:0
BRH:0
end_of_record
